procs -----------memory---------- ---swap-- -----io---- --system-- -----cpu------
 r  b   swpd   free   buff  cache   si   so    bi    bo   in   cs us sy id wa st
15  0      0 74496896 143552 1080672    0    0     0     0    6    8 12  6 82  0  0
 7  0      0 73363720 143552 1081044    0    0     0    78 186507 135901 35  6 59  0  0
13  0      0 73133560 143556 1081072    0    0     0    14 309285 188369 17  7 76  0  0
 5  0      0 72827792 143556 1081072    0    0     0     3 388637 220234 19  7 74  0  0
 4  0      0 72480632 143556 1081072    0    0     0     0 390944 225087 23  7 71  0  0
26  0      0 71788960 143556 1081072    0    0     0     8 215694 217657 29  8 63  0  0
 7  0      0 70408856 143560 1081072    0    0     0     6 32952 268973 28 11 61  0  0
22  0      0 68995008 143560 1081076    0    0     0    75 31910 279467 23 12 65  0  0
15  0      0 67991008 143560 1081108    0    0     0     6 32508 294092 23 11 65  0  0
 7  0      0 67376328 143564 1081076    0    0     0     6 33213 291138 23 11 66  0  0
13  0      0 66834224 143564 1081076    0    0     0     0 30745 265920 20 12 68  0  0
17  0      0 66199248 143564 1081076    0    0     0     0 29649 251022 19 12 69  0  0
 8  0      0 65668824 143564 1081108    0    0     0     2 29589 252315 19 12 69  0  0
 6  0      0 65200104 143564 1081108    0    0     0    33 29386 250289 19 12 69  0  0
12  0      0 65004512 143564 1081080    0    0     0    22 29952 248127 19 12 70  0  0
 6  0      0 65000352 143564 1081080    0    0     0     8 29219 255381 19 12 70  0  0
12  0      0 64946172 143564 1081112    0    0     0     0 29206 254724 19 11 69  0  0
10  0      0 64935500 143568 1081112    0    0     0     6 29241 258410 19 12 69  0  0
 7  0      0 64949500 143568 1081080    0    0     0     0 29150 257743 19 11 70  0  0
 9  0      0 64950076 143572 1081120    0    0     0    33 28541 252408 18 12 70  0  0
10  0      0 64934720 143576 1081152    0    0     0    18 28614 255128 18 11 70  0  0
procs -----------memory---------- ---swap-- -----io---- --system-- -----cpu------
 r  b   swpd   free   buff  cache   si   so    bi    bo   in   cs us sy id wa st
 4  0      0 64923644 143584 1081152    0    0     0     6 29010 256324 19 12 70  0  0
 5  0      0 64932056 143584 1081124    0    0     0     0 29189 255271 19 11 70  0  0
 7  0      0 64932224 143584 1081124    0    0     0     6 28496 252075 18 11 70  0  0
 9  0      0 64919608 143584 1081156    0    0     0     0 28408 252408 18 11 70  0  0
10  0      0 64913460 143592 1081156    0    0     0    26 29090 257603 19 12 70  0  0
 7  0      0 64893780 143596 1081124    0    0     0    20 29170 255383 19 12 70  0  0
 8  0      0 64894208 143596 1081128    0    0     0    10 28712 252968 19 11 70  0  0
 9  0      0 64892604 143596 1081128    0    0     0     2 28611 250750 18 12 70  0  0
 5  0      0 64890216 143596 1081128    0    0     0     2 29150 258219 19 12 70  0  0
14  0      0 64888556 143596 1081128    0    0     0     6 29156 256693 19 12 70  0  0
 8  0      0 64880344 143600 1081128    0    0     0    19 28794 254117 19 12 70  0  0
10  0      0 64880004 143604 1081128    0    0     0    15 28730 253487 18 12 70  0  0
 7  0      0 64880404 143604 1081128    0    0     0    15 29416 258358 19 12 70  0  0
 6  0      0 64879860 143604 1081132    0    0     0     6 29046 258269 19 12 69  0  0
10  0      0 64877328 143608 1081128    0    0     0     2 28657 252458 18 12 70  0  0
 4  0      0 64877524 143608 1081132    0    0     0     2 28703 252881 18 12 70  0  0
 9  0      0 64875948 143608 1081132    0    0     0    22 30269 266609 19 12 69  0  0
 7  0      0 64873932 143608 1081132    0    0     0    22 30098 266075 19 11 69  0  0
 5  0      0 64845920 143608 1081164    0    0     0    14 29480 259709 19 11 70  0  0
10  0      0 64867328 143608 1081132    0    0     0    10 29206 256808 19 12 70  0  0
 3  0      0 64865412 143608 1081176    0    0     0     6 30181 265528 19 12 69  0  0
procs -----------memory---------- ---swap-- -----io---- --system-- -----cpu------
 r  b   swpd   free   buff  cache   si   so    bi    bo   in   cs us sy id wa st
 8  0      0 64865788 143608 1081176    0    0     0     0 30321 266257 19 12 69  0  0
12  0      0 64864304 143608 1081180    0    0     0    22 30072 263950 19 12 69  0  0
 7  0      0 64852052 143608 1081180    0    0     0    16 28635 253442 18 12 70  0  0
 8  0      0 64865348 143608 1081180    0    0     0    13 29988 264219 19 11 70  0  0
15  0      0 64864028 143612 1081180    0    0     0     9 29980 264467 19 11 70  0  0
 8  0      0 64857252 143612 1081184    0    0     0     2 30083 264494 20 11 69  0  0
 6  0      0 64838048 143616 1081216    0    0     0     6 29347 261720 19 12 70  0  0
11  0      0 64856288 143616 1081184    0    0     0    25 29376 259705 19 12 70  0  0
 9  0      0 64855664 143616 1081184    0    0     0    15 30068 264685 19 12 70  0  0
 6  0      0 64855168 143620 1081184    0    0     0    18 30353 266179 19 12 69  0  0
 3  0      0 64856324 143620 1081184    0    0     0    10 29994 264471 19 12 69  0  0
14  0      0 64836256 143624 1081184    0    0     0     6 28918 256295 18 12 70  0  0
15  0      0 64853968 143628 1081184    0    0     0     9 29669 262678 19 12 70  0  0
 7  0      0 64851976 143628 1081192    0    0     0    12 30048 263415 19 12 69  0  0
 6  0      0 64846016 143628 1081192    0    0     0    18 30514 265015 20 11 69  0  0
 3  0      0 64809452 143628 1081224    0    0     0    16 29111 258922 19 12 70  0  0
 8  0      0 64846280 143632 1081192    0    0     0     9 29440 259114 19 12 70  0  0
 7  0      0 64845428 143632 1081192    0    0     0     0 30347 266733 19 12 69  0  0
 8  0      0 64845692 143632 1081192    0    0     0     6 30192 266922 19 12 69  0  0
10  0      0 64845216 143632 1081196    0    0     0    22 28743 253207 18 12 70  0  0
12  0      0 64824752 143632 1081228    0    0     0    12 28943 256324 19 12 70  0  0
procs -----------memory---------- ---swap-- -----io---- --system-- -----cpu------
 r  b   swpd   free   buff  cache   si   so    bi    bo   in   cs us sy id wa st
11  0      0 64842984 143636 1081236    0    0     0    17 29822 261965 19 12 70  0  0
 6  0      0 64837808 143636 1081228    0    0     0    16 28793 252322 19 12 70  0  0
 5  0      0 64823600 143636 1081260    0    0     0     0 29356 258679 19 11 70  0  0
 7  0      0 64836316 143640 1081228    0    0     0     6 29578 257346 19 12 70  0  0
 6  0      0 64835992 143640 1081232    0    0     0    12 28474 253025 18 12 70  0  0
 8  0      0 64836556 143644 1081232    0    0     0     9 30306 268149 19 11 69  0  0
 6  0      0 64837208 143648 1081232    0    0     0    18 28678 253989 18 12 70  0  0
 6  0      0 64835156 143648 1081264    0    0     0    21 28929 256733 19 11 70  0  0
 8  0      0 64832876 143648 1081232    0    0     0     6 29779 259358 19 12 70  0  0
14  0      0 64828492 143648 1081232    0    0     0     6 28594 252904 19 12 70  0  0
 5  0      0 64810140 143648 1081264    0    0     0    21 29809 260800 19 12 70  0  0
 5  0      0 64825296 143652 1081236    0    0     0     6 29317 258296 19 12 70  0  0
 5  0      0 64823608 143656 1081236    0    0     0    10 28587 253341 18 12 70  0  0
11  0      0 64824976 143660 1081236    0    0     0    30 29903 264898 19 12 69  0  0
 2  0      0 64824816 143660 1081236    0    0     0     0 28799 253864 18 12 70  0  0
 8  0      0 64823788 143660 1081236    0    0     0     4 30350 266339 19 12 69  0  0
 9  0      0 64821632 143660 1081268    0    0     0    10 29897 264035 19 11 70  0  0
 8  0      0 64821704 143668 1081236    0    0     0    14 28796 253951 18 12 70  0  0
12  0      0 64813228 143672 1081240    0    0     0    10 30160 263940 19 12 69  0  0
 3  0      0 64813004 143672 1081240    0    0     0    21 29925 264287 19 12 70  0  0
 9  0      0 64811964 143672 1081240    0    0     0    10 30441 265588 19 12 69  0  0
procs -----------memory---------- ---swap-- -----io---- --system-- -----cpu------
 r  b   swpd   free   buff  cache   si   so    bi    bo   in   cs us sy id wa st
13  0      0 64791788 143672 1081240    0    0     0     6 28967 257148 18 12 70  0  0
12  0      0 64811868 143672 1081284    0    0     0    18 29852 260850 19 11 70  0  0
12  0      0 64812140 143672 1081284    0    0     0     9 30600 266554 19 12 69  0  0
17  0      0 64810392 143672 1081284    0    0     0     8 30187 267286 19 12 69  0  0
12  0      0 64791420 143672 1081320    0    0     0    18 29332 259981 19 12 70  0  0
11  0      0 64803840 143672 1081288    0    0     0    17 29121 254856 19 11 70  0  0
 5  0      0 64801984 143676 1081288    0    0     0    10 30513 267150 19 12 69  0  0
12  0      0 64802240 143676 1081288    0    0     0     4 30336 265498 19 12 69  0  0
 9  0      0 64800876 143680 1081320    0    0     0    10 30234 264936 19 12 69  0  0
10  0      0 64785668 143684 1081288    0    0     0    17 28926 254307 19 12 70  0  0
 8  0      0 64801828 143688 1081296    0    0     0    13 29680 263287 19 12 70  0  0
 8  0      0 64801256 143688 1081296    0    0     0    17 29939 265163 19 12 69  0  0
10  0      0 64799392 143688 1081296    0    0     0    15 29880 265229 19 12 69  0  0
14  0      0 64774012 143688 1081328    0    0     0    10 29524 258540 19 12 70  0  0
12  0      0 64792692 143688 1081296    0    0     0     4 28898 258006 19 12 70  0  0
11  0      0 64792056 143692 1081296    0    0     0    14 30122 264841 19 12 69  0  0
10  0      0 64792612 143696 1081296    0    0     0    15 30204 266399 19 12 69  0  0
 4  0      0 64756160 143700 1081332    0    0     0    14 29627 262926 19 11 70  0  0
 9  0      0 64792112 143704 1081300    0    0     0     9 28824 254125 18 12 70  0  0
 8  0      0 64790336 143704 1081300    0    0     0    10 30165 267890 19 12 69  0  0
12  0      0 64788668 143704 1081300    0    0     0     9 30413 265701 19 12 69  0  0
procs -----------memory---------- ---swap-- -----io---- --system-- -----cpu------
 r  b   swpd   free   buff  cache   si   so    bi    bo   in   cs us sy id wa st
11  0      0 64781680 143704 1081332    0    0     0    13 30286 266546 19 12 69  0  0
10  0      0 64766184 143708 1081300    0    0     0    12 28552 254343 18 11 70  0  0
 9  0      0 64782532 143708 1081340    0    0     0    14 29758 260803 19 11 70  0  0
 8  0      0 64781864 143708 1081344    0    0     0     9 30071 265764 19 12 70  0  0
15  0      0 64780680 143708 1081340    0    0     0     8 30150 265466 19 12 69  0  0
 8  0      0 64769000 143712 1081372    0    0     0    22 29292 259712 19 12 70  0  0
 8  0      0 64780500 143712 1081340    0    0     0     6 29304 260837 19 12 70  0  0
12  0      0 64779948 143712 1081340    0    0     0    13 29884 263644 19 11 70  0  0
12  0      0 64778344 143716 1081340    0    0     0    16 29974 267346 19 12 69  0  0
10  0      0 64770576 143720 1081376    0    0     0     9 29994 265814 19 11 69  0  0
 8  0      0 64774892 143720 1081344    0    0     0     6 28442 252667 18 12 70  0  0
 6  0      0 64775396 143720 1081344    0    0     0    10 30288 266028 19 11 69  0  0
 4  0      0 64775024 143724 1081344    0    0     0    12 30019 265651 19 12 69  0  0
11  0      0 64775928 143724 1081344    0    0     0    18 30394 267281 19 12 69  0  0
 5  0      0 64738116 143728 1081376    0    0     0     6 28968 259174 19 12 70  0  0
13  0      0 64774440 143732 1081344    0    0     0    15 29532 260060 19 11 70  0  0
 9  0      0 64771180 143740 1081344    0    0     0    15 30081 264973 19 12 69  0  0
 2  0      0 64764872 143740 1081380    0    0     0    30 28494 251394 18 12 70  0  0
 4  0      0 64749836 143744 1081412    0    0     0     4 28694 253662 18 12 70  0  0
 9  0      0 64766088 143748 1081380    0    0     0    22 28895 256112 19 12 70  0  0
 7  0      0 64770868 143748 1081380    0    0     0     9 28455 253016 18 11 70  0  0
procs -----------memory---------- ---swap-- -----io---- --system-- -----cpu------
 r  b   swpd   free   buff  cache   si   so    bi    bo   in   cs us sy id wa st
 7  0      0 64771816 143748 1081380    0    0     0     6 28426 252682 18 12 70  0  0
 8  0      0 64771656 143752 1081380    0    0     0    15 28578 253949 18 11 70  0  0
 9  0      0 64758884 143752 1081416    0    0     0     6 28558 252423 18 11 70  0  0
10  0      0 64758388 143756 1081460    0    0     0     9 28488 253110 18 12 70  0  0
 6  0      0 64769456 143764 1081428    0    0     0    12 29180 256599 19 11 70  0  0
14  0      0 64757152 143764 1081460    0    0     0    20 28638 253820 18 11 70  0  0
13  0      0 64757152 143768 1081460    0    0     0    12 29043 256942 19 11 70  0  0
13  0      0 64769888 143776 1081428    0    0     0    10 29403 259795 19 12 70  0  0
14  0      0 64770596 143776 1081432    0    0     0     8 28311 251845 18 12 70  0  0
10  0      0 64773108 143780 1081436    0    0     0    10 28646 252779 18 12 70  0  0
13  0      0 64772916 143784 1081436    0    0     0    10 28488 252200 18 12 70  0  0
 7  0      0 64772348 143788 1081436    0    0     0    16 29128 257134 18 12 70  0  0
10  0      0 64772640 143788 1081436    0    0     0    10 29344 259687 19 12 70  0  0
 7  0      0 64766496 143788 1081436    0    0     0     6 29093 252406 19 12 70  0  0
18  0      0 64768488 143788 1081436    0    0     0     3 28635 253115 18 12 70  0  0
12  0      0 64767496 143792 1081472    0    0     0    10 29018 257801 19 11 70  0  0
11  0      0 64770076 143796 1081472    0    0     0    10 29352 258859 19 11 70  0  0
 9  0      0 64768756 143804 1081440    0    0     0    20 28432 252434 18 11 70  0  0
 6  0      0 64771356 143804 1081440    0    0     0    11 28556 253001 18 12 70  0  0
 8  0      0 64757432 143804 1081472    0    0     0     6 28568 253174 18 11 70  0  0
 9  0      0 64757392 143804 1081472    0    0     0    10 29315 260265 19 12 70  0  0
procs -----------memory---------- ---swap-- -----io---- --system-- -----cpu------
 r  b   swpd   free   buff  cache   si   so    bi    bo   in   cs us sy id wa st
11  0      0 64764704 143804 1081440    0    0     0     9 29197 257625 19 12 69  0  0
 8  0      0 64765172 143804 1081444    0    0     0    17 28495 253884 18 12 70  0  0
13  0      0 64766032 143804 1081444    0    0     0    16 28510 252307 18 12 70  0  0
 5  0      0 64753500 143808 1081444    0    0     0     9 29361 259482 19 11 70  0  0
 5  0      0 64766840 143812 1081480    0    0     0    10 29217 257610 19 12 70  0  0
13  0      0 64768612 143812 1081484    0    0     0     6 28682 252641 18 11 70  0  0
10  0      0 64768588 143812 1081484    0    0     0     6 28668 252255 18 12 70  0  0
12  0      0 64767304 143812 1081484    0    0     0     0 29258 258756 19 11 70  0  0
10  0      0 64766188 143812 1081488    0    0     0    26 29227 258018 19 12 70  0  0
 6  0      0 64761496 143812 1081488    0    0     0     9 28838 251712 19 12 70  0  0
 3  0      0 64759948 143816 1081488    0    0     0    10 28528 252722 18 12 70  0  0
10  0      0 64759216 143816 1081520    0    0     0     3 29168 259665 19 11 70  0  0
 9  0      0 64759932 143820 1081488    0    0     0    12 29156 257573 19 12 70  0  0
 6  0      0 64760180 143828 1081488    0    0     0     6 28758 253648 18 12 70  0  0
12  0      0 64761860 143828 1081492    0    0     0    14 28561 251994 18 12 70  0  0
12  0      0 64760284 143836 1081524    0    0     0    14 29226 259338 19 12 70  0  0
11  0      0 64759136 143836 1081492    0    0     0     9 29471 257906 19 12 70  0  0
14  0      0 64754068 143840 1081492    0    0     0    10 28782 252148 19 11 70  0  0
 8  0      0 64750720 143844 1081524    0    0     0     9 30295 265345 19 12 69  0  0
13  0      0 64752464 143844 1081492    0    0     0     9 28301 251920 18 12 70  0  0
11  0      0 64751536 143844 1081492    0    0     0    10 30110 265668 19 12 69  0  0
procs -----------memory---------- ---swap-- -----io---- --system-- -----cpu------
 r  b   swpd   free   buff  cache   si   so    bi    bo   in   cs us sy id wa st
10  0      0 64751824 143844 1081496    0    0     0    18 30327 265406 19 12 69  0  0
14  0      0 64749568 143844 1081528    0    0     0    13 29976 264365 19 12 69  0  0
11  0      0 64752484 143848 1081496    0    0     0    10 28490 253229 18 12 70  0  0
31  0      0 64741756 143848 1081496    0    0     0     3 50337 366500 32 15 53  0  0
 7  0      0 64732808 143852 1081500    0    0     0     6 74878 488608 48 18 34  0  0
 9  0      0 64732948 143852 1081572    0    0     0    21 30896 276042 20 12 68  0  0
10  0      0 64719280 143856 1081540    0    0     0    18 29285 263471 19 12 69  0  0
 8  0      0 64734708 143860 1081544    0    0     0    14 30860 274472 20 12 68  0  0
11  0      0 64734024 143860 1081544    0    0     0     6 30579 274084 19 12 68  0  0
 8  0      0 64734152 143860 1081544    0    0     0     9 29929 268953 19 12 69  0  0
 8  0      0 64727808 143860 1081544    0    0     0     6 29289 261094 19 12 69  0  0
 4  0      0 64729304 143860 1081544    0    0     0     9 29252 262325 19 12 69  0  0
13  0      0 64729516 143864 1081544    0    0     0    15 29244 262471 19 12 69  0  0
15  0      0 64730668 143864 1081548    0    0     0    12 29170 261949 19 12 69  0  0
 8  0      0 64731064 143864 1081548    0    0     0     2 29365 263414 19 12 69  0  0
 6  0      0 64730668 143864 1081548    0    0     0     6 30182 270233 19 12 69  0  0
11  0      0 64730652 143864 1081548    0    0     0    10 29579 262559 19 12 69  0  0
13  0      0 64710656 143864 1081580    0    0     0     6 29858 266431 19 12 69  0  0
 6  0      0 64729776 143872 1081548    0    0     0    18 30309 269840 19 12 69  0  0
 8  0      0 64731804 143876 1081548    0    0     0    18 29563 261883 19 12 69  0  0
 6  0      0 64718272 143876 1081552    0    0     0     2 30171 269458 19 12 69  0  0
procs -----------memory---------- ---swap-- -----io---- --system-- -----cpu------
 r  b   swpd   free   buff  cache   si   so    bi    bo   in   cs us sy id wa st
 9  0      0 64730204 143880 1081552    0    0     0    12 30216 268698 19 12 69  0  0
 7  0      0 64730540 143880 1081552    0    0     0     2 28857 256550 18 12 70  0  0
10  0      0 64729840 143880 1081584    0    0     0     6 30506 272155 19 12 69  0  0
10  0      0 64730964 143880 1081552    0    0     0    21 29582 262823 19 12 69  0  0
16  0      0 64714036 143880 1081584    0    0     0    18 29510 263043 19 12 69  0  0
14  0      0 64729756 143884 1081552    0    0     0     8 30867 274112 20 12 68  0  0
 7  0      0 64730564 143884 1081596    0    0     0     6 29526 263748 19 12 69  0  0
 9  0      0 64729512 143888 1081596    0    0     0     2 30231 268503 19 12 69  0  0
11  0      0 64729892 143892 1081596    0    0     0    12 30273 270146 19 12 69  0  0
14  0      0 64730872 143900 1081596    0    0     0    15 29330 262866 19 12 69  0  0
 9  0      0 64730048 143908 1081596    0    0     0    12 31047 275830 20 12 68  0  0
11  0      0 64714188 143908 1081628    0    0     0    10 30069 269917 19 12 69  0  0
13  0      0 64728904 143908 1081600    0    0     0    15 30065 269637 19 12 69  0  0
12  0      0 64728912 143908 1081604    0    0     0     0 30821 277074 20 12 68  0  0
13  0      0 64729564 143912 1081604    0    0     0    12 30937 275666 19 12 68  0  0
 9  0      0 64706480 143916 1081636    0    0     0    12 30500 273206 20 12 69  0  0
 8  0      0 64729056 143920 1081604    0    0     0    16 29603 265728 19 12 69  0  0
 8  0      0 64728488 143924 1081604    0    0     0    12 30648 275141 19 12 68  0  0
14  0      0 64727884 143924 1081604    0    0     0     3 31037 275155 20 12 68  0  0
 4  0      0 64727740 143928 1081640    0    0     0    12 31082 276328 20 12 68  0  0
 3  0      0 64712848 143936 1081608    0    0     0     9 29663 263745 19 12 69  0  0
procs -----------memory---------- ---swap-- -----io---- --system-- -----cpu------
 r  b   swpd   free   buff  cache   si   so    bi    bo   in   cs us sy id wa st
 4  0      0 64728004 143936 1081608    0    0     0    15 30690 272478 19 12 69  0  0
12  0      0 64729124 143936 1081608    0    0     0    12 31076 276847 20 12 69  0  0
 4  0      0 64727440 143940 1081608    0    0     0    12 30826 273330 19 12 69  0  0
12  0      0 64692968 143944 1081640    0    0     0    10 29800 266750 19 12 69  0  0
17  0      0 64727672 143948 1081604    0    0     0     9 30360 270062 19 12 69  0  0
 4  0      0 64727232 143948 1081616    0    0     0     6 31073 274574 20 12 69  0  0
 7  0      0 64728260 143952 1081616    0    0     0    15 30835 275057 19 12 69  0  0
14  0      0 64727268 143952 1081720    0    0     0    12 31058 274309 20 12 69  0  0
 8  0      0 64727928 143952 1081656    0    0     0    12 29402 262284 19 12 69  0  0
 5  0      0 64728752 143952 1081656    0    0     0    12 30996 275143 20 12 68  0  0
 5  0      0 64728528 143956 1081656    0    0     0    10 30894 275029 20 12 68  0  0
 7  0      0 64727868 143956 1081688    0    0     0     0 31093 275430 20 12 68  0  0
 6  0      0 64710496 143960 1081660    0    0     0    22 29767 266477 19 12 69  0  0
 7  0      0 64731104 143964 1081660    0    0     0    12 30513 269612 19 12 69  0  0
10  0      0 64730172 143964 1081660    0    0     0     9 31061 275171 20 12 68  0  0
 8  0      0 64727976 143964 1081660    0    0     0     6 30916 275146 20 12 68  0  0
22  0      0 64709692 143968 1081692    0    0     0     9 30171 272478 19 12 69  0  0
 6  0      0 64729224 143972 1081656    0    0     0     6 29713 265501 19 12 69  0  0
15  0      0 64728944 143972 1081664    0    0     0    13 30908 276036 19 12 68  0  0
15  0      0 64728692 143972 1081664    0    0     0    14 31172 276945 20 12 68  0  0
 5  0      0 64725712 143976 1081696    0    0     0    12 31070 276465 20 12 68  0  0
procs -----------memory---------- ---swap-- -----io---- --system-- -----cpu------
 r  b   swpd   free   buff  cache   si   so    bi    bo   in   cs us sy id wa st
19  0      0 64709204 143980 1081668    0    0     0    13 29726 263849 19 12 69  0  0
11  0      0 64728836 143980 1081668    0    0     0     9 30924 275017 19 12 69  0  0
13  0      0 64727852 143980 1081668    0    0     0     0 30670 272786 19 12 68  0  0
 9  0      0 64728392 143984 1081668    0    0     0    20 30890 275562 19 12 69  0  0
13  0      0 64695492 143988 1081672    0    0     0     9 30111 267685 19 12 69  0  0
14  0      0 64731316 143992 1081672    0    0     0    15 30210 267841 19 12 69  0  0
12  0      0 64729924 143992 1081672    0    0     0    12 30864 276320 20 12 68  0  0
 9  0      0 64730196 143992 1081672    0    0     0     9 31007 274256 20 12 68  0  0
11  0      0 64725088 143992 1081744    0    0     0     0 30813 274964 20 12 68  0  0
