procs -----------memory---------- ---swap-- -----io---- --system-- -----cpu------
 r  b   swpd   free   buff  cache   si   so    bi    bo   in   cs us sy id wa st
13  0      0 74475272 145852 1101384    0    0     0     0    4    8 12  7 81  0  0
 6  0      0 73293760 145852 1101728    0    0     0     0 180157 129019 37  6 58  0  0
 5  0      0 73054488 145852 1101728    0    0     0    72 322062 196468 18  7 75  0  0
 7  0      0 72764704 145852 1101760    0    0     0     9 387083 217654 20  7 73  0  0
 9  0      0 72388672 145852 1101728    0    0     0     6 388114 218092 22  7 71  0  0
 8  0      0 71850304 145852 1101728    0    0     0     3 260932 223601 24  8 68  0  0
 3  0      0 70558208 145856 1101728    0    0     0     6 46525 256283 32 10 57  0  0
13  0      0 69146896 145860 1101732    0    0     0    74 34006 280445 24 12 64  0  0
 8  0      0 68080672 145864 1101764    0    0     0     6 34030 284954 24 12 64  0  0
 9  0      0 67399656 145864 1101732    0    0     0     6 32805 289695 23 12 65  0  0
11  0      0 66857472 145864 1101732    0    0     0     0 31558 273054 20 12 68  0  0
 6  0      0 66191232 145864 1101732    0    0     0     6 30756 266626 20 12 68  0  0
 5  0      0 65620632 145868 1101732    0    0     0     9 30176 255747 19 12 69  0  0
 9  0      0 65155276 145868 1101732    0    0     0    42 28951 248071 19 12 69  0  0
 7  0      0 64938696 145868 1101736    0    0     0    13 30996 255480 19 12 69  0  0
 8  0      0 64935100 145868 1101736    0    0     0     7 29546 259083 19 12 69  0  0
 9  0      0 64903760 145868 1101736    0    0     0     0 28796 253283 19 11 70  0  0
16  0      0 64873364 145872 1101764    0    0     0     6 29968 262196 19 11 69  0  0
13  0      0 64892612 145872 1101752    0    0     0     0 29770 259759 19 12 69  0  0
 9  0      0 64878204 145872 1101824    0    0     0    41 28816 254441 19 12 70  0  0
10  0      0 64890736 145876 1101792    0    0     0    10 29865 265224 19 12 69  0  0
procs -----------memory---------- ---swap-- -----io---- --system-- -----cpu------
 r  b   swpd   free   buff  cache   si   so    bi    bo   in   cs us sy id wa st
 5  0      0 64898836 145880 1101796    0    0     0    11 28799 252435 19 12 70  0  0
11  0      0 64888592 145884 1101796    0    0     0     6 29526 258916 20 12 69  0  0
10  0      0 64889748 145884 1101796    0    0     0     6 29527 259749 19 12 69  0  0
 9  0      0 64889384 145884 1101796    0    0     0     0 28695 252159 19 11 70  0  0
15  0      0 64869808 145884 1101828    0    0     0    16 29846 261632 19 12 69  0  0
 5  0      0 64854616 145884 1101796    0    0     0    23 29613 257249 19 12 69  0  0
 4  0      0 64837960 145884 1101800    0    0     0     7 28754 254316 19 12 70  0  0
 2  0      0 64852640 145884 1101800    0    0     0     5 30181 264963 19 12 69  0  0
13  0      0 64851060 145888 1101800    0    0     0     6 30178 265540 19 11 69  0  0
 7  0      0 64817300 145892 1101832    0    0     0     6 29736 259813 20 11 69  0  0
13  0      0 64838788 145900 1101800    0    0     0    22 28969 257345 19 12 70  0  0
15  0      0 64838408 145904 1101800    0    0     0    18 30752 270722 20 12 69  0  0
 7  0      0 64838268 145908 1101800    0    0     0     9 30032 265096 19 12 69  0  0
12  0      0 64836216 145908 1101836    0    0     0     9 30531 267199 19 12 69  0  0
 8  0      0 64821072 145908 1101804    0    0     0     6 28664 253964 18 12 70  0  0
12  0      0 64836008 145912 1101804    0    0     0     6 30036 265065 19 12 69  0  0
13  0      0 64834440 145912 1101804    0    0     0    12 30389 266060 19 12 69  0  0
13  0      0 64832436 145916 1101804    0    0     0    26 30180 266953 20 12 69  0  0
11  0      0 64823760 145924 1101836    0    0     0    13 29121 259624 19 11 69  0  0
 8  0      0 64823112 145928 1101808    0    0     0    13 29568 260266 19 12 69  0  0
 8  0      0 64822608 145928 1101852    0    0     0     0 30102 264711 19 12 69  0  0
procs -----------memory---------- ---swap-- -----io---- --system-- -----cpu------
 r  b   swpd   free   buff  cache   si   so    bi    bo   in   cs us sy id wa st
10  0      0 64823156 145932 1101852    0    0     0     7 30463 267047 19 12 69  0  0
 3  0      0 64819964 145936 1101888    0    0     0    16 30265 265379 19 12 69  0  0
 7  0      0 64808520 145940 1101856    0    0     0    23 28506 253057 18 12 70  0  0
12  0      0 64820884 145948 1101856    0    0     0     6 29936 264921 19 12 69  0  0
 7  0      0 64819004 145948 1101856    0    0     0     7 30301 267980 19 12 69  0  0
 7  0      0 64810904 145952 1101860    0    0     0     9 30324 265909 20 12 69  0  0
 9  0      0 64810416 145960 1101892    0    0     0     6 29279 258302 19 12 69  0  0
 5  0      0 64808548 145964 1101856    0    0     0    13 29628 263178 19 12 69  0  0
 8  0      0 64812528 145964 1101860    0    0     0    24 30302 264946 19 12 69  0  0
12  0      0 64811648 145972 1101860    0    0     0     9 30459 266093 20 12 69  0  0
17  0      0 64788732 145980 1101892    0    0     0    14 29786 263403 19 11 70  0  0
 9  0      0 64810764 145984 1101860    0    0     0     6 29056 256413 19 12 70  0  0
 5  0      0 64809120 145984 1101864    0    0     0     2 30293 264231 19 12 69  0  0
 9  0      0 64801072 145988 1101864    0    0     0    14 30201 264548 20 12 69  0  0
 7  0      0 64801004 145988 1101896    0    0     0    26 30363 266682 19 11 69  0  0
 6  0      0 64785984 145988 1101864    0    0     0    14 28978 255771 19 12 70  0  0
 6  0      0 64800620 145992 1101864    0    0     0    13 30160 264867 19 11 69  0  0
10  0      0 64800764 145992 1101864    0    0     0     6 30245 266708 19 12 69  0  0
 5  0      0 64799532 145992 1101864    0    0     0     0 30299 266255 19 12 69  0  0
 2  0      0 64779324 145992 1101892    0    0     0    22 29624 260055 19 11 69  0  0
 5  0      0 64797908 145996 1101860    0    0     0    16 29355 256579 19 11 70  0  0
procs -----------memory---------- ---swap-- -----io---- --system-- -----cpu------
 r  b   swpd   free   buff  cache   si   so    bi    bo   in   cs us sy id wa st
 5  0      0 64787960 145996 1101900    0    0     0    20 30156 263797 20 12 69  0  0
11  0      0 64787744 145996 1101900    0    0     0    10 30515 268677 20 12 69  0  0
 6  0      0 64784660 146000 1101932    0    0     0     9 30277 266021 19 12 69  0  0
13  0      0 64767288 146004 1101900    0    0     0     6 29061 257226 19 12 70  0  0
11  0      0 64786288 146004 1101904    0    0     0     4 29959 268002 19 12 69  0  0
 6  0      0 64785364 146004 1101904    0    0     0    21 30160 263715 19 12 69  0  0
28  0      0 64761660 146008 1101908    0    0     0    22 57916 399612 38 16 47  0  0
60  0      0 64741544 146008 1101940    0    0     0     6 105788 633264 66 23 11  0  0
49  0      0 64724548 146008 1101908    0    0     0    17 105916 635011 66 23 12  0  0
 4  0      0 64722916 146012 1101936    0    0     0    17 99157 608699 61 22 17  0  0
 6  0      0 64706688 146016 1101936    0    0     0     8 29559 263851 19 12 69  0  0
 8  0      0 64708208 146016 1101972    0    0     0    21 30414 268462 19 12 69  0  0
12  0      0 64722628 146016 1101940    0    0     0    26 30344 268186 19 12 69  0  0
 7  0      0 64711980 146016 1101940    0    0     0     2 29702 262791 20 12 69  0  0
 8  0      0 64695640 146016 1101940    0    0     0     8 29903 265721 19 12 69  0  0
12  0      0 64696352 146016 1101940    0    0     0    10 30210 270049 20 12 69  0  0
 5  0      0 64711212 146016 1101940    0    0     0     3 30376 268007 20 12 68  0  0
14  0      0 64713984 146020 1101940    0    0     0    15 29641 264151 19 12 69  0  0
 4  0      0 64712916 146028 1101944    0    0     0    14 29740 264113 19 12 69  0  0
 5  0      0 64695920 146036 1101944    0    0     0    12 30501 270646 20 12 68  0  0
 8  0      0 64711020 146040 1101944    0    0     0    14 30122 268860 19 12 69  0  0
procs -----------memory---------- ---swap-- -----io---- --system-- -----cpu------
 r  b   swpd   free   buff  cache   si   so    bi    bo   in   cs us sy id wa st
53  0      0 64711776 146044 1101944    0    0     0     2 33790 284325 22 12 66  0  0
19  0      0 64708176 146044 1101988    0    0     0     6 107649 649579 66 23 11  0  0
51  0      0 64686768 146048 1101988    0    0     0    10 107599 647591 67 23 10  0  0
62  0      0 64687728 146052 1101988    0    0     0    20 107474 650603 66 23 11  0  0
26  0      0 64665812 146056 1101992    0    0     0    14 107847 649769 66 23 11  0  0
41  0      0 64664380 146056 1101992    0    0     0    14 108375 655140 66 23 11  0  0
55  0      0 64638284 146056 1101992    0    0     0     6 107516 645530 66 23 11  0  0
 9  0      0 64638292 146056 1101992    0    0     0    10 93242 579035 58 21 21  0  0
14  0      0 64638168 146056 1101992    0    0     0    15 29650 264349 19 12 69  0  0
14  0      0 64638596 146056 1101992    0    0     0    11 29370 263572 19 12 69  0  0
 4  0      0 64637000 146056 1102028    0    0     0    14 30047 270400 19 12 69  0  0
11  0      0 64634784 146060 1101996    0    0     0    14 30292 270193 20 12 68  0  0
14  0      0 64635004 146060 1101996    0    0     0     9 29744 264870 19 12 69  0  0
 9  0      0 64635656 146060 1101996    0    0     0     6 29823 264710 19 12 69  0  0
16  0      0 64597584 146060 1102028    0    0     0     8 29994 268836 19 12 69  0  0
 8  0      0 64618384 146060 1102028    0    0     0    14 30127 266924 19 12 69  0  0
11  0      0 64636136 146064 1101996    0    0     0    21 29932 266102 19 12 69  0  0
10  0      0 64637440 146064 1102000    0    0     0    10 29449 263346 19 12 69  0  0
 2  0      0 64620964 146064 1102032    0    0     0     2 29580 264471 19 12 69  0  0
12  0      0 64620928 146064 1102032    0    0     0    12 29998 268221 19 12 69  0  0
17  0      0 64638780 146068 1101996    0    0     0    12 30033 267678 19 12 69  0  0
procs -----------memory---------- ---swap-- -----io---- --system-- -----cpu------
 r  b   swpd   free   buff  cache   si   so    bi    bo   in   cs us sy id wa st
 8  0      0 64641292 146068 1102000    0    0     0     7 29704 264705 19 12 69  0  0
12  0      0 64641220 146068 1101996    0    0     0    13 30904 275088 20 12 68  0  0
 5  0      0 64623784 146068 1102068    0    0     0    27 30394 271781 19 12 69  0  0
 5  0      0 64642440 146072 1102040    0    0     0     6 30121 270571 19 12 69  0  0
 9  0      0 64645400 146072 1102040    0    0     0     3 31110 276099 20 12 68  0  0
12  0      0 64645716 146072 1102040    0    0     0    15 31000 277953 20 12 68  0  0
12  0      0 64646976 146072 1102104    0    0     0    12 31026 275273 19 12 69  0  0
10  0      0 64647344 146072 1102040    0    0     0    20 29613 262964 19 12 69  0  0
11  0      0 64647932 146072 1102040    0    0     0     9 31441 277094 20 12 68  0  0
 5  0      0 64649972 146076 1102044    0    0     0     9 31096 277984 20 12 68  0  0
 7  0      0 64649728 146076 1102076    0    0     0    14 31258 277743 20 12 68  0  0
18  0      0 64627500 146080 1102040    0    0     0    12 29933 268741 19 12 69  0  0
13  0      0 64651648 146080 1102044    0    0     0     6 30638 272729 20 12 69  0  0
14  0      0 64655848 146080 1102044    0    0     0    15 30918 276840 20 12 69  0  0
12  0      0 64655492 146080 1102044    0    0     0    12 31228 277376 20 12 68  0  0
11  0      0 64636344 146080 1102076    0    0     0     9 30553 272590 20 12 69  0  0
 7  0      0 64656188 146080 1102048    0    0     0     9 30121 269054 19 12 69  0  0
14  0      0 64657460 146080 1102048    0    0     0     6 31087 278139 20 12 68  0  0
11  0      0 64658404 146080 1102052    0    0     0    12 30997 276870 20 12 68  0  0
10  0      0 64656296 146080 1102084    0    0     0    19 31076 278114 20 12 68  0  0
12  0      0 64660848 146080 1102052    0    0     0    12 29497 263175 19 12 69  0  0
procs -----------memory---------- ---swap-- -----io---- --system-- -----cpu------
 r  b   swpd   free   buff  cache   si   so    bi    bo   in   cs us sy id wa st
 8  0      0 64661228 146080 1102052    0    0     0    10 30997 274814 20 12 68  0  0
55  0      0 64662716 146084 1102052    0    0     0    10 35257 297094 22 13 65  0  0
57  0      0 64655596 146088 1102088    0    0     0    13 106100 645617 66 23 11  0  0
 8  0      0 64621924 146092 1102096    0    0     0    11 104422 636862 64 22 14  0  0
 9  0      0 64643484 146092 1102100    0    0     0     6 30567 272258 20 12 68  0  0
10  0      0 64641100 146096 1102100    0    0     0    20 30862 274308 20 12 68  0  0
11  0      0 64644008 146100 1102100    0    0     0     9 29311 262831 19 12 69  0  0
 4  0      0 64647436 146104 1102100    0    0     0     6 29388 264378 19 12 69  0  0
16  0      0 64630656 146104 1102136    0    0     0     9 29501 264151 19 12 69  0  0
 7  0      0 64647180 146112 1102104    0    0     0    12 30785 274561 20 12 68  0  0
15  0      0 64648948 146112 1102104    0    0     0     9 29602 263741 19 12 69  0  0
 7  0      0 64635660 146112 1102104    0    0     0    14 29445 263318 19 12 69  0  0
 6  0      0 64649848 146116 1102136    0    0     0    14 30675 273510 20 12 69  0  0
 1  0      0 64649592 146120 1102104    0    0     0     9 29788 264752 19 12 69  0  0
 4  0      0 64636416 146120 1102104    0    0     0     2 29490 263252 19 12 69  0  0
15  0      0 64649908 146120 1102108    0    0     0    10 30453 272711 19 12 69  0  0
 8  0      0 64650644 146120 1102108    0    0     0     9 29821 263967 19 12 69  0  0
13  0      0 64634860 146124 1102140    0    0     0    12 29716 264693 19 12 69  0  0
13  0      0 64652704 146128 1102108    0    0     0    12 30590 273000 20 12 69  0  0
 3  0      0 64652480 146132 1102108    0    0     0     9 29522 264020 19 12 69  0  0
 5  0      0 64637108 146136 1102140    0    0     0    14 29653 263135 19 12 69  0  0
procs -----------memory---------- ---swap-- -----io---- --system-- -----cpu------
 r  b   swpd   free   buff  cache   si   so    bi    bo   in   cs us sy id wa st
14  0      0 64653372 146136 1102140    0    0     0    16 30607 274688 20 12 68  0  0
 3  0      0 64655176 146136 1102112    0    0     0     9 29696 263184 19 12 69  0  0
 9  0      0 64639440 146136 1102112    0    0     0     3 29454 264593 19 12 69  0  0
14  0      0 64656380 146136 1102144    0    0     0    18 30512 274207 20 12 68  0  0
 8  0      0 64658476 146136 1102152    0    0     0     6 29723 263203 19 12 69  0  0
 7  0      0 64643856 146136 1102152    0    0     0     9 29637 264848 19 12 69  0  0
 9  0      0 64658192 146140 1102152    0    0     0    17 30723 272119 20 12 68  0  0
11  0      0 64658956 146140 1102152    0    0     0     3 31065 274808 20 12 68  0  0
14  0      0 64638332 146140 1102188    0    0     0     9 30474 272211 20 12 68  0  0
 8  0      0 64659352 146140 1102156    0    0     0    18 29833 266464 19 12 69  0  0
 4  0      0 64659336 146140 1102156    0    0     0     6 31123 273342 20 12 68  0  0
 6  0      0 64660588 146140 1102156    0    0     0     3 30959 276477 20 12 68  0  0
 3  0      0 64661040 146144 1102188    0    0     0    22 31181 277964 20 12 68  0  0
 9  0      0 64661500 146152 1102156    0    0     0    10 29397 264892 19 12 69  0  0
10  0      0 64660752 146156 1102160    0    0     0     9 30849 275943 20 12 68  0  0
 4  0      0 64662200 146156 1102160    0    0     0    10 30924 275926 20 12 68  0  0
 7  0      0 64662176 146156 1102160    0    0     0     9 31113 276126 20 12 68  0  0
 8  0      0 64660400 146160 1102160    0    0     0     9 30157 268994 19 12 69  0  0
12  0      0 64662400 146164 1102160    0    0     0    15 30189 268635 19 12 69  0  0
18  0      0 64663640 146164 1102160    0    0     0    12 30915 274217 20 12 68  0  0
 6  0      0 64663704 146168 1102164    0    0     0    10 30929 275533 20 12 68  0  0
procs -----------memory---------- ---swap-- -----io---- --system-- -----cpu------
 r  b   swpd   free   buff  cache   si   so    bi    bo   in   cs us sy id wa st
10  0      0 64662244 146172 1102200    0    0     0     9 30922 274525 20 12 69  0  0
 5  0      0 64664500 146176 1102168    0    0     0    15 29474 262731 19 12 69  0  0
 7  0      0 64666096 146176 1102168    0    0     0     3 31015 276827 20 12 68  0  0
12  0      0 64664696 146184 1102168    0    0     0    18 31192 277142 20 12 68  0  0
 6  0      0 64664624 146192 1102204    0    0     0    10 31061 275860 20 12 68  0  0
15  0      0 64645308 146192 1102212    0    0     0     6 30000 265994 19 12 69  0  0
 6  0      0 64667292 146196 1102212    0    0     0    14 30611 272329 20 12 68  0  0
15  0      0 64668004 146196 1102216    0    0     0    15 31119 275331 20 12 68  0  0
 9  0      0 64665868 146196 1102248    0    0     0     3 31013 275497 20 12 68  0  0
 8  0      0 64629296 146196 1102216    0    0     0    15 30030 269838 19 12 69  0  0
 8  0      0 64669992 146196 1102216    0    0     0     9 30158 268095 19 12 69  0  0
15  0      0 64669416 146196 1102216    0    0     0     6 30803 275171 20 12 68  0  0
 8  0      0 64671580 146196 1102216    0    0     0    10 30982 275740 20 12 68  0  0
 7  0      0 64669264 146196 1102252    0    0     0    12 30861 276359 20 12 68  0  0
11  0      0 64672196 146196 1102220    0    0     0    12 29463 262214 19 12 69  0  0
 9  0      0 64672248 146196 1102220    0    0     0    15 31023 275982 20 12 68  0  0
 8  0      0 64672060 146196 1102220    0    0     0    12 31030 276812 20 12 68  0  0
11  0      0 64671088 146196 1102252    0    0     0     0 31144 274852 20 12 68  0  0
16  0      0 64655888 146196 1102220    0    0     0    12 29495 265239 19 12 69  0  0
 9  0      0 64673060 146196 1102220    0    0     0    11 30779 272086 19 12 69  0  0
18  0      0 64674132 146196 1102224    0    0     0    12 30883 275348 20 12 68  0  0
procs -----------memory---------- ---swap-- -----io---- --system-- -----cpu------
 r  b   swpd   free   buff  cache   si   so    bi    bo   in   cs us sy id wa st
13  0      0 64676104 146200 1102224    0    0     0    12 30767 274666 20 12 68  0  0
17  0      0 64646932 146204 1102256    0    0     0    12 30307 271831 20 12 69  0  0
 2  0      0 64674300 146216 1102224    0    0     0    12 29623 263910 19 12 69  0  0
 9  0      0 64674320 146220 1102252    0    0     0    22 29407 262751 19 12 69  0  0
 8  0      0 64659656 146220 1102252    0    0     0     4 29508 263411 19 12 69  0  0
11  0      0 64663528 146220 1102284    0    0     0    17 30072 266428 19 12 69  0  0
 6  0      0 64676888 146224 1102296    0    0     0    18 30176 267162 19 12 69  0  0
 8  0      0 64680936 146224 1102296    0    0     0    12 29571 262559 19 12 69  0  0
10  0      0 64664076 146224 1102296    0    0     0     2 29580 263430 19 12 69  0  0
11  0      0 64667420 146224 1102328    0    0     0    12 30023 266908 19 12 69  0  0
 9  0      0 64679796 146224 1102296    0    0     0     0 29771 267012 19 12 69  0  0
15  0      0 64681076 146224 1102296    0    0     0    12 29544 262331 19 12 69  0  0
12  0      0 64665968 146228 1102296    0    0     0    23 29369 263021 19 12 69  0  0
 5  0      0 64666456 146232 1102332    0    0     0    12 30321 268995 20 12 69  0  0
 9  0      0 64683680 146236 1102300    0    0     0     6 29979 266472 19 12 69  0  0
 8  0      0 64684780 146236 1102300    0    0     0     3 29424 261947 19 12 69  0  0
 8  0      0 64671996 146244 1102300    0    0     0     6 29644 263257 19 12 69  0  0
13  0      0 64671680 146244 1102300    0    0     0    15 30132 269259 19 12 69  0  0
 9  0      0 64685600 146244 1102300    0    0     0    13 30295 269971 20 12 68  0  0
 9  0      0 64685996 146248 1102304    0    0     0    18 29512 261935 19 12 69  0  0
 2  0      0 64686340 146252 1102304    0    0     0     2 29449 262477 19 12 69  0  0
procs -----------memory---------- ---swap-- -----io---- --system-- -----cpu------
 r  b   swpd   free   buff  cache   si   so    bi    bo   in   cs us sy id wa st
 4  0      0 64686220 146256 1102304    0    0     0     9 30235 267549 19 12 69  0  0
17  0      0 64688568 146260 1102308    0    0     0     9 30139 268700 19 12 69  0  0
 4  0      0 64689000 146260 1102308    0    0     0     6 29621 263120 19 12 69  0  0
 6  0      0 64689200 146264 1102308    0    0     0    12 29426 262630 19 12 69  0  0
10  0      0 64688348 146264 1102308    0    0     0    15 29866 269685 19 12 69  0  0
14  0      0 64689164 146268 1102316    0    0     0     9 30105 268487 19 12 69  0  0
10  0      0 64690124 146272 1102316    0    0     0     9 29676 263002 19 12 69  0  0
 9  0      0 64689760 146276 1102352    0    0     0     6 29442 261126 19 12 69  0  0
16  0      0 64691352 146276 1102388    0    0     0     6 30212 267518 19 12 68  0  0
 4  0      0 64690716 146276 1102388    0    0     0    15 30114 268560 19 12 69  0  0
 8  0      0 64691908 146276 1102356    0    0     0    12 29754 263416 19 12 69  0  0
17  0      0 64692716 146276 1102356    0    0     0     9 29263 262803 19 12 69  0  0
11  0      0 64679096 146280 1102392    0    0     0    14 29765 263514 19 12 69  0  0
 8  0      0 64681244 146284 1102392    0    0     0     9 30191 267889 19 12 69  0  0
 4  0      0 64693976 146288 1102360    0    0     0    12 30038 267999 19 12 68  0  0
 8  0      0 64695100 146288 1102360    0    0     0     6 29579 263521 19 12 69  0  0
11  0      0 64695000 146296 1102360    0    0     0     9 31128 276364 20 12 68  0  0
 3  0      0 64676876 146300 1102360    0    0     0     9 30067 268110 19 12 69  0  0
 6  0      0 64696288 146304 1102364    0    0     0     9 30074 266912 19 12 69  0  0
31  0      0 64697224 146308 1102364    0    0     0    15 34655 296597 22 12 65  0  0
 6  0      0 64697148 146308 1102364    0    0     0    12 65651 448519 41 17 42  0  0
procs -----------memory---------- ---swap-- -----io---- --system-- -----cpu------
 r  b   swpd   free   buff  cache   si   so    bi    bo   in   cs us sy id wa st
 7  0      0 64696700 146308 1102396    0    0     0    15 30994 278821 20 12 68  0  0
 2  0      0 64698568 146308 1102364    0    0     0     6 29310 264512 19 12 69  0  0
15  0      0 64697728 146308 1102364    0    0     0    10 31217 277396 20 12 68  0  0
15  0      0 64699360 146308 1102364    0    0     0     9 31250 274686 20 12 68  0  0
 6  0      0 64698448 146308 1102400    0    0     0     9 31245 278471 20 12 68  0  0
 7  0      0 64681404 146312 1102368    0    0     0    17 30213 268536 19 12 69  0  0
13  0      0 64701484 146312 1102368    0    0     0    15 30663 274610 20 12 68  0  0
10  0      0 64702208 146316 1102368    0    0     0     6 31061 277069 20 12 68  0  0
 4  0      0 64704076 146316 1102408    0    0     0    10 30991 276307 20 12 68  0  0
