procs -----------memory---------- ---swap-- -----io---- --system-- -----cpu------
 r  b   swpd   free   buff  cache   si   so    bi    bo   in   cs us sy id wa st
12  1      0 74448944 147944 1120308    0    0     0     0    1    1 13  7 81  0  0
 7  0      0 73290448 147948 1120652    0    0     0    73 186342 130572 36  6 58  0  0
10  0      0 73071392 147948 1120652    0    0     0     0 364361 224211 19  7 74  0  0
 6  0      0 72748104 147952 1120652    0    0     0     6 389858 221069 20  7 73  0  0
12  0      0 72384280 147952 1120684    0    0     0     6 394849 223876 22  7 72  0  0
21  0      0 71728032 147952 1120652    0    0     0     9 216924 221185 27  8 65  0  0
12  0      0 70384256 147952 1120652    0    0     0     0 34902 255735 31 11 58  0  0
 7  0      0 68998848 147952 1120656    0    0     0    73 33455 277152 24 12 64  0  0
 8  0      0 68051712 147952 1120688    0    0     0     6 33076 278579 23 11 65  0  0
54  0      0 66903724 147956 1120652    0    0     0     9 50442 359392 34 15 52  0  0
 5  0      0 65690368 147956 1120656    0    0     0     0 50761 354907 33 16 51  0  0
 3  0      0 65049848 147956 1120656    0    0     0     6 32314 271830 21 12 67  0  0
 7  0      0 64800684 147960 1120656    0    0     0     9 31489 262156 20 12 69  0  0
11  0      0 64707960 147964 1120656    0    0     0    34 29734 256890 19 12 69  0  0
 7  0      0 64636968 147964 1120660    0    0     0    19 30802 267624 20 12 69  0  0
 3  0      0 64526716 147964 1120660    0    0     0     0 30999 269220 20 12 68  0  0
10  0      0 64523764 147964 1120660    0    0     0     6 30963 273563 20 12 69  0  0
12  0      0 64509848 147964 1120692    0    0     0     6 29823 261967 19 12 69  0  0
13  0      0 64524204 147964 1120660    0    0     0     6 29418 259725 19 12 70  0  0
11  0      0 64519796 147964 1120700    0    0     0    18 30293 267834 19 12 69  0  0
10  0      0 64514652 147964 1120700    0    0     0    29 30442 266015 20 12 69  0  0
procs -----------memory---------- ---swap-- -----io---- --system-- -----cpu------
 r  b   swpd   free   buff  cache   si   so    bi    bo   in   cs us sy id wa st
10  0      0 64496336 147964 1120736    0    0     0     6 29829 263721 19 12 69  0  0
 6  0      0 64514960 147968 1120704    0    0     0     9 29411 261814 19 12 69  0  0
 6  0      0 64507704 147968 1120704    0    0     0     0 30655 268890 19 12 69  0  0
 8  0      0 64464404 147972 1120704    0    0     0     6 30434 266789 20 12 69  0  0
 8  0      0 64423204 147972 1120736    0    0     0    15 30053 266151 19 11 69  0  0
10  0      0 64457324 147972 1120704    0    0     0    22 28876 256363 19 12 70  0  0
 7  0      0 64456404 147972 1120708    0    0     0    11 30409 267251 19 12 69  0  0
 9  0      0 64450832 147976 1120708    0    0     0    11 30364 265698 20 12 69  0  0
10  0      0 64448732 147976 1120708    0    0     0     6 30520 265624 19 12 69  0  0
12  0      0 64428724 147976 1120740    0    0     0     6 28977 257767 19 12 69  0  0
11  0      0 64447468 147984 1120740    0    0     0    35 29850 263677 19 12 69  0  0
17  0      0 64447204 147988 1120740    0    0     0    14 28620 254766 19 12 70  0  0
16  0      0 64439348 147988 1120740    0    0     0    16 29166 256544 19 12 70  0  0
11  0      0 64439468 147992 1120744    0    0     0     7 28907 255822 19 12 70  0  0
16  0      0 64422676 147996 1120776    0    0     0     2 28865 255505 19 12 70  0  0
12  0      0 64421932 148004 1120776    0    0     0    11 29522 261346 19 12 69  0  0
 7  0      0 64433080 148004 1120744    0    0     0     8 29682 261102 19 12 69  0  0
 5  0      0 64433140 148008 1120744    0    0     0    14 28952 253882 18 12 70  0  0
 6  0      0 64416556 148012 1120776    0    0     0    26 29004 256947 19 12 70  0  0
 6  0      0 64416268 148012 1120776    0    0     0     8 29410 260408 19 12 69  0  0
11  0      0 64431740 148016 1120788    0    0     0     6 29670 260632 19 12 69  0  0
procs -----------memory---------- ---swap-- -----io---- --system-- -----cpu------
 r  b   swpd   free   buff  cache   si   so    bi    bo   in   cs us sy id wa st
 5  0      0 64432688 148016 1120788    0    0     0     6 28893 254603 19 11 70  0  0
 4  0      0 64429204 148016 1120792    0    0     0    10 28789 254880 19 12 70  0  0
14  0      0 64427352 148016 1120792    0    0     0    10 29219 259852 19 12 70  0  0
11  0      0 64423676 148020 1120792    0    0     0    22 29746 262116 19 12 69  0  0
13  0      0 64422312 148020 1120792    0    0     0    12 29177 255450 19 12 70  0  0
11  0      0 64424124 148020 1120796    0    0     0     5 28761 253092 18 11 70  0  0
 8  0      0 64408664 148020 1120828    0    0     0     2 29086 257061 19 12 70  0  0
48  0      0 64390972 148020 1120828    0    0     0    10 96143 597302 60 21 19  0  0
 8  0      0 64395936 148020 1120796    0    0     0    18 33265 280970 22 12 66  0  0
 9  0      0 64397200 148020 1120796    0    0     0    19 29227 258010 19 12 69  0  0
12  0      0 64379284 148020 1120796    0    0     0    12 29194 258316 19 12 69  0  0
 7  0      0 64382032 148024 1120796    0    0     0     6 29768 264396 19 12 69  0  0
 6  0      0 64397960 148024 1120800    0    0     0     8 29724 263008 19 12 69  0  0
 7  0      0 64398244 148024 1120800    0    0     0    10 29439 259913 19 12 69  0  0
 6  0      0 64395620 148028 1120800    0    0     0    10 29120 257610 19 12 69  0  0
10  0      0 64393868 148028 1120800    0    0     0    16 29874 264127 19 12 69  0  0
 8  0      0 64393856 148032 1120800    0    0     0    20 29742 264397 19 12 69  0  0
13  0      0 64387488 148036 1120800    0    0     0     6 29565 259883 19 12 69  0  0
 8  0      0 64388096 148036 1120800    0    0     0     2 29147 258173 19 12 70  0  0
15  0      0 64387396 148036 1120804    0    0     0     6 29765 262695 19 12 69  0  0
11  0      0 64388420 148040 1120804    0    0     0     9 29958 266413 19 12 69  0  0
procs -----------memory---------- ---swap-- -----io---- --system-- -----cpu------
 r  b   swpd   free   buff  cache   si   so    bi    bo   in   cs us sy id wa st
 9  0      0 64386560 148040 1120844    0    0     0    19 29328 259359 19 12 69  0  0
 9  0      0 64389316 148040 1120844    0    0     0    15 29110 258359 19 12 69  0  0
11  0      0 64368052 148040 1120876    0    0     0     5 29966 264846 19 12 69  0  0
 6  0      0 64385940 148040 1120844    0    0     0     6 30256 266781 19 12 69  0  0
 7  0      0 64380720 148044 1120840    0    0     0    10 30871 270163 20 12 69  0  0
12  0      0 64362068 148044 1120840    0    0     0    18 29579 262965 19 12 69  0  0
 9  0      0 64379780 148044 1120840    0    0     0    16 30675 268730 19 12 69  0  0
 6  0      0 64380140 148044 1120840    0    0     0    25 30929 273294 20 12 68  0  0
 6  0      0 64378676 148048 1120840    0    0     0     6 30768 272309 19 12 69  0  0
10  0      0 64357116 148056 1120872    0    0     0    13 29648 263685 19 12 69  0  0
14  0      0 64378116 148064 1120840    0    0     0     9 30439 267330 19 12 69  0  0
12  0      0 64377028 148064 1120844    0    0     0     4 30844 271713 20 12 68  0  0
14  0      0 64375692 148068 1120844    0    0     0    22 31048 273542 20 12 69  0  0
10  0      0 64370508 148068 1120876    0    0     0    34 30660 269345 20 12 68  0  0
11  0      0 64372028 148068 1120844    0    0     0     6 29476 259230 19 12 69  0  0
 7  0      0 64371052 148068 1120844    0    0     0     6 30698 272039 19 12 69  0  0
 9  0      0 64371580 148068 1120844    0    0     0    15 30503 272049 19 12 69  0  0
15  0      0 64371500 148072 1120844    0    0     0     6 30713 272780 20 12 69  0  0
 4  0      0 64354168 148072 1120848    0    0     0    20 29450 262406 19 12 69  0  0
 8  0      0 64370752 148072 1120848    0    0     0   288 30388 266315 19 12 69  0  0
 9  0      0 64370308 148072 1120848    0    0     0    10 30654 270011 19 12 69  0  0
procs -----------memory---------- ---swap-- -----io---- --system-- -----cpu------
 r  b   swpd   free   buff  cache   si   so    bi    bo   in   cs us sy id wa st
12  0      0 64366616 148076 1120848    0    0     0     6 31064 273362 20 12 68  0  0
17  0      0 64350392 148076 1120924    0    0     0     9 30132 266330 19 12 69  0  0
 5  0      0 64366648 148076 1120896    0    0     0     6 29861 265072 19 12 69  0  0
 7  0      0 64365668 148076 1120896    0    0     0    14 31309 273389 20 12 68  0  0
 4  0      0 64365656 148084 1120900    0    0     0    12 30630 270327 19 12 69  0  0
12  0      0 64364944 148084 1120932    0    0     0    22 30746 271744 20 12 69  0  0
 4  0      0 64349484 148084 1120900    0    0     0     6 29195 259259 19 12 70  0  0
 7  0      0 64365904 148084 1120900    0    0     0     9 29620 262290 19 12 69  0  0
13  0      0 64362392 148084 1120900    0    0     0     0 30294 264504 19 12 69  0  0
11  0      0 64361712 148084 1120900    0    0     0    12 29223 258588 19 12 69  0  0
 8  0      0 64360936 148084 1120936    0    0     0    19 30542 269399 20 12 69  0  0
 9  0      0 64361432 148084 1120904    0    0     0    22 29145 258543 19 12 70  0  0
10  0      0 64343552 148088 1120936    0    0     0     5 29627 261562 19 12 69  0  0
 5  0      0 64359980 148092 1120904    0    0     0    10 30660 268836 19 12 69  0  0
 9  0      0 64361800 148092 1120904    0    0     0     6 29201 260174 19 12 69  0  0
12  0      0 64342256 148092 1120936    0    0     0     8 30065 266971 19 12 69  0  0
 9  0      0 64360032 148092 1120904    0    0     0    18 30006 262565 19 12 69  0  0
12  0      0 64345792 148092 1120940    0    0     0    13 29223 258380 19 12 69  0  0
 8  0      0 64357644 148096 1120908    0    0     0    10 30352 268048 19 12 69  0  0
15  0      0 64359088 148096 1120908    0    0     0    11 29397 258867 19 12 69  0  0
 8  0      0 64359592 148096 1120940    0    0     0     0 30104 265109 19 12 69  0  0
procs -----------memory---------- ---swap-- -----io---- --system-- -----cpu------
 r  b   swpd   free   buff  cache   si   so    bi    bo   in   cs us sy id wa st
 9  0      0 64358248 148096 1120908    0    0     0    12 30055 264967 19 12 69  0  0
14  0      0 64358184 148096 1120908    0    0     0    18 29049 257684 19 12 70  0  0
 4  0      0 64357940 148104 1120948    0    0     0    16 30869 271033 20 12 68  0  0
10  0      0 64358104 148104 1120952    0    0     0     9 30730 270491 19 12 69  0  0
 7  0      0 64333540 148104 1120984    0    0     0     9 30553 268558 20 12 69  0  0
14  0      0 64352288 148112 1120944    0    0     0     8 29688 259899 19 12 69  0  0
 4  0      0 64352928 148112 1120952    0    0     0     3 30840 272896 20 12 69  0  0
10  0      0 64352176 148116 1120948    0    0     0    19 31063 273379 20 12 68  0  0
 8  0      0 64352032 148120 1120948    0    0     0    21 30666 270994 19 12 69  0  0
 5  0      0 64335976 148128 1120952    0    0     0     9 29318 263529 19 12 69  0  0
14  0      0 64353220 148128 1120952    0    0     0    10 30376 268857 19 12 69  0  0
 9  0      0 64352204 148128 1120952    0    0     0     6 30788 269898 20 12 69  0  0
11  0      0 64354820 148132 1120952    0    0     0    10 31045 272291 20 12 68  0  0
 9  0      0 64322204 148132 1121016    0    0     0    22 30364 270508 19 12 69  0  0
15  0      0 64353592 148132 1120952    0    0     0    22 29305 259978 19 12 70  0  0
 8  0      0 64354460 148132 1120952    0    0     0     3 30672 270383 20 12 69  0  0
10  0      0 64353472 148136 1120956    0    0     0     6 31247 274049 20 12 68  0  0
13  0      0 64354880 148140 1120956    0    0     0     9 30743 273233 20 12 68  0  0
 7  0      0 64337764 148140 1120956    0    0     0     9 29510 264027 19 12 69  0  0
 7  0      0 64357552 148140 1120960    0    0     0    16 30484 271687 20 12 68  0  0
 8  0      0 64357560 148140 1120960    0    0     0    15 30744 270091 19 12 69  0  0
procs -----------memory---------- ---swap-- -----io---- --system-- -----cpu------
 r  b   swpd   free   buff  cache   si   so    bi    bo   in   cs us sy id wa st
15  0      0 64354988 148140 1120960    0    0     0     9 30590 271078 20 12 69  0  0
16  0      0 64344788 148144 1120992    0    0     0     6 30138 266708 19 12 69  0  0
12  0      0 64360632 148144 1120964    0    0     0     9 29790 265163 19 12 69  0  0
 7  0      0 64360784 148144 1121008    0    0     0     4 30698 272110 19 12 69  0  0
 3  0      0 64362296 148144 1121008    0    0     0    18 30836 272974 20 12 69  0  0
15  0      0 64338636 148144 1121040    0    0     0    22 30477 272249 20 12 68  0  0
 4  0      0 64366284 148148 1121008    0    0     0    10 29615 260285 19 12 69  0  0
10  0      0 64365848 148148 1121008    0    0     0     6 31038 274173 20 12 68  0  0
 3  0      0 64365460 148148 1121012    0    0     0     9 31177 273140 20 12 68  0  0
 9  0      0 64362248 148148 1121012    0    0     0     9 30998 271671 20 12 68  0  0
 2  0      0 64340396 148152 1121044    0    0     0    13 29665 264001 19 12 69  0  0
 4  0      0 64365984 148156 1121012    0    0     0    18 30108 266938 19 12 69  0  0
15  0      0 64365868 148156 1121012    0    0     0     9 30933 272190 20 12 68  0  0
 4  0      0 64367132 148160 1121012    0    0     0     6 30810 270291 19 12 69  0  0
11  0      0 64345512 148160 1121044    0    0     0     6 30106 268348 19 12 69  0  0
17  0      0 64370124 148160 1121016    0    0     0    15 29822 261519 19 12 69  0  0
10  0      0 64368512 148160 1121016    0    0     0     3 31100 272445 20 12 68  0  0
 9  0      0 64365164 148164 1121016    0    0     0    23 30994 272715 20 12 68  0  0
 8  0      0 64364476 148164 1121048    0    0     0    13 30861 272190 19 12 69  0  0
 9  0      0 64349924 148168 1121016    0    0     0    10 29483 261359 19 12 69  0  0
 6  0      0 64367668 148168 1121016    0    0     0     0 30408 271429 19 12 69  0  0
procs -----------memory---------- ---swap-- -----io---- --system-- -----cpu------
 r  b   swpd   free   buff  cache   si   so    bi    bo   in   cs us sy id wa st
 7  0      0 64369432 148168 1121016    0    0     0    12 30778 270629 19 12 69  0  0
 3  0      0 64370100 148172 1121020    0    0     0    10 30775 273351 20 12 68  0  0
13  0      0 64354276 148172 1121052    0    0     0    21 29990 265099 19 12 69  0  0
 4  0      0 64370572 148176 1121020    0    0     0    12 30010 263747 19 12 69  0  0
10  0      0 64367056 148184 1121088    0    0     0    26 29462 257783 19 12 69  0  0
10  0      0 64367792 148184 1121088    0    0     0    14 29146 259302 19 12 70  0  0
14  0      0 64369176 148184 1121088    0    0     0     6 29237 259124 19 12 69  0  0
 8  0      0 64369388 148184 1121088    0    0     0    11 29095 258778 19 12 69  0  0
11  0      0 64370656 148184 1121092    0    0     0    15 31053 273442 20 12 69  0  0
 7  0      0 64369164 148184 1121124    0    0     0    15 30761 271134 20 12 69  0  0
 8  0      0 64355760 148184 1121092    0    0     0     6 29585 263127 19 12 69  0  0
 4  0      0 64368092 148184 1121092    0    0     0     3 30774 271557 19 12 69  0  0
 8  0      0 64352100 148184 1121124    0    0     0    20 29551 259399 19 12 69  0  0
11  0      0 64366604 148184 1121096    0    0     0     6 30680 271809 20 12 68  0  0
12  0      0 64353764 148188 1121100    0    0     0    18 29394 260300 19 12 69  0  0
 9  0      0 64366512 148188 1121104    0    0     0    22 29767 264956 19 12 69  0  0
12  0      0 64367868 148212 1121108    0    0     0    28 29963 266134 19 12 69  0  0
 5  0      0 64369092 148212 1121108    0    0     0    10 29217 259334 19 12 70  0  0
10  0      0 64371136 148216 1121108    0    0     0    10 29401 260290 19 12 69  0  0
11  0      0 64354756 148216 1121140    0    0     0     6 29365 260481 19 12 69  0  0
 7  0      0 64354584 148220 1121140    0    0     0    28 30223 267748 19 12 69  0  0
procs -----------memory---------- ---swap-- -----io---- --system-- -----cpu------
 r  b   swpd   free   buff  cache   si   so    bi    bo   in   cs us sy id wa st
12  0      0 64371516 148224 1121112    0    0     0    15 29649 261792 19 12 69  0  0
13  0      0 64371060 148228 1121112    0    0     0     2 29452 259541 19 12 69  0  0
11  0      0 64354700 148228 1121112    0    0     0     3 29384 260197 19 12 69  0  0
 9  0      0 64357640 148236 1121112    0    0     0     9 29760 266453 19 12 69  0  0
 3  0      0 64371348 148240 1121116    0    0     0     6 29899 263559 19 12 69  0  0
 6  0      0 64371732 148244 1121156    0    0     0    24 29212 258792 19 12 70  0  0
10  0      0 64371576 148244 1121156    0    0     0    16 29233 259053 19 12 69  0  0
 8  0      0 64371988 148244 1121160    0    0     0     0 30187 266542 19 12 69  0  0
 5  0      0 64372108 148244 1121192    0    0     0     9 29841 265043 19 12 69  0  0
10  0      0 64370060 148244 1121160    0    0     0     9 29670 260003 19 12 69  0  0
 8  0      0 64371468 148248 1121160    0    0     0     7 29559 258357 19 12 69  0  0
 9  0      0 64356480 148252 1121192    0    0     0    18 29184 259567 19 12 69  0  0
 7  0      0 64354692 148252 1121192    0    0     0    15 30100 265575 19 12 69  0  0
 8  0      0 64370932 148252 1121164    0    0     0    10 29885 265288 19 12 69  0  0
 9  0      0 64372888 148252 1121164    0    0     0     9 29461 260445 19 12 69  0  0
 4  0      0 64372600 148252 1121164    0    0     0     3 29289 259601 19 12 69  0  0
12  0      0 64371080 148252 1121164    0    0     0     6 29958 263636 19 12 69  0  0
 9  0      0 64370932 148252 1121164    0    0     0    18 29793 264238 19 12 69  0  0
 4  0      0 64368892 148252 1121164    0    0     0    18 29597 259492 19 12 69  0  0
 8  0      0 64369920 148252 1121164    0    0     0     2 29234 259661 19 12 69  0  0
 8  0      0 64351816 148252 1121200    0    0     0     9 29830 263924 19 12 69  0  0
procs -----------memory---------- ---swap-- -----io---- --system-- -----cpu------
 r  b   swpd   free   buff  cache   si   so    bi    bo   in   cs us sy id wa st
 9  0      0 64338176 148252 1121200    0    0     0    10 29989 265102 19 12 69  0  0
14  0      0 64371764 148256 1121168    0    0     0     9 29689 261268 19 12 69  0  0
 8  0      0 64373536 148256 1121168    0    0     0    13 29266 258187 19 12 69  0  0
 9  0      0 64354432 148256 1121200    0    0     0    15 29538 259949 19 12 69  0  0
 6  0      0 64369864 148264 1121168    0    0     0     6 29529 261755 19 12 69  0  0
 1  0      0 64368048 148272 1121168    0    0     0    10 30474 267422 20 12 69  0  0
13  0      0 64352164 148276 1121212    0    0     0    10 29357 259802 19 12 69  0  0
11  0      0 64366688 148276 1121212    0    0     0     6 30692 270712 19 12 69  0  0
 1  0      0 64366064 148276 1121212    0    0     0    13 30879 271270 19 12 69  0  0
 7  0      0 64340732 148276 1121244    0    0     0    12 30391 268971 19 12 69  0  0
12  0      0 64367748 148276 1121212    0    0     0    12 29356 260607 19 12 69  0  0
 4  0      0 64366776 148276 1121212    0    0     0     9 31097 272265 20 12 68  0  0
16  0      0 64367204 148276 1121244    0    0     0    11 30916 271261 20 12 68  0  0
15  0      0 64348816 148280 1121216    0    0     0     9 29631 260660 19 12 69  0  0
 6  0      0 64363596 148280 1121216    0    0     0    15 30509 267970 20 12 69  0  0
 7  0      0 64362744 148280 1121216    0    0     0    10 30931 274070 19 12 69  0  0
11  0      0 64362628 148280 1121216    0    0     0    12 30717 271034 19 12 69  0  0
 9  0      0 64348984 148280 1121248    0    0     0     6 30205 268301 19 12 69  0  0
12  0      0 64364428 148280 1121216    0    0     0    12 29965 263971 19 12 69  0  0
 7  0      0 64364496 148280 1121220    0    0     0     8 31030 272557 19 12 69  0  0
 7  0      0 64365220 148280 1121220    0    0     0    15 30910 273453 20 12 68  0  0
procs -----------memory---------- ---swap-- -----io---- --system-- -----cpu------
 r  b   swpd   free   buff  cache   si   so    bi    bo   in   cs us sy id wa st
16  0      0 64363036 148288 1121252    0    0     0    12 30984 271461 20 12 69  0  0
 6  0      0 64361740 148292 1121220    0    0     0    15 29165 257949 19 12 69  0  0
 8  0      0 64346020 148296 1121220    0    0     0     6 30165 266022 19 12 69  0  0
13  0      0 64362564 148300 1121220    0    0     0    12 30207 266762 19 12 69  0  0
 4  0      0 64361952 148300 1121220    0    0     0     7 29388 259646 19 12 69  0  0
 7  0      0 64362092 148300 1121260    0    0     0     9 30577 268385 20 12 69  0  0
11  0      0 64363060 148304 1121228    0    0     0    12 29577 259150 19 12 69  0  0
 8  0      0 64363216 148304 1121268    0    0     0    17 29035 258732 19 12 70  0  0
15  0      0 64362916 148304 1121300    0    0     0     9 30829 271626 20 12 68  0  0
 8  0      0 64363876 148308 1121272    0    0     0    12 29505 260021 19 12 69  0  0
 7  0      0 64341784 148312 1121304    0    0     0     2 29648 261385 19 12 69  0  0
10  0      0 64362124 148316 1121272    0    0     0    12 30491 268637 19 12 69  0  0
 7  0      0 64364236 148316 1121276    0    0     0    14 29440 259695 19 12 69  0  0
 6  0      0 64350632 148316 1121276    0    0     0    10 30251 265241 19 12 69  0  0
12  0      0 64363648 148316 1121276    0    0     0     9 29995 265335 19 12 69  0  0
 9  0      0 64366104 148320 1121276    0    0     0     9 29166 259212 19 12 69  0  0
 7  0      0 64348592 148320 1121308    0    0     0    12 30191 265201 19 12 69  0  0
 8  0      0 64365220 148320 1121276    0    0     0     0 30031 263306 19 12 69  0  0
10  0      0 64344164 148320 1121280    0    0     0    18 29584 260758 19 12 69  0  0
 7  0      0 64360612 148324 1121280    0    0     0    14 30828 269764 20 12 69  0  0
10  0      0 64363348 148332 1121280    0    0     0     9 31037 271538 20 12 69  0  0
procs -----------memory---------- ---swap-- -----io---- --system-- -----cpu------
 r  b   swpd   free   buff  cache   si   so    bi    bo   in   cs us sy id wa st
11  0      0 64362688 148336 1121280    0    0     0     6 30931 273145 20 12 69  0  0
 9  0      0 64350664 148344 1121312    0    0     0    14 30071 263867 19 12 69  0  0
11  0      0 64363516 148352 1121272    0    0     0     6 29849 265206 19 12 69  0  0
 8  0      0 64364940 148352 1121280    0    0     0    10 30613 271266 20 12 68  0  0
 6  0      0 64364440 148356 1121284    0    0     0    15 31079 273901 20 12 68  0  0
11  0      0 64363256 148360 1121316    0    0     0     8 31031 272298 20 12 69  0  0
 7  0      0 64357716 148364 1121284    0    0     0    13 29187 258788 19 12 69  0  0
 8  0      0 64360648 148372 1121276    0    0     0    15 30826 274187 19 12 69  0  0
 6  0      0 64361144 148372 1121324    0    0     0     6 30775 271153 19 12 69  0  0
