procs -----------memory---------- ---swap-- -----io---- --system-- -----cpu------
 r  b   swpd   free   buff  cache   si   so    bi    bo   in   cs us sy id wa st
11  0      0 64065132 143132 1077540    0    0     0     0    6    2 12  6 82  0  0
10  0      0 61558868 143132 1077888    0    0     0    80 35638 79504 41  8 50  0  0
30  0      0 59793524 143132 1077892    0    0     0    16 38001 121797 27 13 60  0  0
44  0      0 59400732 143132 1077892    0    0     0     0 40630 120377 32 12 56  0  0
 2  0      0 59105832 143132 1077892    0    0     0     6 37190 121139 24 12 64  0  0
14  0      0 58996592 143132 1077892    0    0     0     9 38980 128757 24 12 64  0  0
44  0      0 59032612 143132 1077892    0    0     0     3 37429 128066 18 12 69  0  0
 3  0      0 58949168 143132 1077896    0    0     0    70 38094 129148 19 12 68  0  0
 1  0      0 58948796 143132 1077896    0    0     0     6 37568 130028 17 12 70  0  0
20  0      0 58927684 143132 1077928    0    0     0    14 37060 129971 18 12 70  0  0
43  0      0 58922284 143132 1077896    0    0     0     6 37428 130546 17 12 70  0  0
23  0      0 58924268 143132 1077896    0    0     0     0 38901 131391 18 13 69  0  0
43  0      0 58924516 143132 1077896    0    0     0     6 38096 132673 18 13 69  0  0
 5  0      0 58894632 143136 1077928    0    0     0     9 36695 130324 18 12 70  0  0
19  0      0 58919672 143140 1077900    0    0     0    46 35705 129507 16 12 72  0  0
26  0      0 58917484 143140 1077900    0    0     0     0 35192 128193 15 12 73  0  0
 1  0      0 58918952 143140 1077900    0    0     0     6 35824 132005 15 12 73  0  0
12  0      0 58916316 143140 1077932    0    0     0     9 35412 130284 16 12 72  0  0
20  0      0 58914096 143156 1077932    0    0     0    30 34934 129639 15 12 73  0  0
26  0      0 58915564 143160 1077972    0    0     0     3 34143 126635 14 12 74  0  0
 1  0      0 58914540 143160 1077972    0    0     0     3 34267 128880 14 12 74  0  0
procs -----------memory---------- ---swap-- -----io---- --system-- -----cpu------
 r  b   swpd   free   buff  cache   si   so    bi    bo   in   cs us sy id wa st
 2  0      0 58913984 143164 1077976    0    0     0    42 34105 127817 14 12 74  0  0
 1  0      0 58915824 143164 1077976    0    0     0     2 34459 128726 14 12 73  0  0
23  0      0 58921012 143164 1077976    0    0     0    12 36461 133871 16 12 72  0  0
19  0      0 58918892 143164 1077976    0    0     0     6 36821 133106 15 12 73  0  0
 2  0      0 58893704 143168 1077976    0    0     0     6 35446 130634 15 12 73  0  0
 1  0      0 58942228 143168 1077976    0    0     0     0 36116 130979 15 13 72  0  0
 7  0      0 58939024 143172 1078012    0    0     0    44 35464 131115 14 12 73  0  0
 1  0      0 58948448 143176 1078012    0    0     0    10 35355 129883 14 12 73  0  0
 1  0      0 58975520 143180 1077984    0    0     0    15 35416 130066 15 12 73  0  0
 1  0      0 58982096 143188 1077984    0    0     0    31 35796 124922 16 12 72  0  0
 1  0      0 58972948 143188 1077984    0    0     0     3 36535 126757 17 12 71  0  0
 4  0      0 58978580 143188 1077984    0    0     0     6 37579 130801 17 12 70  0  0
55  0      0 59005908 143188 1077984    0    0     0     3 36876 127564 17 12 71  0  0
12  0      0 59013584 143196 1077988    0    0     0    38 35934 127208 17 12 71  0  0
 3  0      0 59021328 143200 1077988    0    0     0     2 36599 130175 17 12 71  0  0
 2  0      0 58996280 143200 1078020    0    0     0     6 36851 126978 17 12 71  0  0
 4  0      0 59009832 143204 1078016    0    0     0     7 36758 127486 17 12 71  0  0
 0  0      0 59044984 143204 1077988    0    0     0     0 37109 127951 17 12 71  0  0
43  0      0 59059328 143204 1077988    0    0     0     6 36324 127190 17 12 71  0  0
 1  0      0 59044720 143204 1078020    0    0     0    40 36706 129148 17 12 71  0  0
 1  0      0 59048604 143208 1078064    0    0     0    12 36340 127284 17 12 71  0  0
procs -----------memory---------- ---swap-- -----io---- --system-- -----cpu------
 r  b   swpd   free   buff  cache   si   so    bi    bo   in   cs us sy id wa st
 1  0      0 59068160 143208 1078032    0    0     0     6 37011 130055 17 12 71  0  0
 3  0      0 59075484 143208 1078036    0    0     0     6 36799 129295 17 12 71  0  0
 1  0      0 59076180 143212 1078036    0    0     0     7 36561 127354 17 12 71  0  0
 1  0      0 59081704 143212 1078036    0    0     0     0 37634 129738 17 12 70  0  0
 1  0      0 59084960 143220 1078036    0    0     0    33 37543 130042 17 12 70  0  0
47  0      0 59084580 143220 1078040    0    0     0    18 37046 128974 17 12 71  0  0
47  0      0 59089776 143220 1078040    0    0     0     6 36146 127368 17 12 71  0  0
 9  0      0 59077672 143220 1078072    0    0     0     2 36147 128077 16 12 71  0  0
 1  0      0 59073648 143220 1078072    0    0     0     6 35905 130088 16 13 72  0  0
 2  0      0 59084344 143220 1078040    0    0     0     0 36695 127630 17 12 71  0  0
 0  0      0 59086476 143220 1078040    0    0     0    10 36000 123894 17 12 71  0  0
 1  0      0 59070880 143220 1078072    0    0     0    31 36414 123599 17 12 71  0  0
36  0      0 59068516 143224 1078076    0    0     0    18 36244 125752 17 12 71  0  0
 2  0      0 59084384 143228 1078044    0    0     0     9 37567 125553 17 12 71  0  0
 1  0      0 59076872 143232 1078044    0    0     0     2 37795 129301 17 12 71  0  0
35  0      0 59061988 143232 1078076    0    0     0     0 36626 127564 17 12 71  0  0
35  0      0 59074724 143232 1078076    0    0     0     7 37542 129536 18 12 70  0  0
 0  0      0 59078900 143232 1078048    0    0     0    18 36292 124643 17 12 71  0  0
 3  0      0 59080592 143236 1078048    0    0     0    12 38471 132919 18 13 70  0  0
 0  0      0 59077972 143240 1078084    0    0     0    15 38798 132448 18 13 70  0  0
 1  0      0 59081100 143244 1078052    0    0     0     9 36598 130091 17 12 71  0  0
procs -----------memory---------- ---swap-- -----io---- --system-- -----cpu------
 r  b   swpd   free   buff  cache   si   so    bi    bo   in   cs us sy id wa st
 1  0      0 59088056 143244 1078092    0    0     0     7 37864 129687 17 12 71  0  0
 1  0      0 59091164 143244 1078092    0    0     0     0 38113 131484 18 12 70  0  0
 2  0      0 59087300 143248 1078116    0    0     0    14 38226 132103 18 13 70  0  0
22  0      0 59073208 143252 1078084    0    0     0    34 36312 131930 17 12 71  0  0
 1  0      0 59087640 143252 1078088    0    0     0     9 36825 132243 17 12 71  0  0
 0  0      0 59090216 143252 1078088    0    0     0    12 38181 133944 18 12 70  0  0
 1  0      0 59087736 143252 1078088    0    0     0     9 38255 133725 18 12 70  0  0
49  0      0 59079892 143252 1078088    0    0     0     6 36186 126488 17 12 71  0  0
 1  0      0 59083844 143252 1078088    0    0     0     0 36782 127698 17 12 71  0  0
 1  0      0 59079112 143256 1078088    0    0     0    16 38155 130692 17 12 71  0  0
 1  0      0 59078040 143256 1078088    0    0     0    26 37215 127529 17 12 71  0  0
10  0      0 59062636 143256 1078124    0    0     0     9 36203 130513 17 12 71  0  0
 0  0      0 59086524 143260 1078092    0    0     0     9 36009 130399 15 12 72  0  0
 1  0      0 59080880 143264 1078092    0    0     0     9 39020 133235 18 13 69  0  0
 3  0      0 59077428 143264 1078092    0    0     0     9 38813 134118 18 13 69  0  0
 0  0      0 59072664 143264 1078092    0    0     0    15 36208 127126 17 12 70  0  0
 1  0      0 59069688 143264 1078124    0    0     0    14 38857 135921 18 13 69  0  0
 0  0      0 59060744 143264 1078092    0    0     0    13 36256 131061 16 12 72  0  0
 3  0      0 59049676 143268 1078128    0    0     0     6 35895 132858 15 12 73  0  0
 1  0      0 59065132 143272 1078096    0    0     0     9 35935 131941 15 12 73  0  0
 0  0      0 59069388 143272 1078096    0    0     0     3 34692 130009 15 12 73  0  0
procs -----------memory---------- ---swap-- -----io---- --system-- -----cpu------
 r  b   swpd   free   buff  cache   si   so    bi    bo   in   cs us sy id wa st
 0  0      0 59044388 143276 1078096    0    0     0     9 35565 131303 15 12 73  0  0
 2  0      0 59062328 143276 1078140    0    0     0    10 35821 132807 15 13 72  0  0
37  0      0 59052324 143276 1078140    0    0     0    22 36225 128929 16 12 72  0  0
13  0      0 59056612 143276 1078172    0    0     0     2 37614 131179 18 12 70  0  0
 1  0      0 59053512 143280 1078144    0    0     0     9 36489 125289 17 12 71  0  0
11  0      0 59039400 143280 1078176    0    0     0     7 36462 129694 18 12 70  0  0
 1  0      0 59047872 143280 1078144    0    0     0    10 37948 131334 18 12 70  0  0
 0  0      0 59044396 143284 1078144    0    0     0    15 36888 128349 18 12 70  0  0
23  0      0 59024416 143288 1078140    0    0     0    25 37250 128022 17 12 70  0  0
 1  0      0 59038948 143288 1078144    0    0     0     2 37644 130077 18 12 70  0  0
 1  0      0 59020192 143292 1078148    0    0     0     6 36838 129295 18 12 70  0  0
32  0      0 59033976 143292 1078148    0    0     0     3 37429 128912 18 12 70  0  0
25  0      0 59030540 143292 1078148    0    0     0     6 38637 134887 18 13 69  0  0
 6  0      0 59033252 143292 1078152    0    0     0    19 37891 133424 18 12 70  0  0
33  0      0 59016036 143296 1078184    0    0     0     6 38222 133635 18 13 69  0  0
 1  0      0 59028200 143296 1078152    0    0     0    25 37139 132206 18 12 70  0  0
30  0      0 59029284 143296 1078152    0    0     0     0 37325 128304 17 12 71  0  0
35  0      0 59031544 143296 1078156    0    0     0    13 38417 132484 18 13 69  0  0
27  0      0 59024724 143296 1078188    0    0     0     6 37097 129130 18 12 70  0  0
 6  0      0 59022020 143300 1078156    0    0     0    10 36697 131563 17 12 71  0  0
 1  0      0 59022560 143300 1078156    0    0     0    10 38249 132828 18 12 70  0  0
procs -----------memory---------- ---swap-- -----io---- --system-- -----cpu------
 r  b   swpd   free   buff  cache   si   so    bi    bo   in   cs us sy id wa st
 1  0      0 59016264 143304 1078156    0    0     0     6 38222 134185 18 12 70  0  0
18  0      0 59019892 143312 1078188    0    0     0    30 38485 134205 18 12 70  0  0
 1  0      0 58998228 143312 1078196    0    0     0    10 37060 133335 18 12 70  0  0
42  0      0 59023888 143312 1078200    0    0     0     0 37380 134279 18 12 69  0  0
 7  0      0 59011664 143312 1078200    0    0     0     9 37827 132404 18 12 70  0  0
19  0      0 59008980 143320 1078196    0    0     0    10 37550 133632 18 12 70  0  0
13  0      0 58983204 143328 1078196    0    0     0    18 37229 130056 18 12 70  0  0
 2  0      0 59000652 143332 1078196    0    0     0     6 37042 127518 17 12 70  0  0
 0  0      0 58994696 143336 1078196    0    0     0    28 37787 129862 18 12 70  0  0
 0  0      0 58994820 143336 1078200    0    0     0    14 38018 132469 18 12 70  0  0
12  0      0 58975344 143336 1078232    0    0     0     9 39422 136405 19 13 69  0  0
 2  0      0 58994588 143340 1078200    0    0     0     6 37205 129406 18 12 70  0  0
32  0      0 58994768 143340 1078200    0    0     0     3 38230 132728 18 12 69  0  0
 1  0      0 58990180 143340 1078200    0    0     0    12 38296 132760 18 12 70  0  0
 5  0      0 58979588 143340 1078232    0    0     0     6 37300 130597 18 12 70  0  0
 1  0      0 58976292 143340 1078200    0    0     0    30 37554 129899 18 12 69  0  0
 1  0      0 58974644 143344 1078204    0    0     0     6 38524 133925 19 13 69  0  0
 0  0      0 58965684 143344 1078204    0    0     0    10 38488 132811 19 13 68  0  0
18  0      0 58963284 143348 1078236    0    0     0     6 38527 135069 19 13 68  0  0
 1  0      0 58939300 143356 1078204    0    0     0    13 36435 129885 18 12 70  0  0
19  0      0 58960820 143356 1078204    0    0     0     6 38601 132920 19 13 68  0  0
procs -----------memory---------- ---swap-- -----io---- --system-- -----cpu------
 r  b   swpd   free   buff  cache   si   so    bi    bo   in   cs us sy id wa st
20  0      0 58980132 143356 1078204    0    0     0    32 38181 137545 18 13 70  0  0
25  0      0 59001636 143356 1078236    0    0     0     6 36368 131686 16 12 72  0  0
 2  0      0 59012580 143356 1078212    0    0     0     6 36044 132554 16 12 72  0  0
14  0      0 59061940 143356 1078256    0    0     0     5 38318 132706 19 12 69  0  0
 0  0      0 59093856 143360 1078256    0    0     0     6 38760 131021 19 13 68  0  0
17  0      0 59125720 143360 1078256    0    0     0    12 38472 133960 19 13 69  0  0
 1  0      0 59117636 143360 1078288    0    0     0    31 38061 134845 19 12 69  0  0
19  0      0 59149176 143364 1078256    0    0     0     6 37387 131292 18 12 70  0  0
38  0      0 59163884 143364 1078260    0    0     0     0 38267 131826 18 12 70  0  0
 1  0      0 59181148 143368 1078260    0    0     0     6 37948 137142 19 12 69  0  0
19  0      0 59174984 143368 1078292    0    0     0    10 37507 130998 19 12 69  0  0
 0  0      0 59213692 143368 1078260    0    0     0     9 37343 131356 18 12 70  0  0
48  0      0 59223776 143372 1078288    0    0     0    28 36278 130018 18 12 70  0  0
47  0      0 59236220 143372 1078288    0    0     0    30 36468 131046 18 12 70  0  0
19  0      0 59237108 143372 1078288    0    0     0     0 36585 129297 18 12 70  0  0
 1  0      0 59255088 143372 1078324    0    0     0     0 37001 129312 18 12 70  0  0
 1  0      0 59288512 143372 1078292    0    0     0     6 37128 131000 18 12 70  0  0
 1  0      0 59301904 143372 1078292    0    0     0    14 36545 130260 18 12 70  0  0
 2  0      0 59293220 143372 1078292    0    0     0     0 36711 132117 18 12 70  0  0
 1  0      0 59321096 143372 1078292    0    0     0     8 37189 132657 19 12 69  0  0
 5  0      0 59351312 143372 1078292    0    0     0    34 37267 131522 18 12 70  0  0
procs -----------memory---------- ---swap-- -----io---- --system-- -----cpu------
 r  b   swpd   free   buff  cache   si   so    bi    bo   in   cs us sy id wa st
49  0      0 59362840 143372 1078292    0    0     0     6 36555 129539 18 12 70  0  0
 1  0      0 59363820 143372 1078296    0    0     0     0 36652 128700 18 12 71  0  0
 1  0      0 59378416 143372 1078296    0    0     0     9 36766 128787 18 12 70  0  0
 1  0      0 59399232 143376 1078296    0    0     0    10 36887 129797 18 12 70  0  0
 1  0      0 59414124 143376 1078336    0    0     0     5 36741 130792 18 12 70  0  0
 1  0      0 59426248 143376 1078336    0    0     0    10 36238 129896 18 12 70  0  0
 0  0      0 59434848 143380 1078368    0    0     0    25 36651 128705 18 12 70  0  0
 1  0      0 59448628 143388 1078368    0    0     0     6 36814 130823 18 12 70  0  0
 1  0      0 59464348 143396 1078340    0    0     0     6 37152 130927 18 12 70  0  0
 9  0      0 59475164 143396 1078340    0    0     0     0 36451 132930 18 12 70  0  0
 2  0      0 59465996 143396 1078372    0    0     0     7 37354 129941 18 12 70  0  0
 1  0      0 59480116 143404 1078372    0    0     0    15 37180 130058 18 12 70  0  0
 0  0      0 59505864 143408 1078340    0    0     0    12 36770 131987 18 12 70  0  0
 1  0      0 59516064 143412 1078340    0    0     0    18 36322 130729 18 12 70  0  0
 1  0      0 59508480 143416 1078376    0    0     0     7 37262 129355 18 12 69  0  0
25  0      0 59521680 143420 1078372    0    0     0     6 36822 129945 18 12 70  0  0
 3  0      0 59553396 143420 1078344    0    0     0     3 36828 128739 18 12 70  0  0
46  0      0 59565296 143428 1078344    0    0     0     6 36836 129200 18 12 70  0  0
 1  0      0 59577824 143428 1078344    0    0     0    22 37370 133971 18 12 70  0  0
44  0      0 59584596 143428 1078344    0    0     0     6 37616 130912 19 12 69  0  0
 1  0      0 59600072 143432 1078344    0    0     0    22 37297 130594 18 12 69  0  0
procs -----------memory---------- ---swap-- -----io---- --system-- -----cpu------
 r  b   swpd   free   buff  cache   si   so    bi    bo   in   cs us sy id wa st
 3  0      0 59612628 143432 1078348    0    0     0     6 36430 129609 18 12 70  0  0
 1  0      0 59622664 143432 1078348    0    0     0     3 36130 127344 18 12 70  0  0
 2  0      0 59632840 143432 1078380    0    0     0     2 37750 134102 18 12 70  0  0
 0  0      0 59643876 143432 1078380    0    0     0     6 37255 132271 18 12 69  0  0
11  0      0 59652428 143436 1078352    0    0     0    25 36997 128098 18 12 70  0  0
47  0      0 59665124 143436 1078392    0    0     0    18 37353 130359 18 12 70  0  0
44  0      0 59665956 143436 1078392    0    0     0     9 38429 134645 19 12 68  0  0
37  0      0 59667196 143436 1078396    0    0     0     9 38731 135793 18 12 70  0  0
 2  0      0 59645568 143436 1078428    0    0     0     6 38355 135849 19 12 69  0  0
 2  0      0 59655648 143436 1078396    0    0     0     6 34676 128921 15 12 73  0  0
 0  0      0 59647572 143436 1078396    0    0     0    16 38532 134617 19 12 69  0  0
 0  0      0 59637864 143440 1078396    0    0     0    18 38867 137797 19 13 68  0  0
 4  0      0 59624616 143444 1078428    0    0     0     6 38304 130810 18 12 70  0  0
 2  0      0 59611752 143448 1078396    0    0     0     9 36939 128329 18 12 70  0  0
 1  0      0 59609952 143448 1078400    0    0     0     3 38906 136250 19 12 69  0  0
 1  0      0 59597912 143452 1078400    0    0     0     6 39324 140702 19 13 68  0  0
 1  0      0 59586984 143460 1078436    0    0     0    22 38213 132178 19 12 69  0  0
 1  0      0 59557696 143468 1078404    0    0     0     9 36834 129572 19 12 69  0  0
 0  0      0 59571032 143468 1078404    0    0     0    13 38464 132788 19 12 68  0  0
 2  0      0 59559872 143468 1078404    0    0     0     6 38976 134937 19 13 68  0  0
47  0      0 59547060 143468 1078408    0    0     0    14 38280 133488 18 12 70  0  0
procs -----------memory---------- ---swap-- -----io---- --system-- -----cpu------
 r  b   swpd   free   buff  cache   si   so    bi    bo   in   cs us sy id wa st
32  0      0 59523140 143472 1078408    0    0     0     6 37997 136659 19 12 69  0  0
17  0      0 59535188 143472 1078408    0    0     0    16 36377 134907 17 12 71  0  0
39  0      0 59518952 143476 1078408    0    0     0     6 37837 132384 18 12 70  0  0
 0  0      0 59512032 143476 1078408    0    0     0    16 39266 136347 19 12 68  0  0
 1  0      0 59479040 143476 1078440    0    0     0    10 37325 136864 18 12 70  0  0
 0  0      0 59490292 143476 1078408    0    0     0    10 35419 131853 16 12 72  0  0
 0  0      0 59479124 143480 1078452    0    0     0     9 37364 137051 17 13 70  0  0
 1  0      0 59470520 143484 1078452    0    0     0    18 37492 131589 18 12 70  0  0
 1  0      0 59455680 143484 1078484    0    0     0    12 38914 136397 20 12 68  0  0
 0  0      0 59443600 143484 1078452    0    0     0     6 36613 134865 18 12 70  0  0
 2  0      0 59435184 143484 1078452    0    0     0    10 37861 134630 19 12 69  0  0
 4  0      0 59425876 143484 1078452    0    0     0     9 37666 136145 18 12 69  0  0
 2  0      0 59419520 143484 1078452    0    0     0     9 35186 130643 16 12 72  0  0
 0  0      0 59393292 143484 1078488    0    0     0     9 35449 131572 16 12 71  0  0
31  0      0 59394380 143488 1078456    0    0     0    18 37011 135481 17 12 71  0  0
20  0      0 59383940 143488 1078456    0    0     0     9 36331 134339 16 13 72  0  0
 4  0      0 59353772 143488 1078488    0    0     0     0 35747 131888 17 12 71  0  0
 2  0      0 59357828 143496 1078456    0    0     0    18 38314 131231 19 12 69  0  0
 0  0      0 59349432 143500 1078456    0    0     0     6 36824 130919 18 12 70  0  0
 0  0      0 59322784 143500 1078492    0    0     0     3 36892 131915 18 12 70  0  0
 0  0      0 59331220 143500 1078460    0    0     0    25 38364 135359 19 12 70  0  0
procs -----------memory---------- ---swap-- -----io---- --system-- -----cpu------
 r  b   swpd   free   buff  cache   si   so    bi    bo   in   cs us sy id wa st
 0  0      0 59325560 143504 1078460    0    0     0    10 34684 123041 18 11 71  0  0
 2  0      0 59297508 143504 1078460    0    0     0     3 36720 129330 18 12 70  0  0
24  0      0 59268640 143508 1078488    0    0     0     6 38032 131789 19 12 69  0  0
 2  0      0 59287284 143508 1078460    0    0     0    13 37188 127054 19 12 69  0  0
 7  0      0 59274388 143508 1078460    0    0     0     6 37059 129926 18 12 70  0  0
 1  0      0 59255712 143508 1078500    0    0     0    13 38243 131464 19 12 69  0  0
21  0      0 59254260 143508 1078468    0    0     0    15 38176 132726 19 12 69  0  0
 4  0      0 59248288 143508 1078508    0    0     0     6 36461 129691 18 12 70  0  0
38  0      0 59235000 143508 1078508    0    0     0     0 37404 132855 19 12 69  0  0
 2  0      0 59226144 143508 1078508    0    0     0     6 38070 132928 19 12 69  0  0
26  0      0 59218708 143512 1078508    0    0     0    18 37030 131872 18 12 70  0  0
 0  0      0 59204504 143512 1078508    0    0     0     9 38349 132722 19 12 69  0  0
 2  0      0 59195396 143512 1078512    0    0     0    13 38664 131363 19 12 69  0  0
 1  0      0 59180552 143516 1078512    0    0     0    15 37300 133444 19 12 69  0  0
 1  0      0 59175524 143516 1078512    0    0     0     7 38146 134870 19 12 69  0  0
 0  0      0 59164960 143520 1078512    0    0     0     5 39224 136766 20 13 68  0  0
 6  0      0 59149216 143520 1078544    0    0     0     6 38962 136347 19 12 69  0  0
 4  0      0 59115936 143520 1078512    0    0     0    18 37146 131361 18 12 70  0  0
29  0      0 59126616 143520 1078520    0    0     0    13 37671 133816 19 12 69  0  0
37  0      0 59116296 143524 1078520    0    0     0     6 39849 140754 20 13 68  0  0
 0  0      0 59102368 143528 1078520    0    0     0    15 37979 131344 19 12 69  0  0
procs -----------memory---------- ---swap-- -----io---- --system-- -----cpu------
 r  b   swpd   free   buff  cache   si   so    bi    bo   in   cs us sy id wa st
 1  0      0 59070372 143532 1078552    0    0     0     6 37758 132061 19 12 69  0  0
41  0      0 59084420 143532 1078520    0    0     0     9 37366 131757 18 12 69  0  0
22  0      0 59073588 143532 1078520    0    0     0     6 37374 131074 19 12 69  0  0
 1  0      0 59063604 143532 1078520    0    0     0    13 38704 134414 20 12 68  0  0
 0  0      0 59048768 143536 1078556    0    0     0    18 37510 128190 18 11 70  0  0
 2  0      0 59034476 143536 1078524    0    0     0     6 36275 128799 18 12 70  0  0
19  0      0 59043148 143536 1078524    0    0     0    10 37986 131034 19 12 69  0  0
 2  0      0 59036324 143540 1078524    0    0     0    11 38359 136998 19 12 69  0  0
43  0      0 59032992 143540 1078596    0    0     0    12 39068 136248 19 12 68  0  0
