procs -----------memory---------- ---swap-- -----io---- --system-- -----cpu------
 r  b   swpd   free   buff  cache   si   so    bi    bo   in   cs us sy id wa st
14  0      0 74516128 141672 1066600    0    0     0     0    9    7 12  6 82  0  0
10  0      0 73397816 141672 1066940    0    0     0    81 194392 139192 35  6 60  0  0
 8  0      0 73192600 141672 1066936    0    0     0     0 410032 248004 19  7 73  0  0
 9  0      0 72880048 141676 1066968    0    0     0     7 384951 220372 20  7 73  0  0
15  0      0 72484392 141680 1066936    0    0     0     6 376788 217679 23  7 71  0  0
10  0      0 71524744 141680 1066936    0    0     0     9 109819 222473 36  9 56  0  0
11  0      0 70067976 141680 1066936    0    0     0     0 33679 290158 25 12 63  0  0
12  0      0 68683376 141684 1066940    0    0     0    75 33973 297785 24 12 64  0  0
 8  0      0 67840560 141684 1066940    0    0     0     6 32556 295159 23 11 66  0  0
11  0      0 67304432 141684 1066940    0    0     0     6 31784 273474 21 12 67  0  0
 7  0      0 66714320 141684 1066940    0    0     0     9 32128 278391 21 12 68  0  0
 9  0      0 65998700 141684 1066940    0    0     0     0 31268 264938 20 12 68  0  0
14  0      0 65418484 141684 1066972    0    0     0     9 31269 269682 20 12 68  0  0
 6  0      0 64906248 141684 1066940    0    0     0    34 28911 247093 19 12 69  0  0
 8  0      0 64786312 141684 1066944    0    0     0    20 31259 263171 20 12 69  0  0
 9  0      0 64692544 141684 1066944    0    0     0     0 30291 264285 19 12 69  0  0
 9  0      0 64628664 141684 1066944    0    0     0     6 30856 268149 20 12 69  0  0
11  0      0 64610620 141692 1066944    0    0     0     6 30662 268414 20 12 69  0  0
13  0      0 64626728 141692 1066944    0    0     0     0 29627 260549 19 12 69  0  0
 5  0      0 64626344 141692 1066984    0    0     0    33 30470 268215 19 12 69  0  0
 9  0      0 64621828 141692 1066984    0    0     0    22 30502 265984 19 12 69  0  0
procs -----------memory---------- ---swap-- -----io---- --system-- -----cpu------
 r  b   swpd   free   buff  cache   si   so    bi    bo   in   cs us sy id wa st
 5  0      0 64589024 141696 1067020    0    0     0     6 30007 266159 19 12 69  0  0
 4  0      0 64620860 141696 1066988    0    0     0     9 29111 254968 19 12 70  0  0
 6  0      0 64614116 141696 1066988    0    0     0     0 30482 265481 19 12 69  0  0
10  0      0 64609588 141696 1066988    0    0     0     6 30430 267429 19 12 69  0  0
14  0      0 64565384 141696 1067020    0    0     0    25 30478 265997 20 12 69  0  0
 6  0      0 64565184 141696 1066988    0    0     0    22 29518 259200 19 12 69  0  0
15  0      0 64569080 141696 1066992    0    0     0    10 29570 261034 19 12 70  0  0
 6  0      0 64568296 141696 1066992    0    0     0     0 30542 267481 19 12 69  0  0
 8  0      0 64567928 141696 1066992    0    0     0     6 30630 265402 19 12 69  0  0
16  0      0 64539056 141700 1067024    0    0     0     6 29945 264646 19 12 69  0  0
 6  0      0 64559996 141704 1066996    0    0     0    18 29066 256962 19 12 70  0  0
13  0      0 64559908 141704 1066996    0    0     0    22 30259 265352 19 12 69  0  0
11  0      0 64555968 141704 1066996    0    0     0    15 30443 268059 19 12 69  0  0
 6  0      0 64548156 141704 1067032    0    0     0     0 30427 267479 19 12 69  0  0
11  0      0 64528984 141704 1067000    0    0     0     6 28971 257661 19 12 69  0  0
 9  0      0 64548812 141704 1067000    0    0     0    14 29707 263668 19 12 69  0  0
 7  0      0 64547908 141704 1067028    0    0     0    28 28808 254187 19 12 70  0  0
 4  0      0 64548544 141704 1067028    0    0     0    28 28820 253782 18 12 70  0  0
18  0      0 64544956 141708 1067028    0    0     0     6 28807 254611 19 12 70  0  0
 2  0      0 64543092 141712 1067060    0    0     0    14 29573 260986 19 11 69  0  0
 7  0      0 64543384 141712 1067072    0    0     0     6 29509 258867 19 12 70  0  0
procs -----------memory---------- ---swap-- -----io---- --system-- -----cpu------
 r  b   swpd   free   buff  cache   si   so    bi    bo   in   cs us sy id wa st
 6  0      0 64544432 141712 1067072    0    0     0     0 29002 254456 19 12 70  0  0
13  0      0 64541500 141712 1067076    0    0     0    14 28800 253260 19 12 70  0  0
 8  0      0 64541444 141716 1067072    0    0     0    30 29597 260792 19 12 69  0  0
11  0      0 64539284 141716 1067076    0    0     0     9 29439 260171 19 12 70  0  0
 6  0      0 64539484 141716 1067076    0    0     0     0 29193 256198 19 12 69  0  0
 4  0      0 64535116 141716 1067080    0    0     0    11 28788 253820 19 12 70  0  0
 7  0      0 64533272 141716 1067112    0    0     0     0 29456 262284 19 12 69  0  0
18  0      0 64533208 141716 1067080    0    0     0    14 29609 261280 19 12 69  0  0
10  0      0 64532968 141716 1067080    0    0     0    30 28773 252167 18 12 70  0  0
 5  0      0 64531740 141716 1067080    0    0     0    15 28957 253918 19 12 70  0  0
 1  0      0 64532528 141716 1067112    0    0     0     0 29643 260747 19 12 69  0  0
 4  0      0 64531208 141716 1067080    0    0     0     6 29401 261320 19 12 69  0  0
 7  0      0 64531140 141716 1067084    0    0     0     8 29224 256279 18 12 70  0  0
 9  0      0 64528112 141716 1067084    0    0     0    15 28814 254380 19 12 70  0  0
 1  0      0 64525568 141716 1067116    0    0     0    26 29645 258469 19 11 69  0  0
12  0      0 64524304 141720 1067112    0    0     0    18 29410 260891 19 12 70  0  0
12  0      0 64523984 141720 1067084    0    0     0     0 29179 255186 19 12 70  0  0
10  0      0 64524460 141720 1067084    0    0     0     2 28883 255421 19 12 70  0  0
 8  0      0 64508496 141724 1067116    0    0     0     2 29142 257636 19 12 69  0  0
 7  0      0 64524328 141724 1067120    0    0     0    18 30046 263908 19 12 69  0  0
 5  0      0 64522272 141724 1067088    0    0     0    19 28973 255481 19 12 70  0  0
procs -----------memory---------- ---swap-- -----io---- --system-- -----cpu------
 r  b   swpd   free   buff  cache   si   so    bi    bo   in   cs us sy id wa st
 6  0      0 64522764 141724 1067128    0    0     0    21 28575 254522 18 12 70  0  0
 9  0      0 64501748 141724 1067160    0    0     0     0 29023 253794 19 11 70  0  0
 9  0      0 64500000 141724 1067160    0    0     0     6 29842 262967 19 12 69  0  0
 8  0      0 64514612 141728 1067128    0    0     0     6 29428 255234 19 12 70  0  0
 9  0      0 64515620 141728 1067124    0    0     0    17 28988 253981 19 12 70  0  0
 7  0      0 64499156 141728 1067156    0    0     0    30 29362 258538 19 12 69  0  0
 8  0      0 64515668 141728 1067156    0    0     0    26 30180 265522 19 12 69  0  0
10  0      0 64514280 141728 1067124    0    0     0     6 29238 255610 19 12 70  0  0
 4  0      0 64497476 141728 1067124    0    0     0     0 28722 255395 18 12 70  0  0
11  0      0 64513952 141728 1067124    0    0     0     6 30451 267858 20 12 69  0  0
17  0      0 64506580 141728 1067124    0    0     0    14 30801 266591 20 12 69  0  0
 5  0      0 64506376 141728 1067128    0    0     0    10 30567 267694 19 12 69  0  0
13  0      0 64484104 141732 1067160    0    0     0    25 29726 263490 19 12 69  0  0
14  0      0 64505148 141736 1067124    0    0     0    21 29390 257503 19 12 69  0  0
12  0      0 64505524 141736 1067128    0    0     0     0 30519 266635 19 12 69  0  0
 5  0      0 64505804 141736 1067128    0    0     0     6 30472 268370 19 12 69  0  0
 6  0      0 64504056 141736 1067128    0    0     0    14 30406 265521 19 12 69  0  0
12  0      0 64486444 141740 1067128    0    0     0     9 29257 256320 19 12 70  0  0
16  0      0 64497704 141740 1067132    0    0     0    19 30043 262604 19 12 69  0  0
 7  0      0 64496624 141740 1067132    0    0     0    21 30366 266802 19 12 69  0  0
10  0      0 64495100 141740 1067132    0    0     0     0 30599 268042 19 12 69  0  0
procs -----------memory---------- ---swap-- -----io---- --system-- -----cpu------
 r  b   swpd   free   buff  cache   si   so    bi    bo   in   cs us sy id wa st
11  0      0 64482688 141744 1067164    0    0     0     6 29565 261357 19 12 69  0  0
10  0      0 64495776 141744 1067180    0    0     0    13 29478 258075 19 12 69  0  0
 9  0      0 64495412 141744 1067180    0    0     0     9 30525 267362 19 12 69  0  0
 9  0      0 64492868 141744 1067184    0    0     0    10 30418 267717 19 12 69  0  0
 5  0      0 64490976 141748 1067216    0    0     0    26 30244 266106 19 12 69  0  0
11  0      0 64469984 141748 1067184    0    0     0    10 29187 254343 19 12 69  0  0
 9  0      0 64485944 141748 1067184    0    0     0     6 30394 265660 19 12 69  0  0
13  0      0 64486020 141748 1067184    0    0     0     6 30265 267315 19 12 69  0  0
 8  0      0 64486272 141756 1067184    0    0     0     6 30436 267293 19 12 69  0  0
 9  0      0 64468184 141756 1067188    0    0     0    16 29834 263103 19 12 69  0  0
 8  0      0 64486324 141756 1067188    0    0     0    18 29275 258336 19 12 70  0  0
 5  0      0 64486732 141764 1067180    0    0     0    14 30230 264031 19 12 69  0  0
 7  0      0 64484864 141764 1067188    0    0     0    10 30335 266708 19 12 69  0  0
12  0      0 64483920 141764 1067188    0    0     0     4 28843 253933 18 12 70  0  0
 8  0      0 64463000 141768 1067188    0    0     0     6 29708 259657 19 11 69  0  0
 9  0      0 64478320 141772 1067188    0    0     0    18 29488 258285 19 12 70  0  0
 8  0      0 64477748 141772 1067192    0    0     0    19 28658 253823 18 12 70  0  0
11  0      0 64461584 141772 1067192    0    0     0     9 29628 261263 19 12 69  0  0
 8  0      0 64478368 141772 1067192    0    0     0     6 29806 259836 19 12 69  0  0
 6  0      0 64477896 141780 1067192    0    0     0    13 28828 254814 18 12 70  0  0
14  0      0 64464096 141780 1067192    0    0     0     9 29594 261038 19 12 70  0  0
procs -----------memory---------- ---swap-- -----io---- --system-- -----cpu------
 r  b   swpd   free   buff  cache   si   so    bi    bo   in   cs us sy id wa st
12  0      0 64476220 141780 1067192    0    0     0    10 29704 260636 19 12 69  0  0
11  0      0 64472668 141784 1067192    0    0     0    10 28753 252820 19 12 70  0  0
 4  0      0 64457116 141788 1067236    0    0     0    21 29738 262795 19 12 69  0  0
11  0      0 64471620 141788 1067236    0    0     0    10 29462 260868 19 12 69  0  0
 7  0      0 64472988 141788 1067236    0    0     0     3 28793 254094 18 12 70  0  0
 9  0      0 64471792 141788 1067236    0    0     0     9 29459 260283 19 12 70  0  0
10  0      0 64471524 141788 1067236    0    0     0     9 29687 259692 19 12 70  0  0
15  0      0 64471640 141792 1067232    0    0     0    26 28859 253806 18 12 70  0  0
10  0      0 64451260 141792 1067268    0    0     0    15 29616 258811 19 12 70  0  0
11  0      0 64468904 141792 1067236    0    0     0     9 29776 262412 19 12 69  0  0
10  0      0 64465356 141792 1067236    0    0     0     3 29040 251879 19 12 70  0  0
 6  0      0 64451348 141792 1067268    0    0     0    10 28953 254802 19 12 70  0  0
10  0      0 64464572 141796 1067236    0    0     0    16 29911 264084 19 12 69  0  0
11  0      0 64465892 141796 1067236    0    0     0    15 29078 254583 19 12 70  0  0
 8  0      0 64465876 141796 1067236    0    0     0    12 29386 258783 19 12 70  0  0
13  0      0 64466276 141800 1067240    0    0     0    12 29864 259605 19 12 70  0  0
14  0      0 64463968 141800 1067240    0    0     0    10 30714 266467 19 12 69  0  0
12  0      0 64462304 141800 1067272    0    0     0     0 30008 265407 19 12 69  0  0
11  0      0 64457552 141800 1067240    0    0     0    15 29113 253757 19 12 69  0  0
11  0      0 64456532 141800 1067240    0    0     0    18 30505 267742 19 11 69  0  0
14  0      0 64456976 141804 1067240    0    0     0    12 30480 267939 19 12 69  0  0
procs -----------memory---------- ---swap-- -----io---- --system-- -----cpu------
 r  b   swpd   free   buff  cache   si   so    bi    bo   in   cs us sy id wa st
 8  0      0 64434224 141804 1067272    0    0     0    15 30156 265534 19 12 69  0  0
10  0      0 64457684 141804 1067244    0    0     0     3 29295 256322 18 12 70  0  0
11  0      0 64458032 141804 1067248    0    0     0     6 30365 265848 19 12 69  0  0
 9  0      0 64457216 141808 1067292    0    0     0     9 30188 266832 19 12 69  0  0
 6  0      0 64457780 141808 1067292    0    0     0    17 30393 267915 19 12 69  0  0
 6  0      0 64435884 141808 1067324    0    0     0    12 29138 257727 19 12 70  0  0
 3  0      0 64453748 141812 1067292    0    0     0    16 29901 263152 19 12 70  0  0
11  0      0 64453680 141812 1067296    0    0     0    12 30494 266828 19 12 69  0  0
 9  0      0 64453776 141812 1067296    0    0     0     6 30415 267099 19 12 69  0  0
 8  0      0 64453256 141812 1067328    0    0     0     3 30134 264612 19 12 69  0  0
 9  0      0 64452996 141812 1067296    0    0     0    18 28904 255630 19 11 70  0  0
 4  0      0 64453488 141816 1067296    0    0     0    10 30129 263598 19 12 69  0  0
10  0      0 64453848 141816 1067296    0    0     0    10 30252 265535 19 12 69  0  0
 5  0      0 64452188 141816 1067296    0    0     0    15 30478 265435 19 12 69  0  0
19  0      0 64450204 141816 1067332    0    0     0     6 29216 257463 19 12 70  0  0
12  0      0 64448676 141820 1067300    0    0     0    10 29714 261404 19 12 69  0  0
 8  0      0 64450800 141820 1067300    0    0     0    10 30356 265015 19 12 69  0  0
13  0      0 64449484 141820 1067300    0    0     0    10 30609 267485 19 12 69  0  0
 3  0      0 64451804 141820 1067300    0    0     0    14 30394 265321 19 12 69  0  0
10  0      0 64453740 141820 1067300    0    0     0    13 28823 254251 18 12 70  0  0
 5  0      0 64454288 141820 1067300    0    0     0    14 30448 265910 19 12 69  0  0
procs -----------memory---------- ---swap-- -----io---- --system-- -----cpu------
 r  b   swpd   free   buff  cache   si   so    bi    bo   in   cs us sy id wa st
11  0      0 64453160 141820 1067304    0    0     0    12 30305 266034 19 12 69  0  0
10  0      0 64449956 141820 1067304    0    0     0    11 30461 265618 20 11 69  0  0
11  0      0 64433540 141820 1067336    0    0     0    10 29029 255104 19 12 70  0  0
 7  0      0 64452124 141820 1067304    0    0     0    12 30125 264606 19 12 69  0  0
11  0      0 64452744 141820 1067344    0    0     0    10 30219 264481 19 11 69  0  0
14  0      0 64456364 141820 1067344    0    0     0     6 30312 266262 19 12 69  0  0
 2  0      0 64432424 141820 1067376    0    0     0    13 29634 260286 19 12 69  0  0
 7  0      0 64458324 141820 1067348    0    0     0    13 29590 260074 19 12 70  0  0
 8  0      0 64457296 141820 1067348    0    0     0    13 30228 264236 19 12 69  0  0
11  0      0 64456900 141820 1067348    0    0     0     6 30352 264466 20 12 69  0  0
14  0      0 64453688 141824 1067376    0    0     0    26 28875 253071 18 11 70  0  0
 8  0      0 64454052 141824 1067376    0    0     0    17 28788 253504 18 12 70  0  0
 7  0      0 64454808 141824 1067376    0    0     0    12 28739 255897 19 12 70  0  0
 6  0      0 64439584 141824 1067412    0    0     0    16 29704 261022 19 12 69  0  0
10  0      0 64454360 141824 1067380    0    0     0    12 29283 259984 19 12 69  0  0
 5  0      0 64456532 141828 1067380    0    0     0     6 29104 254571 19 12 70  0  0
15  0      0 64455144 141828 1067380    0    0     0     3 28867 254412 19 12 70  0  0
 7  0      0 64455160 141828 1067384    0    0     0    12 29547 259685 19 12 69  0  0
14  0      0 64451452 141828 1067384    0    0     0    10 29632 259237 19 12 69  0  0
10  0      0 64453748 141828 1067384    0    0     0    18 28958 253884 18 12 70  0  0
 9  0      0 64452724 141828 1067388    0    0     0    10 28779 253493 19 11 70  0  0
procs -----------memory---------- ---swap-- -----io---- --system-- -----cpu------
 r  b   swpd   free   buff  cache   si   so    bi    bo   in   cs us sy id wa st
 8  0      0 64453592 141828 1067388    0    0     0     9 29349 258664 19 11 70  0  0
11  0      0 64454048 141828 1067388    0    0     0     3 29250 260636 19 12 69  0  0
11  0      0 64456064 141828 1067388    0    0     0     9 29199 255805 19 12 70  0  0
 7  0      0 64455568 141828 1067388    0    0     0    14 28642 253284 19 12 70  0  0
 7  0      0 64454832 141828 1067392    0    0     0    12 29502 258788 19 12 70  0  0
36  0      0 64454964 141832 1067432    0    0     0    10 29603 260720 19 12 69  0  0
 8  0      0 64452096 141832 1067436    0    0     0    12 29122 254676 18 12 70  0  0
 7  0      0 64451948 141832 1067436    0    0     0     2 28862 253623 19 12 70  0  0
 9  0      0 64452568 141832 1067436    0    0     0     3 29353 259507 19 12 70  0  0
15  0      0 64453900 141832 1067436    0    0     0    15 29666 259025 19 12 70  0  0
11  0      0 64453312 141836 1067436    0    0     0    16 28952 253510 19 12 70  0  0
 7  0      0 64454408 141836 1067436    0    0     0     6 28564 253397 18 11 70  0  0
 9  0      0 64454112 141836 1067440    0    0     0    10 29487 259316 19 12 70  0  0
 9  0      0 64454212 141836 1067440    0    0     0     9 29260 259810 19 12 70  0  0
16  0      0 64448928 141836 1067440    0    0     0     9 29017 254255 19 12 69  0  0
 9  0      0 64450076 141836 1067440    0    0     0     6 28647 253953 19 12 70  0  0
11  0      0 64435980 141836 1067472    0    0     0    22 29126 256195 19 12 70  0  0
 8  0      0 64451684 141836 1067440    0    0     0     6 29994 263475 19 12 69  0  0
13  0      0 64451748 141840 1067436    0    0     0    14 29020 253882 18 12 70  0  0
 2  0      0 64452780 141840 1067444    0    0     0     6 28824 254274 19 12 70  0  0
 9  0      0 64437560 141844 1067476    0    0     0     6 28727 254583 19 12 70  0  0
procs -----------memory---------- ---swap-- -----io---- --system-- -----cpu------
 r  b   swpd   free   buff  cache   si   so    bi    bo   in   cs us sy id wa st
13  0      0 64435256 141848 1067476    0    0     0    12 29791 263327 19 12 69  0  0
 8  0      0 64452288 141852 1067444    0    0     0    19 29239 256356 19 12 70  0  0
10  0      0 64451996 141856 1067440    0    0     0     2 28642 251829 19 11 70  0  0
 7  0      0 64449988 141856 1067444    0    0     0     6 30367 266127 19 12 69  0  0
 9  0      0 64451272 141856 1067444    0    0     0     9 30390 268166 19 12 69  0  0
14  0      0 64426712 141856 1067480    0    0     0    12 29969 264732 19 12 69  0  0
 6  0      0 64451180 141856 1067488    0    0     0    12 29268 257565 19 12 70  0  0
 6  0      0 64452100 141856 1067488    0    0     0    22 30378 268332 19 12 69  0  0
15  0      0 64451952 141856 1067488    0    0     0     0 30401 264770 19 12 69  0  0
10  0      0 64449984 141856 1067488    0    0     0    12 30299 265946 19 12 69  0  0
 8  0      0 64444712 141856 1067520    0    0     0     6 29588 260397 19 12 69  0  0
 4  0      0 64447236 141864 1067492    0    0     0    18 29861 264084 19 12 69  0  0
 4  0      0 64445900 141864 1067492    0    0     0    14 30307 265236 19 12 70  0  0
 9  0      0 64447708 141864 1067492    0    0     0    19 30411 267186 19 12 69  0  0
 8  0      0 64446604 141864 1067492    0    0     0     6 30315 265250 19 12 69  0  0
10  0      0 64438804 141868 1067492    0    0     0     9 28739 254260 18 12 70  0  0
 7  0      0 64449808 141872 1067492    0    0     0     9 30348 266978 19 12 69  0  0
11  0      0 64448096 141872 1067492    0    0     0    13 30338 268028 19 12 69  0  0
10  0      0 64446312 141872 1067496    0    0     0   271 30620 268478 20 12 69  0  0
16  0      0 64445380 141876 1067528    0    0     0    31 29323 259917 19 11 70  0  0
 7  0      0 64446504 141876 1067496    0    0     0     6 29565 259786 19 12 69  0  0
procs -----------memory---------- ---swap-- -----io---- --system-- -----cpu------
 r  b   swpd   free   buff  cache   si   so    bi    bo   in   cs us sy id wa st
16  0      0 64448132 141876 1067496    0    0     0     3 30450 266364 19 12 69  0  0
 6  0      0 64448760 141876 1067496    0    0     0     9 30281 265124 19 12 69  0  0
 7  0      0 64448860 141876 1067528    0    0     0    12 30204 265868 19 12 69  0  0
 2  0      0 64449172 141876 1067500    0    0     0    10 28978 253796 19 12 70  0  0
12  0      0 64448484 141876 1067504    0    0     0    22 30323 265278 19 12 69  0  0
13  0      0 64448844 141876 1067508    0    0     0    11 30581 267679 19 12 69  0  0
 7  0      0 64444340 141876 1067508    0    0     0     9 30245 263879 20 12 69  0  0
 8  0      0 64443956 141876 1067548    0    0     0     3 28785 254606 19 12 70  0  0
 8  0      0 64445316 141880 1067548    0    0     0     9 28754 254378 19 12 70  0  0
11  0      0 64429384 141880 1067580    0    0     0     6 29667 260554 19 12 69  0  0
 6  0      0 64447268 141884 1067548    0    0     0    22 29645 258966 19 12 70  0  0
 8  0      0 64431596 141888 1067584    0    0     0     9 28812 253612 18 12 70  0  0
12  0      0 64448316 141892 1067552    0    0     0    12 30186 263161 19 12 69  0  0
 7  0      0 64449256 141892 1067552    0    0     0     6 29020 254106 19 12 70  0  0
 6  0      0 64444220 141892 1067552    0    0     0     6 29575 257148 19 11 69  0  0
11  0      0 64444528 141892 1067552    0    0     0     6 30080 261179 19 12 69  0  0
15  0      0 64444088 141892 1067552    0    0     0    13 28808 253750 18 12 70  0  0
 6  0      0 64445328 141892 1067556    0    0     0    10 30206 267518 19 12 69  0  0
 1  0      0 64446352 141892 1067556    0    0     0     9 29305 254363 19 12 70  0  0
10  0      0 64425816 141896 1067588    0    0     0     6 29454 258864 19 12 69  0  0
10  0      0 64447892 141900 1067556    0    0     0    15 29851 260759 19 12 69  0  0
procs -----------memory---------- ---swap-- -----io---- --system-- -----cpu------
 r  b   swpd   free   buff  cache   si   so    bi    bo   in   cs us sy id wa st
 9  0      0 64448840 141904 1067556    0    0     0     2 28741 253477 18 12 70  0  0
13  0      0 64447136 141904 1067556    0    0     0    13 30624 268668 20 12 69  0  0
13  0      0 64423324 141904 1067588    0    0     0    15 29525 257572 19 12 69  0  0
16  0      0 64444076 141904 1067560    0    0     0    14 29770 261780 19 12 69  0  0
12  0      0 64444368 141908 1067560    0    0     0     6 30561 268317 19 12 69  0  0
 8  0      0 64446632 141908 1067560    0    0     0    13 30278 266609 19 12 69  0  0
 9  0      0 64426528 141912 1067592    0    0     0     6 30002 264426 19 12 69  0  0
11  0      0 64447356 141912 1067560    0    0     0    15 29456 257921 19 12 70  0  0
 6  0      0 64447468 141916 1067600    0    0     0    16 30361 266019 19 12 69  0  0
