Checksummer MsgSize MeanMPS MeanSD
Adler32   100  1566.949  75.47275 
Adler32   16000  1008.621  16.34857 
Adler32   32000  636.4199  13.9874 
Adler32   48000  510.9026  5.50412 
Adler32   8000  1517.805  62.80505 
Baseline   100  1744.149  551.7185 
Baseline   16000  985.5977  20.07173 
Baseline   32000  607.5349  14.29682 
Baseline   48000  501.8886  5.869611 
Baseline   8000  1506.474  54.24295 
NIOAdler32   100  1554.179  21.6872 
NIOAdler32   16000  1015.591  18.73291 
NIOAdler32   32000  633.5435  12.42776 
NIOAdler32   48000  511.508  5.663038 
NIOAdler32   8000  1515.972  76.67963 
Noop   100  1576.349  81.03058 
Noop   16000  1004.536  17.08889 
Noop   32000  634.924  13.43482 
Noop   48000  508.199  5.570893 
Noop   8000  1489.231  65.37108 
