Checksummer MsgSize Idle
Adler32 100 70
Adler32 100 70
Adler32 100 69
Adler32 100 69
Adler32 100 70
Adler32 100 70
Adler32 100 70
Adler32 100 70
Adler32 100 70
Adler32 100 70
Adler32 100 70
Adler32 100 70
Adler32 100 70
Adler32 100 70
Adler32 100 70
Adler32 100 70
Adler32 100 70
Adler32 100 70
Adler32 100 70
Adler32 100 70
Adler32 100 69
Adler32 100 70
Adler32 100 70
Adler32 100 69
Adler32 100 69
Adler32 100 70
Adler32 100 70
Adler32 100 69
Adler32 100 69
Adler32 100 69
Adler32 100 70
Adler32 100 70
Adler32 100 70
Adler32 100 69
Adler32 100 70
Adler32 100 70
Adler32 100 70
Adler32 100 69
Adler32 100 69
Adler32 100 70
Adler32 100 70
Adler32 100 69
Adler32 100 69
Adler32 100 70
Adler32 100 70
Adler32 100 69
Adler32 100 69
Adler32 100 70
Adler32 100 70
Adler32 100 70
Adler32 100 70
Adler32 100 70
Adler32 100 70
Adler32 100 70
Adler32 100 69
Adler32 100 70
Adler32 100 70
Adler32 100 70
Adler32 100 70
Adler32 100 70
Adler32 100 70
Adler32 100 70
Adler32 100 69
Adler32 100 70
Adler32 100 69
Adler32 100 70
Adler32 100 70
Adler32 100 69
Adler32 100 70
Adler32 100 69
Adler32 100 70
Adler32 100 70
Adler32 100 69
Adler32 100 69
Adler32 100 70
Adler32 100 70
Adler32 100 69
Adler32 100 69
Adler32 100 69
Adler32 100 70
Adler32 100 70
Adler32 100 69
Adler32 100 69
Adler32 100 70
Adler32 100 70
Adler32 100 69
Adler32 100 69
Adler32 100 70
Adler32 100 70
Adler32 100 69
Adler32 100 69
Adler32 100 69
Adler32 100 70
Adler32 100 70
Adler32 100 70
Adler32 100 69
Adler32 100 70
Adler32 100 70
Adler32 100 70
Adler32 100 69
Adler32 100 69
Adler32 100 70
Adler32 100 69
Adler32 100 69
Adler32 100 69
Adler32 100 70
Adler32 100 70
Adler32 100 69
Adler32 100 70
Adler32 100 70
Adler32 100 70
Adler32 100 70
Adler32 100 70
Adler32 100 70
Adler32 100 70
Adler32 100 70
Adler32 100 70
Adler32 100 70
Adler32 100 70
Adler32 100 70
Adler32 100 70
Adler32 100 70
Adler32 100 70
Adler32 100 70
Adler32 100 70
Adler32 100 70
Adler32 100 70
Adler32 100 70
Adler32 100 70
Adler32 100 70
Adler32 100 70
Adler32 100 70
Adler32 100 70
Adler32 100 69
Adler32 100 70
Adler32 100 70
Adler32 100 70
Adler32 100 70
Adler32 100 70
Adler32 100 70
Adler32 100 70
Adler32 100 70
Adler32 100 70
Adler32 100 70
Adler32 100 70
Adler32 100 70
Adler32 100 70
Adler32 100 70
Adler32 100 70
Adler32 100 70
Adler32 100 70
Adler32 100 69
Adler32 100 70
Adler32 100 69
Adler32 100 69
Adler32 100 69
Adler32 100 70
Adler32 100 53
Adler32 100 34
Adler32 100 68
Adler32 100 69
Adler32 100 68
Adler32 100 68
Adler32 100 69
Adler32 100 69
Adler32 100 69
Adler32 100 69
Adler32 100 69
Adler32 100 69
Adler32 100 69
Adler32 100 69
Adler32 100 69
Adler32 100 69
Adler32 100 69
Adler32 100 69
Adler32 100 69
Adler32 100 70
Adler32 100 69
Adler32 100 69
Adler32 100 69
Adler32 100 68
Adler32 100 69
Adler32 100 69
Adler32 100 69
Adler32 100 69
Adler32 100 68
Adler32 100 69
Adler32 100 69
Adler32 100 68
Adler32 100 68
Adler32 100 69
Adler32 100 69
Adler32 100 68
Adler32 100 68
Adler32 100 68
Adler32 100 69
Adler32 100 69
Adler32 100 69
Adler32 100 69
Adler32 100 69
Adler32 100 69
Adler32 100 69
Adler32 100 69
Adler32 100 69
Adler32 100 69
Adler32 100 68
Adler32 100 68
Adler32 100 68
Adler32 100 69
Adler32 100 69
Adler32 100 68
Adler32 100 68
Adler32 100 69
Adler32 100 69
Adler32 100 68
Adler32 100 68
Adler32 100 68
Adler32 100 69
Adler32 100 69
Adler32 100 68
Adler32 100 69
Adler32 100 69
Adler32 100 69
Adler32 100 68
Adler32 100 68
Adler32 100 68
Adler32 16000 65
Adler32 16000 62
Adler32 16000 59
Adler32 16000 59
Adler32 16000 59
Adler32 16000 65
Adler32 16000 66
Adler32 16000 66
Adler32 16000 66
Adler32 16000 65
Adler32 16000 66
Adler32 16000 65
Adler32 16000 60
Adler32 16000 60
Adler32 16000 60
Adler32 16000 60
Adler32 16000 61
Adler32 16000 60
Adler32 16000 60
Adler32 16000 60
Adler32 16000 60
Adler32 16000 58
Adler32 16000 60
Adler32 16000 60
Adler32 16000 58
Adler32 16000 61
Adler32 16000 60
Adler32 16000 58
Adler32 16000 59
Adler32 16000 58
Adler32 16000 59
Adler32 16000 59
Adler32 16000 57
Adler32 16000 59
Adler32 16000 60
Adler32 16000 59
Adler32 16000 60
Adler32 16000 61
Adler32 16000 60
Adler32 16000 59
Adler32 16000 59
Adler32 16000 59
Adler32 16000 60
Adler32 16000 59
Adler32 16000 59
Adler32 16000 59
Adler32 16000 62
Adler32 16000 66
Adler32 16000 66
Adler32 16000 65
Adler32 16000 65
Adler32 16000 58
Adler32 16000 60
Adler32 16000 58
Adler32 16000 60
Adler32 16000 58
Adler32 16000 58
Adler32 16000 60
Adler32 16000 59
Adler32 16000 60
Adler32 16000 58
Adler32 16000 61
Adler32 16000 59
Adler32 16000 60
Adler32 16000 61
Adler32 16000 58
Adler32 16000 60
Adler32 16000 60
Adler32 16000 59
Adler32 16000 59
Adler32 16000 59
Adler32 16000 60
Adler32 16000 59
Adler32 16000 61
Adler32 16000 59
Adler32 16000 59
Adler32 16000 58
Adler32 16000 61
Adler32 16000 60
Adler32 16000 60
Adler32 16000 60
Adler32 16000 61
Adler32 16000 60
Adler32 16000 61
Adler32 16000 61
Adler32 16000 58
Adler32 16000 58
Adler32 16000 59
Adler32 16000 59
Adler32 16000 60
Adler32 16000 59
Adler32 16000 60
Adler32 16000 60
Adler32 16000 58
Adler32 16000 60
Adler32 16000 60
Adler32 16000 60
Adler32 16000 59
Adler32 16000 59
Adler32 16000 60
Adler32 16000 60
Adler32 16000 60
Adler32 16000 60
Adler32 16000 61
Adler32 16000 61
Adler32 16000 59
Adler32 16000 60
Adler32 16000 59
Adler32 16000 62
Adler32 16000 65
Adler32 16000 65
Adler32 16000 66
Adler32 16000 66
Adler32 16000 66
Adler32 16000 66
Adler32 16000 65
Adler32 16000 66
Adler32 16000 66
Adler32 16000 66
Adler32 16000 65
Adler32 16000 65
Adler32 16000 66
Adler32 16000 65
Adler32 16000 65
Adler32 16000 64
Adler32 16000 60
Adler32 16000 60
Adler32 16000 60
Adler32 16000 59
Adler32 16000 60
Adler32 16000 60
Adler32 16000 60
Adler32 16000 60
Adler32 16000 60
Adler32 16000 61
Adler32 16000 61
Adler32 16000 59
Adler32 16000 60
Adler32 16000 58
Adler32 16000 60
Adler32 16000 60
Adler32 16000 58
Adler32 16000 58
Adler32 16000 60
Adler32 16000 59
Adler32 16000 65
Adler32 16000 65
Adler32 16000 64
Adler32 16000 60
Adler32 16000 60
Adler32 16000 57
Adler32 16000 57
Adler32 16000 59
Adler32 16000 58
Adler32 16000 60
Adler32 16000 59
Adler32 16000 59
Adler32 16000 59
Adler32 16000 59
Adler32 16000 59
Adler32 16000 60
Adler32 16000 59
Adler32 16000 58
Adler32 16000 59
Adler32 16000 60
Adler32 16000 59
Adler32 16000 58
Adler32 16000 60
Adler32 16000 59
Adler32 16000 59
Adler32 16000 60
Adler32 16000 59
Adler32 16000 59
Adler32 16000 59
Adler32 16000 60
Adler32 16000 58
Adler32 16000 60
Adler32 16000 58
Adler32 16000 58
Adler32 16000 58
Adler32 16000 59
Adler32 16000 59
Adler32 16000 59
Adler32 16000 57
Adler32 16000 60
Adler32 16000 59
Adler32 16000 58
Adler32 16000 59
Adler32 16000 60
Adler32 16000 60
Adler32 16000 58
Adler32 16000 57
Adler32 16000 60
Adler32 16000 60
Adler32 16000 60
Adler32 16000 60
Adler32 16000 59
Adler32 16000 58
Adler32 16000 58
Adler32 16000 58
Adler32 16000 59
Adler32 16000 59
Adler32 16000 58
Adler32 16000 58
Adler32 16000 60
Adler32 16000 60
Adler32 16000 58
Adler32 16000 59
Adler32 16000 60
Adler32 16000 61
Adler32 16000 58
Adler32 16000 58
Adler32 16000 57
Adler32 16000 60
Adler32 16000 59
Adler32 16000 59
Adler32 16000 60
Adler32 16000 59
Adler32 16000 60
Adler32 16000 60
Adler32 16000 59
Adler32 16000 60
Adler32 16000 59
Adler32 16000 60
Adler32 16000 58
Adler32 16000 58
Adler32 32000 68
Adler32 32000 68
Adler32 32000 68
Adler32 32000 69
Adler32 32000 68
Adler32 32000 68
Adler32 32000 68
Adler32 32000 68
Adler32 32000 68
Adler32 32000 68
Adler32 32000 68
Adler32 32000 68
Adler32 32000 68
Adler32 32000 69
Adler32 32000 66
Adler32 32000 66
Adler32 32000 67
Adler32 32000 68
Adler32 32000 68
Adler32 32000 68
Adler32 32000 67
Adler32 32000 68
Adler32 32000 66
Adler32 32000 66
Adler32 32000 66
Adler32 32000 68
Adler32 32000 68
Adler32 32000 66
Adler32 32000 68
Adler32 32000 67
Adler32 32000 69
Adler32 32000 72
Adler32 32000 72
Adler32 32000 71
Adler32 32000 71
Adler32 32000 70
Adler32 32000 71
Adler32 32000 70
Adler32 32000 68
Adler32 32000 68
Adler32 32000 68
Adler32 32000 68
Adler32 32000 69
Adler32 32000 66
Adler32 32000 66
Adler32 32000 68
Adler32 32000 69
Adler32 32000 67
Adler32 32000 66
Adler32 32000 65
Adler32 32000 68
Adler32 32000 66
Adler32 32000 65
Adler32 32000 66
Adler32 32000 68
Adler32 32000 66
Adler32 32000 66
Adler32 32000 66
Adler32 32000 67
Adler32 32000 66
Adler32 32000 70
Adler32 32000 68
Adler32 32000 67
Adler32 32000 68
Adler32 32000 66
Adler32 32000 65
Adler32 32000 67
Adler32 32000 68
Adler32 32000 67
Adler32 32000 68
Adler32 32000 68
Adler32 32000 68
Adler32 32000 68
Adler32 32000 67
Adler32 32000 66
Adler32 32000 68
Adler32 32000 66
Adler32 32000 66
Adler32 32000 66
Adler32 32000 68
Adler32 32000 68
Adler32 32000 68
Adler32 32000 65
Adler32 32000 67
Adler32 32000 67
Adler32 32000 67
Adler32 32000 68
Adler32 32000 68
Adler32 32000 68
Adler32 32000 67
Adler32 32000 66
Adler32 32000 68
Adler32 32000 66
Adler32 32000 67
Adler32 32000 67
Adler32 32000 66
Adler32 32000 66
Adler32 32000 68
Adler32 32000 68
Adler32 32000 68
Adler32 32000 67
Adler32 32000 68
Adler32 32000 66
Adler32 32000 67
Adler32 32000 67
Adler32 32000 68
Adler32 32000 66
Adler32 32000 67
Adler32 32000 69
Adler32 32000 68
Adler32 32000 67
Adler32 32000 67
Adler32 32000 67
Adler32 32000 67
Adler32 32000 66
Adler32 32000 68
Adler32 32000 67
Adler32 32000 66
Adler32 32000 66
Adler32 32000 67
Adler32 32000 67
Adler32 32000 66
Adler32 32000 68
Adler32 32000 68
Adler32 32000 68
Adler32 32000 66
Adler32 32000 66
Adler32 32000 67
Adler32 32000 67
Adler32 32000 68
Adler32 32000 68
Adler32 32000 67
Adler32 32000 65
Adler32 32000 65
Adler32 32000 67
Adler32 32000 66
Adler32 32000 65
Adler32 32000 65
Adler32 32000 67
Adler32 32000 65
Adler32 32000 68
Adler32 32000 67
Adler32 32000 67
Adler32 32000 68
Adler32 32000 65
Adler32 32000 65
Adler32 32000 67
Adler32 32000 66
Adler32 32000 68
Adler32 32000 66
Adler32 32000 66
Adler32 32000 67
Adler32 32000 66
Adler32 32000 67
Adler32 32000 67
Adler32 32000 66
Adler32 32000 67
Adler32 32000 67
Adler32 32000 67
Adler32 32000 67
Adler32 32000 67
Adler32 32000 67
Adler32 32000 65
Adler32 32000 67
Adler32 32000 65
Adler32 32000 66
Adler32 32000 66
Adler32 32000 67
Adler32 32000 65
Adler32 32000 66
Adler32 32000 66
Adler32 32000 68
Adler32 32000 68
Adler32 32000 70
Adler32 32000 68
Adler32 32000 67
Adler32 32000 65
Adler32 32000 67
Adler32 32000 65
Adler32 32000 66
Adler32 32000 66
Adler32 32000 67
Adler32 32000 67
Adler32 32000 67
Adler32 32000 67
Adler32 32000 65
Adler32 32000 67
Adler32 32000 67
Adler32 32000 67
Adler32 32000 65
Adler32 32000 65
Adler32 32000 67
Adler32 32000 67
Adler32 32000 66
Adler32 32000 67
Adler32 32000 67
Adler32 32000 68
Adler32 32000 65
Adler32 32000 65
Adler32 32000 68
Adler32 32000 66
Adler32 32000 65
Adler32 32000 65
Adler32 32000 67
Adler32 32000 66
Adler32 32000 67
Adler32 32000 67
Adler32 32000 67
Adler32 32000 66
Adler32 32000 67
Adler32 32000 68
Adler32 32000 67
Adler32 32000 66
Adler32 32000 67
Adler32 32000 67
Adler32 32000 67
Adler32 32000 67
Adler32 32000 66
Adler32 32000 70
Adler32 32000 67
Adler32 32000 68
Adler32 32000 67
Adler32 32000 67
Adler32 32000 67
Adler32 32000 67
Adler32 32000 67
Adler32 48000 71
Adler32 48000 72
Adler32 48000 70
Adler32 48000 71
Adler32 48000 72
Adler32 48000 72
Adler32 48000 71
Adler32 48000 70
Adler32 48000 71
Adler32 48000 71
Adler32 48000 71
Adler32 48000 70
Adler32 48000 70
Adler32 48000 71
Adler32 48000 71
Adler32 48000 71
Adler32 48000 70
Adler32 48000 72
Adler32 48000 72
Adler32 48000 72
Adler32 48000 72
Adler32 48000 71
Adler32 48000 71
Adler32 48000 71
Adler32 48000 71
Adler32 48000 72
Adler32 48000 72
Adler32 48000 71
Adler32 48000 71
Adler32 48000 72
Adler32 48000 72
Adler32 48000 72
Adler32 48000 72
Adler32 48000 72
Adler32 48000 71
Adler32 48000 72
Adler32 48000 71
Adler32 48000 71
Adler32 48000 71
Adler32 48000 71
Adler32 48000 72
Adler32 48000 71
Adler32 48000 70
Adler32 48000 70
Adler32 48000 71
Adler32 48000 71
Adler32 48000 70
Adler32 48000 70
Adler32 48000 72
Adler32 48000 72
Adler32 48000 70
Adler32 48000 70
Adler32 48000 70
Adler32 48000 71
Adler32 48000 71
Adler32 48000 71
Adler32 48000 71
Adler32 48000 72
Adler32 48000 71
Adler32 48000 71
Adler32 48000 72
Adler32 48000 71
Adler32 48000 73
Adler32 48000 73
Adler32 48000 72
Adler32 48000 71
Adler32 48000 72
Adler32 48000 72
Adler32 48000 71
Adler32 48000 71
Adler32 48000 71
Adler32 48000 71
Adler32 48000 70
Adler32 48000 70
Adler32 48000 71
Adler32 48000 71
Adler32 48000 70
Adler32 48000 72
Adler32 48000 71
Adler32 48000 71
Adler32 48000 72
Adler32 48000 72
Adler32 48000 71
Adler32 48000 71
Adler32 48000 71
Adler32 48000 71
Adler32 48000 70
Adler32 48000 71
Adler32 48000 71
Adler32 48000 71
Adler32 48000 71
Adler32 48000 71
Adler32 48000 71
Adler32 48000 72
Adler32 48000 70
Adler32 48000 71
Adler32 48000 71
Adler32 48000 71
Adler32 48000 70
Adler32 48000 70
Adler32 48000 71
Adler32 48000 71
Adler32 48000 71
Adler32 48000 71
Adler32 48000 71
Adler32 48000 71
Adler32 48000 70
Adler32 48000 71
Adler32 48000 71
Adler32 48000 71
Adler32 48000 71
Adler32 48000 71
Adler32 48000 71
Adler32 48000 70
Adler32 48000 71
Adler32 48000 70
Adler32 48000 70
Adler32 48000 71
Adler32 48000 70
Adler32 48000 70
Adler32 48000 70
Adler32 48000 70
Adler32 48000 70
Adler32 48000 69
Adler32 48000 70
Adler32 48000 69
Adler32 48000 70
Adler32 48000 72
Adler32 48000 73
Adler32 48000 72
Adler32 48000 71
Adler32 48000 70
Adler32 48000 70
Adler32 48000 71
Adler32 48000 71
Adler32 48000 69
Adler32 48000 70
Adler32 48000 71
Adler32 48000 71
Adler32 48000 70
Adler32 48000 70
Adler32 48000 70
Adler32 48000 71
Adler32 48000 71
Adler32 48000 69
Adler32 48000 71
Adler32 48000 73
Adler32 48000 71
Adler32 48000 72
Adler32 48000 71
Adler32 48000 70
Adler32 48000 71
Adler32 48000 70
Adler32 48000 70
Adler32 48000 69
Adler32 48000 70
Adler32 48000 70
Adler32 48000 69
Adler32 48000 69
Adler32 48000 71
Adler32 48000 69
Adler32 48000 70
Adler32 48000 70
Adler32 48000 71
Adler32 48000 70
Adler32 48000 69
Adler32 48000 70
Adler32 48000 71
Adler32 48000 70
Adler32 48000 70
Adler32 48000 71
Adler32 48000 71
Adler32 48000 70
Adler32 48000 69
Adler32 48000 70
Adler32 48000 69
Adler32 48000 70
Adler32 48000 69
Adler32 48000 70
Adler32 48000 69
Adler32 48000 71
Adler32 48000 70
Adler32 48000 69
Adler32 48000 69
Adler32 48000 70
Adler32 48000 70
Adler32 48000 69
Adler32 48000 71
Adler32 48000 71
Adler32 48000 72
Adler32 48000 70
Adler32 48000 69
Adler32 48000 70
Adler32 48000 70
Adler32 48000 68
Adler32 48000 69
Adler32 48000 69
Adler32 48000 71
Adler32 48000 70
Adler32 48000 70
Adler32 48000 69
Adler32 48000 70
Adler32 48000 70
Adler32 48000 71
Adler32 48000 71
Adler32 48000 71
Adler32 48000 71
Adler32 48000 70
Adler32 48000 71
Adler32 48000 70
Adler32 48000 70
Adler32 48000 70
Adler32 48000 70
Adler32 48000 70
Adler32 48000 70
Adler32 48000 70
Adler32 48000 70
Adler32 48000 70
Adler32 48000 70
Adler32 48000 72
Adler32 48000 72
Adler32 48000 71
Adler32 48000 71
Adler32 48000 70
Adler32 48000 70
Adler32 48000 73
Adler32 8000 64
Adler32 8000 65
Adler32 8000 50
Adler32 8000 48
Adler32 8000 48
Adler32 8000 48
Adler32 8000 48
Adler32 8000 49
Adler32 8000 48
Adler32 8000 49
Adler32 8000 48
Adler32 8000 49
Adler32 8000 49
Adler32 8000 49
Adler32 8000 49
Adler32 8000 48
Adler32 8000 48
Adler32 8000 49
Adler32 8000 49
Adler32 8000 50
Adler32 8000 48
Adler32 8000 49
Adler32 8000 47
Adler32 8000 48
Adler32 8000 49
Adler32 8000 49
Adler32 8000 49
Adler32 8000 48
Adler32 8000 48
Adler32 8000 49
Adler32 8000 50
Adler32 8000 47
Adler32 8000 49
Adler32 8000 48
Adler32 8000 48
Adler32 8000 51
Adler32 8000 63
Adler32 8000 64
Adler32 8000 64
Adler32 8000 64
Adler32 8000 56
Adler32 8000 48
Adler32 8000 48
Adler32 8000 48
Adler32 8000 49
Adler32 8000 49
Adler32 8000 49
Adler32 8000 49
Adler32 8000 50
Adler32 8000 49
Adler32 8000 49
Adler32 8000 48
Adler32 8000 49
Adler32 8000 49
Adler32 8000 49
Adler32 8000 49
Adler32 8000 49
Adler32 8000 48
Adler32 8000 48
Adler32 8000 48
Adler32 8000 49
Adler32 8000 48
Adler32 8000 49
Adler32 8000 47
Adler32 8000 51
Adler32 8000 64
Adler32 8000 64
Adler32 8000 60
Adler32 8000 49
Adler32 8000 50
Adler32 8000 47
Adler32 8000 47
Adler32 8000 50
Adler32 8000 48
Adler32 8000 51
Adler32 8000 50
Adler32 8000 49
Adler32 8000 49
Adler32 8000 47
Adler32 8000 51
Adler32 8000 48
Adler32 8000 48
Adler32 8000 47
Adler32 8000 48
Adler32 8000 50
Adler32 8000 49
Adler32 8000 47
Adler32 8000 47
Adler32 8000 48
Adler32 8000 49
Adler32 8000 48
Adler32 8000 49
Adler32 8000 52
Adler32 8000 64
Adler32 8000 64
Adler32 8000 63
Adler32 8000 64
Adler32 8000 64
Adler32 8000 64
Adler32 8000 64
Adler32 8000 51
Adler32 8000 47
Adler32 8000 49
Adler32 8000 49
Adler32 8000 49
Adler32 8000 48
Adler32 8000 48
Adler32 8000 49
Adler32 8000 49
Adler32 8000 48
Adler32 8000 48
Adler32 8000 49
Adler32 8000 50
Adler32 8000 64
Adler32 8000 64
Adler32 8000 64
Adler32 8000 64
Adler32 8000 64
Adler32 8000 64
Adler32 8000 64
Adler32 8000 55
Adler32 8000 49
Adler32 8000 48
Adler32 8000 48
Adler32 8000 49
Adler32 8000 49
Adler32 8000 48
Adler32 8000 48
Adler32 8000 49
Adler32 8000 49
Adler32 8000 48
Adler32 8000 49
Adler32 8000 49
Adler32 8000 49
Adler32 8000 48
Adler32 8000 50
Adler32 8000 49
Adler32 8000 49
Adler32 8000 50
Adler32 8000 47
Adler32 8000 47
Adler32 8000 49
Adler32 8000 48
Adler32 8000 47
Adler32 8000 49
Adler32 8000 49
Adler32 8000 48
Adler32 8000 47
Adler32 8000 49
Adler32 8000 49
Adler32 8000 50
Adler32 8000 48
Adler32 8000 47
Adler32 8000 48
Adler32 8000 47
Adler32 8000 47
Adler32 8000 47
Adler32 8000 49
Adler32 8000 63
Adler32 8000 63
Adler32 8000 63
Adler32 8000 64
Adler32 8000 64
Adler32 8000 64
Adler32 8000 63
Adler32 8000 64
Adler32 8000 64
Adler32 8000 64
Adler32 8000 62
Adler32 8000 56
Adler32 8000 53
Adler32 8000 49
Adler32 8000 49
Adler32 8000 49
Adler32 8000 49
Adler32 8000 48
Adler32 8000 49
Adler32 8000 49
Adler32 8000 48
Adler32 8000 49
Adler32 8000 48
Adler32 8000 49
Adler32 8000 49
Adler32 8000 59
Adler32 8000 49
Adler32 8000 47
Adler32 8000 49
Adler32 8000 47
Adler32 8000 48
Adler32 8000 47
Adler32 8000 48
Adler32 8000 49
Adler32 8000 47
Adler32 8000 47
Adler32 8000 49
Adler32 8000 49
Adler32 8000 47
Adler32 8000 48
Adler32 8000 48
Adler32 8000 48
Adler32 8000 48
Adler32 8000 47
Adler32 8000 48
Adler32 8000 49
Adler32 8000 49
Adler32 8000 48
Adler32 8000 48
Adler32 8000 50
Adler32 8000 63
Adler32 8000 63
Adler32 8000 63
Adler32 8000 48
Adler32 8000 47
Adler32 8000 52
Adler32 8000 63
Adler32 8000 64
Adler32 8000 64
Adler32 8000 64
Adler32 8000 63
Adler32 8000 64
Adler32 8000 63
Adler32 8000 63
Adler32 8000 64
Adler32 8000 64
Adler32 8000 64
Adler32 8000 55
Baseline 100 69
Baseline 100 69
Baseline 100 70
Baseline 100 69
Baseline 100 69
Baseline 100 70
Baseline 100 69
Baseline 100 70
Baseline 100 69
Baseline 100 69
Baseline 100 70
Baseline 100 69
Baseline 100 69
Baseline 100 70
Baseline 100 69
Baseline 100 69
Baseline 100 69
Baseline 100 70
Baseline 100 69
Baseline 100 69
Baseline 100 69
Baseline 100 70
Baseline 100 69
Baseline 100 69
Baseline 100 69
Baseline 100 69
Baseline 100 69
Baseline 100 69
Baseline 100 69
Baseline 100 69
Baseline 100 70
Baseline 100 69
Baseline 100 69
Baseline 100 69
Baseline 100 69
Baseline 100 69
Baseline 100 69
Baseline 100 69
Baseline 100 70
Baseline 100 70
Baseline 100 69
Baseline 100 69
Baseline 100 69
Baseline 100 70
Baseline 100 69
Baseline 100 69
Baseline 100 69
Baseline 100 69
Baseline 100 70
Baseline 100 69
Baseline 100 69
Baseline 100 69
Baseline 100 70
Baseline 100 69
Baseline 100 69
Baseline 100 47
Baseline 100 11
Baseline 100 12
Baseline 100 17
Baseline 100 69
Baseline 100 69
Baseline 100 69
Baseline 100 69
Baseline 100 69
Baseline 100 69
Baseline 100 68
Baseline 100 69
Baseline 100 69
Baseline 100 68
Baseline 100 69
Baseline 100 66
Baseline 100 11
Baseline 100 10
Baseline 100 11
Baseline 100 11
Baseline 100 11
Baseline 100 11
Baseline 100 21
Baseline 100 69
Baseline 100 69
Baseline 100 69
Baseline 100 68
Baseline 100 69
Baseline 100 69
Baseline 100 69
Baseline 100 69
Baseline 100 69
Baseline 100 69
Baseline 100 69
Baseline 100 69
Baseline 100 69
Baseline 100 69
Baseline 100 68
Baseline 100 69
Baseline 100 69
Baseline 100 68
Baseline 100 68
Baseline 100 69
Baseline 100 69
Baseline 100 68
Baseline 100 68
Baseline 100 68
Baseline 100 69
Baseline 100 69
Baseline 100 69
Baseline 100 68
Baseline 100 69
Baseline 100 69
Baseline 100 68
Baseline 100 68
Baseline 100 68
Baseline 100 69
Baseline 100 68
Baseline 100 65
Baseline 100 11
Baseline 100 14
Baseline 100 68
Baseline 100 68
Baseline 100 69
Baseline 100 69
Baseline 100 69
Baseline 100 68
Baseline 100 69
Baseline 100 69
Baseline 100 69
Baseline 100 69
Baseline 100 69
Baseline 100 69
Baseline 100 69
Baseline 100 69
Baseline 100 69
Baseline 100 69
Baseline 100 69
Baseline 100 68
Baseline 100 69
Baseline 100 69
Baseline 100 68
Baseline 100 69
Baseline 100 69
Baseline 100 68
Baseline 100 68
Baseline 100 68
Baseline 100 69
Baseline 100 68
Baseline 100 68
Baseline 100 68
Baseline 100 69
Baseline 100 68
Baseline 100 68
Baseline 100 68
Baseline 100 69
Baseline 100 69
Baseline 100 68
Baseline 100 68
Baseline 100 69
Baseline 100 69
Baseline 100 68
Baseline 100 68
Baseline 100 68
Baseline 100 69
Baseline 100 68
Baseline 100 68
Baseline 100 68
Baseline 100 69
Baseline 100 69
Baseline 100 68
Baseline 100 68
Baseline 100 68
Baseline 100 69
Baseline 100 68
Baseline 100 68
Baseline 100 68
Baseline 100 69
Baseline 100 69
Baseline 100 68
Baseline 100 68
Baseline 100 69
Baseline 100 69
Baseline 100 69
Baseline 100 69
Baseline 100 69
Baseline 100 69
Baseline 100 69
Baseline 100 69
Baseline 100 69
Baseline 100 69
Baseline 100 69
Baseline 100 69
Baseline 100 69
Baseline 100 69
Baseline 100 69
Baseline 100 69
Baseline 100 69
Baseline 100 68
Baseline 100 69
Baseline 100 69
Baseline 100 69
Baseline 100 69
Baseline 100 69
Baseline 100 69
Baseline 100 69
Baseline 100 69
Baseline 100 69
Baseline 100 69
Baseline 100 68
Baseline 100 69
Baseline 100 69
Baseline 100 69
Baseline 100 69
Baseline 100 69
Baseline 100 68
Baseline 100 69
Baseline 100 68
Baseline 100 69
Baseline 100 69
Baseline 100 65
Baseline 100 42
Baseline 100 68
Baseline 100 69
Baseline 100 68
Baseline 100 68
Baseline 100 68
Baseline 100 69
Baseline 100 68
Baseline 100 68
Baseline 100 68
Baseline 16000 62
Baseline 16000 61
Baseline 16000 62
Baseline 16000 61
Baseline 16000 60
Baseline 16000 61
Baseline 16000 62
Baseline 16000 60
Baseline 16000 62
Baseline 16000 62
Baseline 16000 61
Baseline 16000 60
Baseline 16000 59
Baseline 16000 61
Baseline 16000 60
Baseline 16000 60
Baseline 16000 60
Baseline 16000 60
Baseline 16000 60
Baseline 16000 60
Baseline 16000 61
Baseline 16000 61
Baseline 16000 61
Baseline 16000 60
Baseline 16000 60
Baseline 16000 60
Baseline 16000 61
Baseline 16000 59
Baseline 16000 60
Baseline 16000 60
Baseline 16000 61
Baseline 16000 60
Baseline 16000 60
Baseline 16000 62
Baseline 16000 61
Baseline 16000 60
Baseline 16000 59
Baseline 16000 60
Baseline 16000 60
Baseline 16000 61
Baseline 16000 60
Baseline 16000 61
Baseline 16000 60
Baseline 16000 60
Baseline 16000 61
Baseline 16000 60
Baseline 16000 61
Baseline 16000 60
Baseline 16000 62
Baseline 16000 64
Baseline 16000 66
Baseline 16000 65
Baseline 16000 65
Baseline 16000 66
Baseline 16000 63
Baseline 16000 61
Baseline 16000 63
Baseline 16000 66
Baseline 16000 66
Baseline 16000 66
Baseline 16000 67
Baseline 16000 66
Baseline 16000 66
Baseline 16000 66
Baseline 16000 65
Baseline 16000 62
Baseline 16000 62
Baseline 16000 61
Baseline 16000 61
Baseline 16000 61
Baseline 16000 61
Baseline 16000 61
Baseline 16000 61
Baseline 16000 61
Baseline 16000 62
Baseline 16000 62
Baseline 16000 62
Baseline 16000 62
Baseline 16000 60
Baseline 16000 61
Baseline 16000 62
Baseline 16000 62
Baseline 16000 62
Baseline 16000 61
Baseline 16000 62
Baseline 16000 62
Baseline 16000 61
Baseline 16000 61
Baseline 16000 59
Baseline 16000 60
Baseline 16000 60
Baseline 16000 61
Baseline 16000 60
Baseline 16000 60
Baseline 16000 60
Baseline 16000 61
Baseline 16000 60
Baseline 16000 61
Baseline 16000 60
Baseline 16000 66
Baseline 16000 66
Baseline 16000 66
Baseline 16000 62
Baseline 16000 62
Baseline 16000 61
Baseline 16000 59
Baseline 16000 61
Baseline 16000 62
Baseline 16000 62
Baseline 16000 62
Baseline 16000 60
Baseline 16000 61
Baseline 16000 61
Baseline 16000 61
Baseline 16000 61
Baseline 16000 61
Baseline 16000 60
Baseline 16000 61
Baseline 16000 61
Baseline 16000 60
Baseline 16000 61
Baseline 16000 60
Baseline 16000 61
Baseline 16000 62
Baseline 16000 59
Baseline 16000 62
Baseline 16000 59
Baseline 16000 61
Baseline 16000 62
Baseline 16000 61
Baseline 16000 60
Baseline 16000 59
Baseline 16000 62
Baseline 16000 61
Baseline 16000 62
Baseline 16000 60
Baseline 16000 60
Baseline 16000 61
Baseline 16000 61
Baseline 16000 60
Baseline 16000 60
Baseline 16000 62
Baseline 16000 61
Baseline 16000 61
Baseline 16000 60
Baseline 16000 59
Baseline 16000 61
Baseline 16000 61
Baseline 16000 62
Baseline 16000 62
Baseline 16000 60
Baseline 16000 60
Baseline 16000 60
Baseline 16000 62
Baseline 16000 60
Baseline 16000 60
Baseline 16000 59
Baseline 16000 59
Baseline 16000 60
Baseline 16000 60
Baseline 16000 61
Baseline 16000 60
Baseline 16000 62
Baseline 16000 60
Baseline 16000 61
Baseline 16000 60
Baseline 16000 59
Baseline 16000 62
Baseline 16000 61
Baseline 16000 61
Baseline 16000 62
Baseline 16000 61
Baseline 16000 62
Baseline 16000 62
Baseline 16000 60
Baseline 16000 60
Baseline 16000 61
Baseline 16000 61
Baseline 16000 61
Baseline 16000 61
Baseline 16000 62
Baseline 16000 61
Baseline 16000 60
Baseline 16000 61
Baseline 16000 61
Baseline 16000 60
Baseline 16000 61
Baseline 16000 61
Baseline 16000 61
Baseline 16000 61
Baseline 16000 61
Baseline 16000 61
Baseline 16000 61
Baseline 16000 61
Baseline 16000 61
Baseline 16000 61
Baseline 16000 61
Baseline 16000 61
Baseline 16000 61
Baseline 16000 60
Baseline 16000 61
Baseline 16000 61
Baseline 16000 62
Baseline 16000 61
Baseline 16000 60
Baseline 16000 61
Baseline 16000 60
Baseline 16000 60
Baseline 16000 61
Baseline 16000 59
Baseline 16000 60
Baseline 16000 59
Baseline 16000 59
Baseline 16000 62
Baseline 16000 62
Baseline 16000 59
Baseline 16000 61
Baseline 16000 59
Baseline 16000 61
Baseline 16000 61
Baseline 16000 59
Baseline 16000 60
Baseline 16000 60
Baseline 16000 61
Baseline 16000 61
Baseline 16000 61
Baseline 32000 71
Baseline 32000 71
Baseline 32000 72
Baseline 32000 69
Baseline 32000 69
Baseline 32000 70
Baseline 32000 70
Baseline 32000 68
Baseline 32000 68
Baseline 32000 68
Baseline 32000 69
Baseline 32000 68
Baseline 32000 70
Baseline 32000 70
Baseline 32000 70
Baseline 32000 69
Baseline 32000 69
Baseline 32000 69
Baseline 32000 69
Baseline 32000 70
Baseline 32000 68
Baseline 32000 69
Baseline 32000 69
Baseline 32000 69
Baseline 32000 68
Baseline 32000 68
Baseline 32000 68
Baseline 32000 69
Baseline 32000 70
Baseline 32000 69
Baseline 32000 70
Baseline 32000 69
Baseline 32000 68
Baseline 32000 69
Baseline 32000 70
Baseline 32000 69
Baseline 32000 68
Baseline 32000 68
Baseline 32000 69
Baseline 32000 69
Baseline 32000 70
Baseline 32000 71
Baseline 32000 71
Baseline 32000 73
Baseline 32000 73
Baseline 32000 72
Baseline 32000 71
Baseline 32000 72
Baseline 32000 72
Baseline 32000 72
Baseline 32000 73
Baseline 32000 72
Baseline 32000 73
Baseline 32000 73
Baseline 32000 73
Baseline 32000 69
Baseline 32000 69
Baseline 32000 69
Baseline 32000 69
Baseline 32000 70
Baseline 32000 70
Baseline 32000 69
Baseline 32000 68
Baseline 32000 70
Baseline 32000 72
Baseline 32000 72
Baseline 32000 72
Baseline 32000 71
Baseline 32000 70
Baseline 32000 70
Baseline 32000 69
Baseline 32000 69
Baseline 32000 70
Baseline 32000 69
Baseline 32000 69
Baseline 32000 69
Baseline 32000 70
Baseline 32000 70
Baseline 32000 68
Baseline 32000 69
Baseline 32000 68
Baseline 32000 67
Baseline 32000 68
Baseline 32000 68
Baseline 32000 68
Baseline 32000 68
Baseline 32000 69
Baseline 32000 70
Baseline 32000 69
Baseline 32000 69
Baseline 32000 68
Baseline 32000 68
Baseline 32000 68
Baseline 32000 68
Baseline 32000 67
Baseline 32000 68
Baseline 32000 70
Baseline 32000 68
Baseline 32000 67
Baseline 32000 68
Baseline 32000 70
Baseline 32000 72
Baseline 32000 71
Baseline 32000 69
Baseline 32000 68
Baseline 32000 70
Baseline 32000 69
Baseline 32000 69
Baseline 32000 68
Baseline 32000 68
Baseline 32000 69
Baseline 32000 68
Baseline 32000 70
Baseline 32000 69
Baseline 32000 68
Baseline 32000 68
Baseline 32000 69
Baseline 32000 70
Baseline 32000 70
Baseline 32000 69
Baseline 32000 68
Baseline 32000 68
Baseline 32000 69
Baseline 32000 68
Baseline 32000 69
Baseline 32000 69
Baseline 32000 67
Baseline 32000 69
Baseline 32000 67
Baseline 32000 66
Baseline 32000 67
Baseline 32000 68
Baseline 32000 67
Baseline 32000 69
Baseline 32000 69
Baseline 32000 69
Baseline 32000 68
Baseline 32000 67
Baseline 32000 67
Baseline 32000 67
Baseline 32000 68
Baseline 32000 67
Baseline 32000 67
Baseline 32000 68
Baseline 32000 69
Baseline 32000 69
Baseline 32000 67
Baseline 32000 68
Baseline 32000 69
Baseline 32000 67
Baseline 32000 68
Baseline 32000 69
Baseline 32000 69
Baseline 32000 69
Baseline 32000 69
Baseline 32000 70
Baseline 32000 68
Baseline 32000 68
Baseline 32000 67
Baseline 32000 67
Baseline 32000 68
Baseline 32000 69
Baseline 32000 68
Baseline 32000 68
Baseline 32000 68
Baseline 32000 68
Baseline 32000 68
Baseline 32000 69
Baseline 32000 72
Baseline 32000 71
Baseline 32000 71
Baseline 32000 71
Baseline 32000 69
Baseline 32000 69
Baseline 32000 69
Baseline 32000 68
Baseline 32000 69
Baseline 32000 68
Baseline 32000 68
Baseline 32000 68
Baseline 32000 69
Baseline 32000 69
Baseline 32000 68
Baseline 32000 68
Baseline 32000 68
Baseline 32000 68
Baseline 32000 69
Baseline 32000 69
Baseline 32000 69
Baseline 32000 68
Baseline 32000 71
Baseline 32000 71
Baseline 32000 72
Baseline 32000 70
Baseline 32000 69
Baseline 32000 69
Baseline 32000 71
Baseline 32000 68
Baseline 32000 67
Baseline 32000 69
Baseline 32000 68
Baseline 32000 69
Baseline 32000 68
Baseline 32000 67
Baseline 32000 67
Baseline 32000 68
Baseline 32000 67
Baseline 32000 67
Baseline 32000 69
Baseline 32000 71
Baseline 32000 70
Baseline 32000 71
Baseline 32000 69
Baseline 32000 68
Baseline 32000 68
Baseline 32000 68
Baseline 32000 67
Baseline 32000 67
Baseline 32000 68
Baseline 32000 68
Baseline 32000 68
Baseline 32000 67
Baseline 32000 68
Baseline 32000 69
Baseline 32000 68
Baseline 32000 68
Baseline 48000 73
Baseline 48000 73
Baseline 48000 74
Baseline 48000 72
Baseline 48000 73
Baseline 48000 73
Baseline 48000 74
Baseline 48000 73
Baseline 48000 73
Baseline 48000 71
Baseline 48000 71
Baseline 48000 72
Baseline 48000 72
Baseline 48000 72
Baseline 48000 71
Baseline 48000 72
Baseline 48000 71
Baseline 48000 71
Baseline 48000 71
Baseline 48000 72
Baseline 48000 71
Baseline 48000 71
Baseline 48000 71
Baseline 48000 72
Baseline 48000 71
Baseline 48000 72
Baseline 48000 71
Baseline 48000 71
Baseline 48000 71
Baseline 48000 71
Baseline 48000 71
Baseline 48000 71
Baseline 48000 73
Baseline 48000 71
Baseline 48000 71
Baseline 48000 70
Baseline 48000 72
Baseline 48000 72
Baseline 48000 72
Baseline 48000 72
Baseline 48000 72
Baseline 48000 73
Baseline 48000 72
Baseline 48000 73
Baseline 48000 71
Baseline 48000 72
Baseline 48000 72
Baseline 48000 71
Baseline 48000 72
Baseline 48000 72
Baseline 48000 72
Baseline 48000 72
Baseline 48000 71
Baseline 48000 72
Baseline 48000 72
Baseline 48000 72
Baseline 48000 72
Baseline 48000 72
Baseline 48000 71
Baseline 48000 72
Baseline 48000 74
Baseline 48000 72
Baseline 48000 72
Baseline 48000 72
Baseline 48000 72
Baseline 48000 72
Baseline 48000 72
Baseline 48000 71
Baseline 48000 72
Baseline 48000 72
Baseline 48000 71
Baseline 48000 71
Baseline 48000 72
Baseline 48000 72
Baseline 48000 72
Baseline 48000 71
Baseline 48000 72
Baseline 48000 72
Baseline 48000 71
Baseline 48000 72
Baseline 48000 71
Baseline 48000 72
Baseline 48000 73
Baseline 48000 74
Baseline 48000 72
Baseline 48000 71
Baseline 48000 70
Baseline 48000 72
Baseline 48000 72
Baseline 48000 70
Baseline 48000 70
Baseline 48000 71
Baseline 48000 72
Baseline 48000 71
Baseline 48000 70
Baseline 48000 72
Baseline 48000 72
Baseline 48000 71
Baseline 48000 71
Baseline 48000 72
Baseline 48000 72
Baseline 48000 71
Baseline 48000 71
Baseline 48000 72
Baseline 48000 73
Baseline 48000 74
Baseline 48000 72
Baseline 48000 71
Baseline 48000 71
Baseline 48000 70
Baseline 48000 73
Baseline 48000 73
Baseline 48000 73
Baseline 48000 72
Baseline 48000 71
Baseline 48000 71
Baseline 48000 71
Baseline 48000 70
Baseline 48000 71
Baseline 48000 71
Baseline 48000 71
Baseline 48000 70
Baseline 48000 70
Baseline 48000 70
Baseline 48000 71
Baseline 48000 71
Baseline 48000 69
Baseline 48000 71
Baseline 48000 72
Baseline 48000 70
Baseline 48000 70
Baseline 48000 70
Baseline 48000 71
Baseline 48000 71
Baseline 48000 72
Baseline 48000 73
Baseline 48000 72
Baseline 48000 73
Baseline 48000 72
Baseline 48000 72
Baseline 48000 71
Baseline 48000 71
Baseline 48000 72
Baseline 48000 72
Baseline 48000 70
Baseline 48000 71
Baseline 48000 71
Baseline 48000 70
Baseline 48000 70
Baseline 48000 71
Baseline 48000 71
Baseline 48000 71
Baseline 48000 70
Baseline 48000 70
Baseline 48000 72
Baseline 48000 73
Baseline 48000 70
Baseline 48000 71
Baseline 48000 72
Baseline 48000 71
Baseline 48000 71
Baseline 48000 71
Baseline 48000 71
Baseline 48000 72
Baseline 48000 74
Baseline 48000 74
Baseline 48000 71
Baseline 48000 70
Baseline 48000 70
Baseline 48000 72
Baseline 48000 71
Baseline 48000 71
Baseline 48000 70
Baseline 48000 71
Baseline 48000 71
Baseline 48000 70
Baseline 48000 70
Baseline 48000 71
Baseline 48000 72
Baseline 48000 71
Baseline 48000 70
Baseline 48000 71
Baseline 48000 72
Baseline 48000 72
Baseline 48000 72
Baseline 48000 73
Baseline 48000 73
Baseline 48000 72
Baseline 48000 70
Baseline 48000 71
Baseline 48000 71
Baseline 48000 69
Baseline 48000 70
Baseline 48000 72
Baseline 48000 71
Baseline 48000 72
Baseline 48000 70
Baseline 48000 70
Baseline 48000 70
Baseline 48000 69
Baseline 48000 70
Baseline 48000 70
Baseline 48000 70
Baseline 48000 71
Baseline 48000 70
Baseline 48000 70
Baseline 48000 71
Baseline 48000 70
Baseline 48000 70
Baseline 48000 69
Baseline 48000 71
Baseline 48000 69
Baseline 48000 69
Baseline 48000 70
Baseline 48000 70
Baseline 48000 70
Baseline 48000 69
Baseline 48000 71
Baseline 48000 71
Baseline 48000 70
Baseline 48000 71
Baseline 48000 71
Baseline 48000 71
Baseline 48000 71
Baseline 48000 70
Baseline 48000 71
Baseline 8000 51
Baseline 8000 50
Baseline 8000 50
Baseline 8000 51
Baseline 8000 50
Baseline 8000 52
Baseline 8000 64
Baseline 8000 64
Baseline 8000 64
Baseline 8000 61
Baseline 8000 49
Baseline 8000 50
Baseline 8000 58
Baseline 8000 64
Baseline 8000 64
Baseline 8000 63
Baseline 8000 63
Baseline 8000 53
Baseline 8000 51
Baseline 8000 51
Baseline 8000 50
Baseline 8000 50
Baseline 8000 50
Baseline 8000 51
Baseline 8000 49
Baseline 8000 51
Baseline 8000 49
Baseline 8000 50
Baseline 8000 49
Baseline 8000 50
Baseline 8000 49
Baseline 8000 50
Baseline 8000 49
Baseline 8000 49
Baseline 8000 50
Baseline 8000 51
Baseline 8000 49
Baseline 8000 50
Baseline 8000 50
Baseline 8000 50
Baseline 8000 51
Baseline 8000 50
Baseline 8000 52
Baseline 8000 50
Baseline 8000 52
Baseline 8000 54
Baseline 8000 51
Baseline 8000 50
Baseline 8000 63
Baseline 8000 63
Baseline 8000 64
Baseline 8000 62
Baseline 8000 51
Baseline 8000 51
Baseline 8000 50
Baseline 8000 50
Baseline 8000 50
Baseline 8000 51
Baseline 8000 50
Baseline 8000 50
Baseline 8000 51
Baseline 8000 51
Baseline 8000 51
Baseline 8000 51
Baseline 8000 49
Baseline 8000 50
Baseline 8000 51
Baseline 8000 50
Baseline 8000 50
Baseline 8000 50
Baseline 8000 50
Baseline 8000 50
Baseline 8000 51
Baseline 8000 51
Baseline 8000 50
Baseline 8000 50
Baseline 8000 50
Baseline 8000 51
Baseline 8000 50
Baseline 8000 50
Baseline 8000 49
Baseline 8000 50
Baseline 8000 50
Baseline 8000 50
Baseline 8000 49
Baseline 8000 50
Baseline 8000 50
Baseline 8000 50
Baseline 8000 50
Baseline 8000 50
Baseline 8000 50
Baseline 8000 50
Baseline 8000 51
Baseline 8000 50
Baseline 8000 50
Baseline 8000 53
Baseline 8000 64
Baseline 8000 63
Baseline 8000 64
Baseline 8000 64
Baseline 8000 64
Baseline 8000 64
Baseline 8000 63
Baseline 8000 63
Baseline 8000 64
Baseline 8000 64
Baseline 8000 63
Baseline 8000 63
Baseline 8000 64
Baseline 8000 64
Baseline 8000 64
Baseline 8000 64
Baseline 8000 63
Baseline 8000 51
Baseline 8000 50
Baseline 8000 50
Baseline 8000 51
Baseline 8000 50
Baseline 8000 51
Baseline 8000 51
Baseline 8000 51
Baseline 8000 49
Baseline 8000 49
Baseline 8000 50
Baseline 8000 50
Baseline 8000 49
Baseline 8000 50
Baseline 8000 50
Baseline 8000 50
Baseline 8000 50
Baseline 8000 50
Baseline 8000 50
Baseline 8000 51
Baseline 8000 51
Baseline 8000 52
Baseline 8000 50
Baseline 8000 62
Baseline 8000 54
Baseline 8000 50
Baseline 8000 49
Baseline 8000 50
Baseline 8000 50
Baseline 8000 49
Baseline 8000 51
Baseline 8000 52
Baseline 8000 63
Baseline 8000 58
Baseline 8000 49
Baseline 8000 50
Baseline 8000 51
Baseline 8000 50
Baseline 8000 50
Baseline 8000 50
Baseline 8000 51
Baseline 8000 49
Baseline 8000 51
Baseline 8000 51
Baseline 8000 50
Baseline 8000 49
Baseline 8000 49
Baseline 8000 50
Baseline 8000 49
Baseline 8000 51
Baseline 8000 49
Baseline 8000 49
Baseline 8000 50
Baseline 8000 49
Baseline 8000 49
Baseline 8000 51
Baseline 8000 49
Baseline 8000 50
Baseline 8000 49
Baseline 8000 49
Baseline 8000 50
Baseline 8000 50
Baseline 8000 51
Baseline 8000 49
Baseline 8000 50
Baseline 8000 50
Baseline 8000 49
Baseline 8000 50
Baseline 8000 51
Baseline 8000 50
Baseline 8000 50
Baseline 8000 50
Baseline 8000 50
Baseline 8000 50
Baseline 8000 50
Baseline 8000 50
Baseline 8000 50
Baseline 8000 50
Baseline 8000 50
Baseline 8000 49
Baseline 8000 49
Baseline 8000 50
Baseline 8000 50
Baseline 8000 51
Baseline 8000 51
Baseline 8000 50
Baseline 8000 50
Baseline 8000 59
Baseline 8000 63
Baseline 8000 64
Baseline 8000 64
Baseline 8000 64
Baseline 8000 63
Baseline 8000 64
Baseline 8000 63
Baseline 8000 64
Baseline 8000 63
Baseline 8000 63
Baseline 8000 56
Baseline 8000 50
Baseline 8000 49
Baseline 8000 49
Baseline 8000 49
Baseline 8000 50
Baseline 8000 50
Baseline 8000 49
Baseline 8000 49
Baseline 8000 50
Baseline 8000 50
Baseline 8000 49
Baseline 8000 49
Baseline 8000 51
Baseline 8000 50
NIOAdler32 100 69
NIOAdler32 100 69
NIOAdler32 100 69
NIOAdler32 100 69
NIOAdler32 100 69
NIOAdler32 100 69
NIOAdler32 100 69
NIOAdler32 100 69
NIOAdler32 100 70
NIOAdler32 100 69
NIOAdler32 100 69
NIOAdler32 100 69
NIOAdler32 100 69
NIOAdler32 100 70
NIOAdler32 100 69
NIOAdler32 100 69
NIOAdler32 100 69
NIOAdler32 100 70
NIOAdler32 100 69
NIOAdler32 100 69
NIOAdler32 100 69
NIOAdler32 100 69
NIOAdler32 100 69
NIOAdler32 100 70
NIOAdler32 100 70
NIOAdler32 100 70
NIOAdler32 100 69
NIOAdler32 100 70
NIOAdler32 100 70
NIOAdler32 100 70
NIOAdler32 100 69
NIOAdler32 100 70
NIOAdler32 100 69
NIOAdler32 100 70
NIOAdler32 100 69
NIOAdler32 100 69
NIOAdler32 100 70
NIOAdler32 100 70
NIOAdler32 100 69
NIOAdler32 100 69
NIOAdler32 100 70
NIOAdler32 100 70
NIOAdler32 100 69
NIOAdler32 100 70
NIOAdler32 100 70
NIOAdler32 100 70
NIOAdler32 100 69
NIOAdler32 100 69
NIOAdler32 100 70
NIOAdler32 100 70
NIOAdler32 100 70
NIOAdler32 100 69
NIOAdler32 100 70
NIOAdler32 100 70
NIOAdler32 100 69
NIOAdler32 100 69
NIOAdler32 100 70
NIOAdler32 100 70
NIOAdler32 100 69
NIOAdler32 100 69
NIOAdler32 100 69
NIOAdler32 100 69
NIOAdler32 100 69
NIOAdler32 100 69
NIOAdler32 100 69
NIOAdler32 100 69
NIOAdler32 100 70
NIOAdler32 100 69
NIOAdler32 100 69
NIOAdler32 100 69
NIOAdler32 100 69
NIOAdler32 100 69
NIOAdler32 100 69
NIOAdler32 100 69
NIOAdler32 100 69
NIOAdler32 100 69
NIOAdler32 100 69
NIOAdler32 100 69
NIOAdler32 100 69
NIOAdler32 100 69
NIOAdler32 100 70
NIOAdler32 100 69
NIOAdler32 100 69
NIOAdler32 100 70
NIOAdler32 100 69
NIOAdler32 100 70
NIOAdler32 100 70
NIOAdler32 100 69
NIOAdler32 100 69
NIOAdler32 100 70
NIOAdler32 100 70
NIOAdler32 100 69
NIOAdler32 100 70
NIOAdler32 100 69
NIOAdler32 100 69
NIOAdler32 100 70
NIOAdler32 100 70
NIOAdler32 100 70
NIOAdler32 100 70
NIOAdler32 100 70
NIOAdler32 100 69
NIOAdler32 100 70
NIOAdler32 100 70
NIOAdler32 100 69
NIOAdler32 100 70
NIOAdler32 100 70
NIOAdler32 100 70
NIOAdler32 100 69
NIOAdler32 100 69
NIOAdler32 100 69
NIOAdler32 100 69
NIOAdler32 100 69
NIOAdler32 100 69
NIOAdler32 100 70
NIOAdler32 100 69
NIOAdler32 100 69
NIOAdler32 100 69
NIOAdler32 100 70
NIOAdler32 100 70
NIOAdler32 100 69
NIOAdler32 100 69
NIOAdler32 100 69
NIOAdler32 100 70
NIOAdler32 100 69
NIOAdler32 100 69
NIOAdler32 100 69
NIOAdler32 100 70
NIOAdler32 100 69
NIOAdler32 100 69
NIOAdler32 100 69
NIOAdler32 100 69
NIOAdler32 100 70
NIOAdler32 100 69
NIOAdler32 100 69
NIOAdler32 100 69
NIOAdler32 100 70
NIOAdler32 100 69
NIOAdler32 100 69
NIOAdler32 100 69
NIOAdler32 100 69
NIOAdler32 100 70
NIOAdler32 100 69
NIOAdler32 100 69
NIOAdler32 100 70
NIOAdler32 100 70
NIOAdler32 100 70
NIOAdler32 100 69
NIOAdler32 100 69
NIOAdler32 100 70
NIOAdler32 100 70
NIOAdler32 100 69
NIOAdler32 100 69
NIOAdler32 100 70
NIOAdler32 100 70
NIOAdler32 100 70
NIOAdler32 100 69
NIOAdler32 100 70
NIOAdler32 100 70
NIOAdler32 100 70
NIOAdler32 100 69
NIOAdler32 100 70
NIOAdler32 100 70
NIOAdler32 100 70
NIOAdler32 100 70
NIOAdler32 100 70
NIOAdler32 100 70
NIOAdler32 100 70
NIOAdler32 100 70
NIOAdler32 100 69
NIOAdler32 100 70
NIOAdler32 100 70
NIOAdler32 100 69
NIOAdler32 100 70
NIOAdler32 100 70
NIOAdler32 100 70
NIOAdler32 100 69
NIOAdler32 100 70
NIOAdler32 100 70
NIOAdler32 100 69
NIOAdler32 100 69
NIOAdler32 100 69
NIOAdler32 100 70
NIOAdler32 100 69
NIOAdler32 100 69
NIOAdler32 100 69
NIOAdler32 100 69
NIOAdler32 100 69
NIOAdler32 100 70
NIOAdler32 100 69
NIOAdler32 100 69
NIOAdler32 100 70
NIOAdler32 100 69
NIOAdler32 100 69
NIOAdler32 100 69
NIOAdler32 100 70
NIOAdler32 100 69
NIOAdler32 100 69
NIOAdler32 100 69
NIOAdler32 100 69
NIOAdler32 100 70
NIOAdler32 100 69
NIOAdler32 100 69
NIOAdler32 100 69
NIOAdler32 100 70
NIOAdler32 100 70
NIOAdler32 100 69
NIOAdler32 100 70
NIOAdler32 100 70
NIOAdler32 100 69
NIOAdler32 100 70
NIOAdler32 100 69
NIOAdler32 100 69
NIOAdler32 100 70
NIOAdler32 100 69
NIOAdler32 100 70
NIOAdler32 100 69
NIOAdler32 100 69
NIOAdler32 100 70
NIOAdler32 100 69
NIOAdler32 100 69
NIOAdler32 100 69
NIOAdler32 100 69
NIOAdler32 100 69
NIOAdler32 100 69
NIOAdler32 100 70
NIOAdler32 100 69
NIOAdler32 16000 60
NIOAdler32 16000 60
NIOAdler32 16000 58
NIOAdler32 16000 58
NIOAdler32 16000 59
NIOAdler32 16000 61
NIOAdler32 16000 59
NIOAdler32 16000 60
NIOAdler32 16000 61
NIOAdler32 16000 65
NIOAdler32 16000 64
NIOAdler32 16000 64
NIOAdler32 16000 65
NIOAdler32 16000 64
NIOAdler32 16000 60
NIOAdler32 16000 60
NIOAdler32 16000 59
NIOAdler32 16000 59
NIOAdler32 16000 59
NIOAdler32 16000 59
NIOAdler32 16000 58
NIOAdler32 16000 59
NIOAdler32 16000 60
NIOAdler32 16000 60
NIOAdler32 16000 59
NIOAdler32 16000 58
NIOAdler32 16000 59
NIOAdler32 16000 60
NIOAdler32 16000 59
NIOAdler32 16000 59
NIOAdler32 16000 59
NIOAdler32 16000 60
NIOAdler32 16000 60
NIOAdler32 16000 59
NIOAdler32 16000 59
NIOAdler32 16000 59
NIOAdler32 16000 60
NIOAdler32 16000 59
NIOAdler32 16000 59
NIOAdler32 16000 60
NIOAdler32 16000 61
NIOAdler32 16000 59
NIOAdler32 16000 60
NIOAdler32 16000 59
NIOAdler32 16000 60
NIOAdler32 16000 59
NIOAdler32 16000 60
NIOAdler32 16000 59
NIOAdler32 16000 59
NIOAdler32 16000 58
NIOAdler32 16000 62
NIOAdler32 16000 65
NIOAdler32 16000 65
NIOAdler32 16000 59
NIOAdler32 16000 57
NIOAdler32 16000 59
NIOAdler32 16000 61
NIOAdler32 16000 60
NIOAdler32 16000 61
NIOAdler32 16000 60
NIOAdler32 16000 59
NIOAdler32 16000 59
NIOAdler32 16000 60
NIOAdler32 16000 59
NIOAdler32 16000 60
NIOAdler32 16000 60
NIOAdler32 16000 60
NIOAdler32 16000 58
NIOAdler32 16000 57
NIOAdler32 16000 60
NIOAdler32 16000 61
NIOAdler32 16000 60
NIOAdler32 16000 58
NIOAdler32 16000 60
NIOAdler32 16000 59
NIOAdler32 16000 59
NIOAdler32 16000 60
NIOAdler32 16000 58
NIOAdler32 16000 59
NIOAdler32 16000 58
NIOAdler32 16000 60
NIOAdler32 16000 60
NIOAdler32 16000 58
NIOAdler32 16000 59
NIOAdler32 16000 60
NIOAdler32 16000 61
NIOAdler32 16000 59
NIOAdler32 16000 60
NIOAdler32 16000 60
NIOAdler32 16000 60
NIOAdler32 16000 60
NIOAdler32 16000 60
NIOAdler32 16000 60
NIOAdler32 16000 60
NIOAdler32 16000 59
NIOAdler32 16000 58
NIOAdler32 16000 60
NIOAdler32 16000 58
NIOAdler32 16000 59
NIOAdler32 16000 60
NIOAdler32 16000 60
NIOAdler32 16000 60
NIOAdler32 16000 59
NIOAdler32 16000 60
NIOAdler32 16000 58
NIOAdler32 16000 60
NIOAdler32 16000 60
NIOAdler32 16000 58
NIOAdler32 16000 57
NIOAdler32 16000 58
NIOAdler32 16000 59
NIOAdler32 16000 58
NIOAdler32 16000 58
NIOAdler32 16000 58
NIOAdler32 16000 59
NIOAdler32 16000 60
NIOAdler32 16000 57
NIOAdler32 16000 58
NIOAdler32 16000 59
NIOAdler32 16000 57
NIOAdler32 16000 58
NIOAdler32 16000 58
NIOAdler32 16000 59
NIOAdler32 16000 57
NIOAdler32 16000 57
NIOAdler32 16000 57
NIOAdler32 16000 60
NIOAdler32 16000 59
NIOAdler32 16000 57
NIOAdler32 16000 58
NIOAdler32 16000 59
NIOAdler32 16000 59
NIOAdler32 16000 57
NIOAdler32 16000 60
NIOAdler32 16000 59
NIOAdler32 16000 60
NIOAdler32 16000 60
NIOAdler32 16000 59
NIOAdler32 16000 60
NIOAdler32 16000 59
NIOAdler32 16000 60
NIOAdler32 16000 64
NIOAdler32 16000 64
NIOAdler32 16000 64
NIOAdler32 16000 65
NIOAdler32 16000 65
NIOAdler32 16000 63
NIOAdler32 16000 59
NIOAdler32 16000 59
NIOAdler32 16000 59
NIOAdler32 16000 59
NIOAdler32 16000 59
NIOAdler32 16000 60
NIOAdler32 16000 59
NIOAdler32 16000 61
NIOAdler32 16000 60
NIOAdler32 16000 59
NIOAdler32 16000 59
NIOAdler32 16000 60
NIOAdler32 16000 58
NIOAdler32 16000 59
NIOAdler32 16000 60
NIOAdler32 16000 60
NIOAdler32 16000 58
NIOAdler32 16000 60
NIOAdler32 16000 59
NIOAdler32 16000 58
NIOAdler32 16000 59
NIOAdler32 16000 59
NIOAdler32 16000 58
NIOAdler32 16000 58
NIOAdler32 16000 58
NIOAdler32 16000 58
NIOAdler32 16000 59
NIOAdler32 16000 59
NIOAdler32 16000 60
NIOAdler32 16000 57
NIOAdler32 16000 60
NIOAdler32 16000 65
NIOAdler32 16000 65
NIOAdler32 16000 59
NIOAdler32 16000 58
NIOAdler32 16000 58
NIOAdler32 16000 58
NIOAdler32 16000 57
NIOAdler32 16000 58
NIOAdler32 16000 60
NIOAdler32 16000 60
NIOAdler32 16000 59
NIOAdler32 16000 60
NIOAdler32 16000 59
NIOAdler32 16000 57
NIOAdler32 16000 60
NIOAdler32 16000 60
NIOAdler32 16000 58
NIOAdler32 16000 58
NIOAdler32 16000 59
NIOAdler32 16000 57
NIOAdler32 16000 59
NIOAdler32 16000 59
NIOAdler32 16000 59
NIOAdler32 16000 59
NIOAdler32 16000 59
NIOAdler32 16000 58
NIOAdler32 16000 59
NIOAdler32 16000 57
NIOAdler32 16000 59
NIOAdler32 16000 59
NIOAdler32 16000 59
NIOAdler32 16000 59
NIOAdler32 16000 58
NIOAdler32 16000 57
NIOAdler32 16000 58
NIOAdler32 16000 58
NIOAdler32 16000 58
NIOAdler32 16000 59
NIOAdler32 16000 60
NIOAdler32 16000 59
NIOAdler32 16000 58
NIOAdler32 16000 58
NIOAdler32 16000 60
NIOAdler32 16000 65
NIOAdler32 16000 65
NIOAdler32 16000 63
NIOAdler32 16000 63
NIOAdler32 16000 64
NIOAdler32 32000 68
NIOAdler32 32000 67
NIOAdler32 32000 69
NIOAdler32 32000 66
NIOAdler32 32000 69
NIOAdler32 32000 68
NIOAdler32 32000 66
NIOAdler32 32000 67
NIOAdler32 32000 68
NIOAdler32 32000 69
NIOAdler32 32000 69
NIOAdler32 32000 68
NIOAdler32 32000 69
NIOAdler32 32000 68
NIOAdler32 32000 68
NIOAdler32 32000 68
NIOAdler32 32000 68
NIOAdler32 32000 68
NIOAdler32 32000 69
NIOAdler32 32000 68
NIOAdler32 32000 68
NIOAdler32 32000 68
NIOAdler32 32000 68
NIOAdler32 32000 71
NIOAdler32 32000 70
NIOAdler32 32000 71
NIOAdler32 32000 71
NIOAdler32 32000 68
NIOAdler32 32000 67
NIOAdler32 32000 67
NIOAdler32 32000 68
NIOAdler32 32000 68
NIOAdler32 32000 68
NIOAdler32 32000 69
NIOAdler32 32000 68
NIOAdler32 32000 69
NIOAdler32 32000 68
NIOAdler32 32000 67
NIOAdler32 32000 67
NIOAdler32 32000 68
NIOAdler32 32000 69
NIOAdler32 32000 70
NIOAdler32 32000 68
NIOAdler32 32000 69
NIOAdler32 32000 67
NIOAdler32 32000 68
NIOAdler32 32000 67
NIOAdler32 32000 68
NIOAdler32 32000 68
NIOAdler32 32000 68
NIOAdler32 32000 66
NIOAdler32 32000 66
NIOAdler32 32000 67
NIOAdler32 32000 67
NIOAdler32 32000 67
NIOAdler32 32000 66
NIOAdler32 32000 68
NIOAdler32 32000 69
NIOAdler32 32000 68
NIOAdler32 32000 68
NIOAdler32 32000 68
NIOAdler32 32000 66
NIOAdler32 32000 68
NIOAdler32 32000 67
NIOAdler32 32000 67
NIOAdler32 32000 68
NIOAdler32 32000 68
NIOAdler32 32000 66
NIOAdler32 32000 66
NIOAdler32 32000 68
NIOAdler32 32000 69
NIOAdler32 32000 68
NIOAdler32 32000 69
NIOAdler32 32000 68
NIOAdler32 32000 68
NIOAdler32 32000 68
NIOAdler32 32000 69
NIOAdler32 32000 69
NIOAdler32 32000 69
NIOAdler32 32000 69
NIOAdler32 32000 68
NIOAdler32 32000 69
NIOAdler32 32000 70
NIOAdler32 32000 67
NIOAdler32 32000 68
NIOAdler32 32000 67
NIOAdler32 32000 67
NIOAdler32 32000 68
NIOAdler32 32000 67
NIOAdler32 32000 67
NIOAdler32 32000 68
NIOAdler32 32000 70
NIOAdler32 32000 69
NIOAdler32 32000 68
NIOAdler32 32000 71
NIOAdler32 32000 70
NIOAdler32 32000 67
NIOAdler32 32000 67
NIOAdler32 32000 68
NIOAdler32 32000 66
NIOAdler32 32000 66
NIOAdler32 32000 66
NIOAdler32 32000 68
NIOAdler32 32000 68
NIOAdler32 32000 66
NIOAdler32 32000 68
NIOAdler32 32000 66
NIOAdler32 32000 67
NIOAdler32 32000 68
NIOAdler32 32000 68
NIOAdler32 32000 66
NIOAdler32 32000 68
NIOAdler32 32000 69
NIOAdler32 32000 66
NIOAdler32 32000 68
NIOAdler32 32000 67
NIOAdler32 32000 70
NIOAdler32 32000 68
NIOAdler32 32000 68
NIOAdler32 32000 69
NIOAdler32 32000 67
NIOAdler32 32000 68
NIOAdler32 32000 67
NIOAdler32 32000 66
NIOAdler32 32000 67
NIOAdler32 32000 67
NIOAdler32 32000 65
NIOAdler32 32000 66
NIOAdler32 32000 68
NIOAdler32 32000 67
NIOAdler32 32000 68
NIOAdler32 32000 68
NIOAdler32 32000 68
NIOAdler32 32000 68
NIOAdler32 32000 68
NIOAdler32 32000 67
NIOAdler32 32000 66
NIOAdler32 32000 68
NIOAdler32 32000 68
NIOAdler32 32000 67
NIOAdler32 32000 67
NIOAdler32 32000 67
NIOAdler32 32000 68
NIOAdler32 32000 68
NIOAdler32 32000 66
NIOAdler32 32000 67
NIOAdler32 32000 67
NIOAdler32 32000 68
NIOAdler32 32000 67
NIOAdler32 32000 67
NIOAdler32 32000 68
NIOAdler32 32000 68
NIOAdler32 32000 68
NIOAdler32 32000 68
NIOAdler32 32000 67
NIOAdler32 32000 67
NIOAdler32 32000 67
NIOAdler32 32000 67
NIOAdler32 32000 67
NIOAdler32 32000 68
NIOAdler32 32000 66
NIOAdler32 32000 67
NIOAdler32 32000 69
NIOAdler32 32000 67
NIOAdler32 32000 67
NIOAdler32 32000 66
NIOAdler32 32000 66
NIOAdler32 32000 66
NIOAdler32 32000 67
NIOAdler32 32000 65
NIOAdler32 32000 66
NIOAdler32 32000 68
NIOAdler32 32000 70
NIOAdler32 32000 67
NIOAdler32 32000 66
NIOAdler32 32000 66
NIOAdler32 32000 67
NIOAdler32 32000 66
NIOAdler32 32000 65
NIOAdler32 32000 65
NIOAdler32 32000 67
NIOAdler32 32000 67
NIOAdler32 32000 67
NIOAdler32 32000 65
NIOAdler32 32000 66
NIOAdler32 32000 67
NIOAdler32 32000 65
NIOAdler32 32000 66
NIOAdler32 32000 68
NIOAdler32 32000 68
NIOAdler32 32000 66
NIOAdler32 32000 68
NIOAdler32 32000 67
NIOAdler32 32000 66
NIOAdler32 32000 68
NIOAdler32 32000 66
NIOAdler32 32000 67
NIOAdler32 32000 67
NIOAdler32 32000 67
NIOAdler32 32000 68
NIOAdler32 32000 66
NIOAdler32 32000 67
NIOAdler32 32000 68
NIOAdler32 32000 66
NIOAdler32 32000 68
NIOAdler32 32000 66
NIOAdler32 32000 66
NIOAdler32 32000 67
NIOAdler32 32000 68
NIOAdler32 32000 68
NIOAdler32 32000 67
NIOAdler32 32000 71
NIOAdler32 32000 68
NIOAdler32 32000 66
NIOAdler32 32000 65
NIOAdler32 32000 68
NIOAdler32 32000 67
NIOAdler32 32000 65
NIOAdler32 32000 65
NIOAdler32 32000 67
NIOAdler32 32000 65
NIOAdler32 32000 66
NIOAdler32 32000 66
NIOAdler32 32000 67
NIOAdler32 32000 66
NIOAdler32 32000 65
NIOAdler32 48000 72
NIOAdler32 48000 73
NIOAdler32 48000 73
NIOAdler32 48000 72
NIOAdler32 48000 73
NIOAdler32 48000 74
NIOAdler32 48000 74
NIOAdler32 48000 74
NIOAdler32 48000 73
NIOAdler32 48000 72
NIOAdler32 48000 73
NIOAdler32 48000 73
NIOAdler32 48000 72
NIOAdler32 48000 73
NIOAdler32 48000 73
NIOAdler32 48000 73
NIOAdler32 48000 72
NIOAdler32 48000 71
NIOAdler32 48000 70
NIOAdler32 48000 71
NIOAdler32 48000 71
NIOAdler32 48000 71
NIOAdler32 48000 71
NIOAdler32 48000 71
NIOAdler32 48000 71
NIOAdler32 48000 71
NIOAdler32 48000 71
NIOAdler32 48000 71
NIOAdler32 48000 71
NIOAdler32 48000 71
NIOAdler32 48000 71
NIOAdler32 48000 70
NIOAdler32 48000 70
NIOAdler32 48000 71
NIOAdler32 48000 71
NIOAdler32 48000 71
NIOAdler32 48000 72
NIOAdler32 48000 71
NIOAdler32 48000 71
NIOAdler32 48000 71
NIOAdler32 48000 71
NIOAdler32 48000 71
NIOAdler32 48000 71
NIOAdler32 48000 71
NIOAdler32 48000 70
NIOAdler32 48000 71
NIOAdler32 48000 70
NIOAdler32 48000 70
NIOAdler32 48000 71
NIOAdler32 48000 71
NIOAdler32 48000 70
NIOAdler32 48000 70
NIOAdler32 48000 71
NIOAdler32 48000 71
NIOAdler32 48000 70
NIOAdler32 48000 70
NIOAdler32 48000 71
NIOAdler32 48000 71
NIOAdler32 48000 71
NIOAdler32 48000 71
NIOAdler32 48000 71
NIOAdler32 48000 72
NIOAdler32 48000 69
NIOAdler32 48000 69
NIOAdler32 48000 70
NIOAdler32 48000 69
NIOAdler32 48000 72
NIOAdler32 48000 73
NIOAdler32 48000 73
NIOAdler32 48000 73
NIOAdler32 48000 73
NIOAdler32 48000 72
NIOAdler32 48000 72
NIOAdler32 48000 70
NIOAdler32 48000 71
NIOAdler32 48000 70
NIOAdler32 48000 70
NIOAdler32 48000 70
NIOAdler32 48000 70
NIOAdler32 48000 70
NIOAdler32 48000 70
NIOAdler32 48000 70
NIOAdler32 48000 69
NIOAdler32 48000 70
NIOAdler32 48000 69
NIOAdler32 48000 70
NIOAdler32 48000 71
NIOAdler32 48000 69
NIOAdler32 48000 70
NIOAdler32 48000 71
NIOAdler32 48000 70
NIOAdler32 48000 70
NIOAdler32 48000 70
NIOAdler32 48000 70
NIOAdler32 48000 69
NIOAdler32 48000 70
NIOAdler32 48000 70
NIOAdler32 48000 70
NIOAdler32 48000 70
NIOAdler32 48000 70
NIOAdler32 48000 70
NIOAdler32 48000 69
NIOAdler32 48000 70
NIOAdler32 48000 69
NIOAdler32 48000 70
NIOAdler32 48000 70
NIOAdler32 48000 69
NIOAdler32 48000 69
NIOAdler32 48000 68
NIOAdler32 48000 68
NIOAdler32 48000 70
NIOAdler32 48000 68
NIOAdler32 48000 70
NIOAdler32 48000 72
NIOAdler32 48000 72
NIOAdler32 48000 69
NIOAdler32 48000 68
NIOAdler32 48000 69
NIOAdler32 48000 69
NIOAdler32 48000 70
NIOAdler32 48000 70
NIOAdler32 48000 69
NIOAdler32 48000 69
NIOAdler32 48000 70
NIOAdler32 48000 70
NIOAdler32 48000 70
NIOAdler32 48000 70
NIOAdler32 48000 70
NIOAdler32 48000 70
NIOAdler32 48000 70
NIOAdler32 48000 70
NIOAdler32 48000 69
NIOAdler32 48000 70
NIOAdler32 48000 70
NIOAdler32 48000 71
NIOAdler32 48000 70
NIOAdler32 48000 70
NIOAdler32 48000 70
NIOAdler32 48000 70
NIOAdler32 48000 70
NIOAdler32 48000 70
NIOAdler32 48000 70
NIOAdler32 48000 70
NIOAdler32 48000 70
NIOAdler32 48000 70
NIOAdler32 48000 70
NIOAdler32 48000 70
NIOAdler32 48000 69
NIOAdler32 48000 70
NIOAdler32 48000 70
NIOAdler32 48000 70
NIOAdler32 48000 70
NIOAdler32 48000 69
NIOAdler32 48000 69
NIOAdler32 48000 70
NIOAdler32 48000 70
NIOAdler32 48000 70
NIOAdler32 48000 69
NIOAdler32 48000 70
NIOAdler32 48000 70
NIOAdler32 48000 68
NIOAdler32 48000 70
NIOAdler32 48000 69
NIOAdler32 48000 73
NIOAdler32 48000 69
NIOAdler32 48000 68
NIOAdler32 48000 70
NIOAdler32 48000 70
NIOAdler32 48000 69
NIOAdler32 48000 68
NIOAdler32 48000 69
NIOAdler32 48000 69
NIOAdler32 48000 68
NIOAdler32 48000 68
NIOAdler32 48000 70
NIOAdler32 48000 69
NIOAdler32 48000 71
NIOAdler32 48000 70
NIOAdler32 48000 68
NIOAdler32 48000 70
NIOAdler32 48000 72
NIOAdler32 48000 70
NIOAdler32 48000 70
NIOAdler32 48000 68
NIOAdler32 48000 70
NIOAdler32 48000 69
NIOAdler32 48000 69
NIOAdler32 48000 72
NIOAdler32 48000 71
NIOAdler32 48000 71
NIOAdler32 48000 72
NIOAdler32 48000 71
NIOAdler32 48000 69
NIOAdler32 48000 70
NIOAdler32 48000 70
NIOAdler32 48000 70
NIOAdler32 48000 71
NIOAdler32 48000 70
NIOAdler32 48000 69
NIOAdler32 48000 69
NIOAdler32 48000 70
NIOAdler32 48000 69
NIOAdler32 48000 69
NIOAdler32 48000 70
NIOAdler32 48000 69
NIOAdler32 48000 69
NIOAdler32 48000 70
NIOAdler32 48000 69
NIOAdler32 48000 69
NIOAdler32 48000 69
NIOAdler32 48000 69
NIOAdler32 48000 68
NIOAdler32 48000 69
NIOAdler32 48000 70
NIOAdler32 48000 69
NIOAdler32 48000 68
NIOAdler32 48000 69
NIOAdler32 48000 69
NIOAdler32 48000 69
NIOAdler32 48000 69
NIOAdler32 48000 68
NIOAdler32 48000 70
NIOAdler32 48000 70
NIOAdler32 48000 69
NIOAdler32 48000 69
NIOAdler32 48000 68
NIOAdler32 8000 64
NIOAdler32 8000 63
NIOAdler32 8000 63
NIOAdler32 8000 63
NIOAdler32 8000 64
NIOAdler32 8000 64
NIOAdler32 8000 63
NIOAdler32 8000 63
NIOAdler32 8000 64
NIOAdler32 8000 64
NIOAdler32 8000 63
NIOAdler32 8000 63
NIOAdler32 8000 63
NIOAdler32 8000 64
NIOAdler32 8000 63
NIOAdler32 8000 63
NIOAdler32 8000 63
NIOAdler32 8000 63
NIOAdler32 8000 64
NIOAdler32 8000 64
NIOAdler32 8000 64
NIOAdler32 8000 64
NIOAdler32 8000 64
NIOAdler32 8000 64
NIOAdler32 8000 64
NIOAdler32 8000 64
NIOAdler32 8000 64
NIOAdler32 8000 64
NIOAdler32 8000 64
NIOAdler32 8000 64
NIOAdler32 8000 64
NIOAdler32 8000 52
NIOAdler32 8000 48
NIOAdler32 8000 48
NIOAdler32 8000 49
NIOAdler32 8000 50
NIOAdler32 8000 64
NIOAdler32 8000 64
NIOAdler32 8000 64
NIOAdler32 8000 50
NIOAdler32 8000 48
NIOAdler32 8000 49
NIOAdler32 8000 49
NIOAdler32 8000 49
NIOAdler32 8000 48
NIOAdler32 8000 48
NIOAdler32 8000 48
NIOAdler32 8000 49
NIOAdler32 8000 48
NIOAdler32 8000 48
NIOAdler32 8000 48
NIOAdler32 8000 49
NIOAdler32 8000 49
NIOAdler32 8000 48
NIOAdler32 8000 48
NIOAdler32 8000 48
NIOAdler32 8000 50
NIOAdler32 8000 49
NIOAdler32 8000 49
NIOAdler32 8000 49
NIOAdler32 8000 48
NIOAdler32 8000 49
NIOAdler32 8000 47
NIOAdler32 8000 54
NIOAdler32 8000 53
NIOAdler32 8000 48
NIOAdler32 8000 48
NIOAdler32 8000 47
NIOAdler32 8000 48
NIOAdler32 8000 49
NIOAdler32 8000 47
NIOAdler32 8000 47
NIOAdler32 8000 48
NIOAdler32 8000 49
NIOAdler32 8000 47
NIOAdler32 8000 50
NIOAdler32 8000 48
NIOAdler32 8000 48
NIOAdler32 8000 48
NIOAdler32 8000 49
NIOAdler32 8000 49
NIOAdler32 8000 49
NIOAdler32 8000 48
NIOAdler32 8000 48
NIOAdler32 8000 48
NIOAdler32 8000 48
NIOAdler32 8000 49
NIOAdler32 8000 49
NIOAdler32 8000 49
NIOAdler32 8000 48
NIOAdler32 8000 48
NIOAdler32 8000 49
NIOAdler32 8000 47
NIOAdler32 8000 48
NIOAdler32 8000 49
NIOAdler32 8000 49
NIOAdler32 8000 49
NIOAdler32 8000 50
NIOAdler32 8000 48
NIOAdler32 8000 49
NIOAdler32 8000 47
NIOAdler32 8000 47
NIOAdler32 8000 48
NIOAdler32 8000 49
NIOAdler32 8000 48
NIOAdler32 8000 48
NIOAdler32 8000 47
NIOAdler32 8000 48
NIOAdler32 8000 50
NIOAdler32 8000 47
NIOAdler32 8000 50
NIOAdler32 8000 48
NIOAdler32 8000 50
NIOAdler32 8000 50
NIOAdler32 8000 49
NIOAdler32 8000 48
NIOAdler32 8000 47
NIOAdler32 8000 49
NIOAdler32 8000 47
NIOAdler32 8000 49
NIOAdler32 8000 49
NIOAdler32 8000 49
NIOAdler32 8000 48
NIOAdler32 8000 49
NIOAdler32 8000 49
NIOAdler32 8000 50
NIOAdler32 8000 47
NIOAdler32 8000 50
NIOAdler32 8000 49
NIOAdler32 8000 47
NIOAdler32 8000 48
NIOAdler32 8000 47
NIOAdler32 8000 49
NIOAdler32 8000 50
NIOAdler32 8000 48
NIOAdler32 8000 47
NIOAdler32 8000 48
NIOAdler32 8000 47
NIOAdler32 8000 48
NIOAdler32 8000 49
NIOAdler32 8000 49
NIOAdler32 8000 49
NIOAdler32 8000 47
NIOAdler32 8000 49
NIOAdler32 8000 49
NIOAdler32 8000 48
NIOAdler32 8000 47
NIOAdler32 8000 48
NIOAdler32 8000 48
NIOAdler32 8000 49
NIOAdler32 8000 47
NIOAdler32 8000 48
NIOAdler32 8000 48
NIOAdler32 8000 49
NIOAdler32 8000 48
NIOAdler32 8000 48
NIOAdler32 8000 48
NIOAdler32 8000 48
NIOAdler32 8000 56
NIOAdler32 8000 64
NIOAdler32 8000 64
NIOAdler32 8000 64
NIOAdler32 8000 64
NIOAdler32 8000 63
NIOAdler32 8000 64
NIOAdler32 8000 64
NIOAdler32 8000 64
NIOAdler32 8000 63
NIOAdler32 8000 63
NIOAdler32 8000 64
NIOAdler32 8000 63
NIOAdler32 8000 57
NIOAdler32 8000 48
NIOAdler32 8000 48
NIOAdler32 8000 47
NIOAdler32 8000 48
NIOAdler32 8000 48
NIOAdler32 8000 49
NIOAdler32 8000 48
NIOAdler32 8000 49
NIOAdler32 8000 48
NIOAdler32 8000 49
NIOAdler32 8000 48
NIOAdler32 8000 50
NIOAdler32 8000 47
NIOAdler32 8000 48
NIOAdler32 8000 47
NIOAdler32 8000 47
NIOAdler32 8000 48
NIOAdler32 8000 48
NIOAdler32 8000 48
NIOAdler32 8000 47
NIOAdler32 8000 48
NIOAdler32 8000 48
NIOAdler32 8000 47
NIOAdler32 8000 48
NIOAdler32 8000 47
NIOAdler32 8000 48
NIOAdler32 8000 48
NIOAdler32 8000 48
NIOAdler32 8000 49
NIOAdler32 8000 48
NIOAdler32 8000 49
NIOAdler32 8000 52
NIOAdler32 8000 61
NIOAdler32 8000 48
NIOAdler32 8000 50
NIOAdler32 8000 49
NIOAdler32 8000 49
NIOAdler32 8000 50
NIOAdler32 8000 49
NIOAdler32 8000 48
NIOAdler32 8000 56
NIOAdler32 8000 64
NIOAdler32 8000 63
NIOAdler32 8000 62
NIOAdler32 8000 49
NIOAdler32 8000 49
NIOAdler32 8000 48
NIOAdler32 8000 49
NIOAdler32 8000 47
NIOAdler32 8000 48
NIOAdler32 8000 47
NIOAdler32 8000 48
NIOAdler32 8000 48
NIOAdler32 8000 48
Noop 100 69
Noop 100 68
Noop 100 69
Noop 100 69
Noop 100 70
Noop 100 69
Noop 100 69
Noop 100 69
Noop 100 69
Noop 100 69
Noop 100 69
Noop 100 69
Noop 100 70
Noop 100 69
Noop 100 69
Noop 100 69
Noop 100 69
Noop 100 69
Noop 100 70
Noop 100 70
Noop 100 70
Noop 100 70
Noop 100 69
Noop 100 69
Noop 100 70
Noop 100 70
Noop 100 69
Noop 100 69
Noop 100 70
Noop 100 70
Noop 100 70
Noop 100 69
Noop 100 70
Noop 100 70
Noop 100 70
Noop 100 19
Noop 100 66
Noop 100 69
Noop 100 69
Noop 100 69
Noop 100 69
Noop 100 69
Noop 100 69
Noop 100 69
Noop 100 69
Noop 100 69
Noop 100 70
Noop 100 69
Noop 100 69
Noop 100 69
Noop 100 69
Noop 100 69
Noop 100 69
Noop 100 69
Noop 100 69
Noop 100 69
Noop 100 68
Noop 100 69
Noop 100 69
Noop 100 69
Noop 100 68
Noop 100 69
Noop 100 68
Noop 100 69
Noop 100 69
Noop 100 69
Noop 100 69
Noop 100 69
Noop 100 69
Noop 100 69
Noop 100 68
Noop 100 69
Noop 100 69
Noop 100 68
Noop 100 69
Noop 100 69
Noop 100 70
Noop 100 69
Noop 100 69
Noop 100 69
Noop 100 69
Noop 100 70
Noop 100 69
Noop 100 69
Noop 100 69
Noop 100 69
Noop 100 69
Noop 100 69
Noop 100 69
Noop 100 69
Noop 100 69
Noop 100 69
Noop 100 70
Noop 100 68
Noop 100 69
Noop 100 69
Noop 100 69
Noop 100 69
Noop 100 68
Noop 100 69
Noop 100 69
Noop 100 69
Noop 100 69
Noop 100 68
Noop 100 69
Noop 100 70
Noop 100 69
Noop 100 68
Noop 100 68
Noop 100 69
Noop 100 68
Noop 100 69
Noop 100 69
Noop 100 69
Noop 100 69
Noop 100 69
Noop 100 69
Noop 100 68
Noop 100 69
Noop 100 68
Noop 100 68
Noop 100 68
Noop 100 69
Noop 100 69
Noop 100 68
Noop 100 69
Noop 100 69
Noop 100 69
Noop 100 68
Noop 100 68
Noop 100 69
Noop 100 69
Noop 100 69
Noop 100 69
Noop 100 68
Noop 100 69
Noop 100 69
Noop 100 69
Noop 100 70
Noop 100 69
Noop 100 69
Noop 100 69
Noop 100 69
Noop 100 69
Noop 100 69
Noop 100 69
Noop 100 68
Noop 100 69
Noop 100 69
Noop 100 69
Noop 100 70
Noop 100 69
Noop 100 69
Noop 100 69
Noop 100 69
Noop 100 69
Noop 100 69
Noop 100 69
Noop 100 69
Noop 100 70
Noop 100 69
Noop 100 69
Noop 100 69
Noop 100 69
Noop 100 69
Noop 100 69
Noop 100 69
Noop 100 69
Noop 100 69
Noop 100 69
Noop 100 69
Noop 100 69
Noop 100 69
Noop 100 69
Noop 100 69
Noop 100 69
Noop 100 69
Noop 100 69
Noop 100 69
Noop 100 69
Noop 100 69
Noop 100 69
Noop 100 69
Noop 100 69
Noop 100 69
Noop 100 69
Noop 100 68
Noop 100 68
Noop 100 69
Noop 100 69
Noop 100 69
Noop 100 69
Noop 100 69
Noop 100 69
Noop 100 69
Noop 100 68
Noop 100 69
Noop 100 69
Noop 100 69
Noop 100 69
Noop 100 69
Noop 100 69
Noop 100 69
Noop 100 70
Noop 100 68
Noop 100 69
Noop 100 69
Noop 100 69
Noop 100 69
Noop 100 69
Noop 100 69
Noop 100 69
Noop 100 69
Noop 100 69
Noop 100 69
Noop 100 69
Noop 100 69
Noop 100 69
Noop 100 69
Noop 100 69
Noop 100 68
Noop 100 68
Noop 100 69
Noop 100 69
Noop 100 69
Noop 100 69
Noop 16000 58
Noop 16000 59
Noop 16000 59
Noop 16000 61
Noop 16000 60
Noop 16000 58
Noop 16000 59
Noop 16000 61
Noop 16000 61
Noop 16000 61
Noop 16000 60
Noop 16000 60
Noop 16000 60
Noop 16000 61
Noop 16000 60
Noop 16000 60
Noop 16000 60
Noop 16000 60
Noop 16000 61
Noop 16000 61
Noop 16000 60
Noop 16000 61
Noop 16000 59
Noop 16000 60
Noop 16000 60
Noop 16000 61
Noop 16000 61
Noop 16000 63
Noop 16000 60
Noop 16000 61
Noop 16000 60
Noop 16000 61
Noop 16000 60
Noop 16000 61
Noop 16000 61
Noop 16000 60
Noop 16000 59
Noop 16000 61
Noop 16000 60
Noop 16000 60
Noop 16000 59
Noop 16000 61
Noop 16000 61
Noop 16000 60
Noop 16000 60
Noop 16000 60
Noop 16000 61
Noop 16000 61
Noop 16000 60
Noop 16000 59
Noop 16000 59
Noop 16000 60
Noop 16000 61
Noop 16000 58
Noop 16000 60
Noop 16000 59
Noop 16000 60
Noop 16000 58
Noop 16000 61
Noop 16000 59
Noop 16000 61
Noop 16000 60
Noop 16000 60
Noop 16000 58
Noop 16000 59
Noop 16000 59
Noop 16000 60
Noop 16000 59
Noop 16000 59
Noop 16000 59
Noop 16000 60
Noop 16000 60
Noop 16000 63
Noop 16000 64
Noop 16000 59
Noop 16000 61
Noop 16000 60
Noop 16000 60
Noop 16000 59
Noop 16000 61
Noop 16000 61
Noop 16000 61
Noop 16000 60
Noop 16000 59
Noop 16000 59
Noop 16000 59
Noop 16000 59
Noop 16000 58
Noop 16000 59
Noop 16000 59
Noop 16000 59
Noop 16000 60
Noop 16000 60
Noop 16000 61
Noop 16000 60
Noop 16000 60
Noop 16000 58
Noop 16000 59
Noop 16000 60
Noop 16000 58
Noop 16000 58
Noop 16000 59
Noop 16000 58
Noop 16000 58
Noop 16000 60
Noop 16000 61
Noop 16000 60
Noop 16000 60
Noop 16000 58
Noop 16000 60
Noop 16000 58
Noop 16000 58
Noop 16000 61
Noop 16000 60
Noop 16000 61
Noop 16000 60
Noop 16000 65
Noop 16000 65
Noop 16000 61
Noop 16000 59
Noop 16000 60
Noop 16000 60
Noop 16000 61
Noop 16000 60
Noop 16000 60
Noop 16000 60
Noop 16000 58
Noop 16000 60
Noop 16000 60
Noop 16000 60
Noop 16000 60
Noop 16000 60
Noop 16000 59
Noop 16000 61
Noop 16000 60
Noop 16000 60
Noop 16000 60
Noop 16000 59
Noop 16000 60
Noop 16000 60
Noop 16000 59
Noop 16000 58
Noop 16000 60
Noop 16000 60
Noop 16000 58
Noop 16000 59
Noop 16000 60
Noop 16000 60
Noop 16000 65
Noop 16000 64
Noop 16000 64
Noop 16000 65
Noop 16000 65
Noop 16000 64
Noop 16000 64
Noop 16000 64
Noop 16000 66
Noop 16000 65
Noop 16000 64
Noop 16000 65
Noop 16000 64
Noop 16000 65
Noop 16000 62
Noop 16000 59
Noop 16000 59
Noop 16000 60
Noop 16000 61
Noop 16000 58
Noop 16000 59
Noop 16000 59
Noop 16000 58
Noop 16000 59
Noop 16000 59
Noop 16000 59
Noop 16000 58
Noop 16000 57
Noop 16000 60
Noop 16000 59
Noop 16000 58
Noop 16000 60
Noop 16000 60
Noop 16000 58
Noop 16000 60
Noop 16000 59
Noop 16000 60
Noop 16000 59
Noop 16000 59
Noop 16000 60
Noop 16000 61
Noop 16000 60
Noop 16000 60
Noop 16000 60
Noop 16000 58
Noop 16000 58
Noop 16000 60
Noop 16000 61
Noop 16000 64
Noop 16000 64
Noop 16000 62
Noop 16000 59
Noop 16000 59
Noop 16000 60
Noop 16000 59
Noop 16000 58
Noop 16000 60
Noop 16000 59
Noop 16000 59
Noop 16000 60
Noop 16000 60
Noop 16000 59
Noop 16000 58
Noop 16000 60
Noop 16000 58
Noop 16000 60
Noop 16000 58
Noop 16000 60
Noop 16000 60
Noop 16000 60
Noop 16000 61
Noop 16000 59
Noop 16000 60
Noop 16000 59
Noop 16000 58
Noop 16000 59
Noop 16000 58
Noop 16000 58
Noop 32000 66
Noop 32000 66
Noop 32000 68
Noop 32000 67
Noop 32000 68
Noop 32000 68
Noop 32000 67
Noop 32000 67
Noop 32000 68
Noop 32000 68
Noop 32000 68
Noop 32000 67
Noop 32000 68
Noop 32000 68
Noop 32000 67
Noop 32000 67
Noop 32000 68
Noop 32000 68
Noop 32000 67
Noop 32000 67
Noop 32000 68
Noop 32000 68
Noop 32000 68
Noop 32000 69
Noop 32000 71
Noop 32000 71
Noop 32000 71
Noop 32000 71
Noop 32000 68
Noop 32000 67
Noop 32000 68
Noop 32000 68
Noop 32000 68
Noop 32000 67
Noop 32000 67
Noop 32000 69
Noop 32000 68
Noop 32000 68
Noop 32000 67
Noop 32000 70
Noop 32000 71
Noop 32000 70
Noop 32000 67
Noop 32000 66
Noop 32000 66
Noop 32000 67
Noop 32000 68
Noop 32000 66
Noop 32000 68
Noop 32000 68
Noop 32000 68
Noop 32000 68
Noop 32000 66
Noop 32000 68
Noop 32000 68
Noop 32000 68
Noop 32000 68
Noop 32000 67
Noop 32000 68
Noop 32000 68
Noop 32000 67
Noop 32000 69
Noop 32000 71
Noop 32000 70
Noop 32000 70
Noop 32000 68
Noop 32000 66
Noop 32000 68
Noop 32000 68
Noop 32000 68
Noop 32000 68
Noop 32000 68
Noop 32000 67
Noop 32000 68
Noop 32000 68
Noop 32000 68
Noop 32000 68
Noop 32000 68
Noop 32000 68
Noop 32000 66
Noop 32000 67
Noop 32000 66
Noop 32000 66
Noop 32000 67
Noop 32000 68
Noop 32000 66
Noop 32000 67
Noop 32000 67
Noop 32000 68
Noop 32000 68
Noop 32000 66
Noop 32000 65
Noop 32000 66
Noop 32000 67
Noop 32000 66
Noop 32000 65
Noop 32000 66
Noop 32000 68
Noop 32000 66
Noop 32000 66
Noop 32000 65
Noop 32000 68
Noop 32000 65
Noop 32000 66
Noop 32000 67
Noop 32000 68
Noop 32000 67
Noop 32000 65
Noop 32000 66
Noop 32000 68
Noop 32000 67
Noop 32000 67
Noop 32000 67
Noop 32000 67
Noop 32000 68
Noop 32000 66
Noop 32000 67
Noop 32000 65
Noop 32000 67
Noop 32000 64
Noop 32000 65
Noop 32000 67
Noop 32000 67
Noop 32000 68
Noop 32000 67
Noop 32000 67
Noop 32000 68
Noop 32000 67
Noop 32000 67
Noop 32000 67
Noop 32000 67
Noop 32000 67
Noop 32000 67
Noop 32000 67
Noop 32000 66
Noop 32000 67
Noop 32000 67
Noop 32000 67
Noop 32000 66
Noop 32000 66
Noop 32000 68
Noop 32000 67
Noop 32000 67
Noop 32000 66
Noop 32000 67
Noop 32000 68
Noop 32000 68
Noop 32000 67
Noop 32000 66
Noop 32000 67
Noop 32000 66
Noop 32000 67
Noop 32000 66
Noop 32000 67
Noop 32000 68
Noop 32000 68
Noop 32000 67
Noop 32000 68
Noop 32000 67
Noop 32000 66
Noop 32000 66
Noop 32000 67
Noop 32000 68
Noop 32000 70
Noop 32000 67
Noop 32000 67
Noop 32000 65
Noop 32000 66
Noop 32000 67
Noop 32000 66
Noop 32000 66
Noop 32000 65
Noop 32000 67
Noop 32000 67
Noop 32000 67
Noop 32000 67
Noop 32000 67
Noop 32000 66
Noop 32000 65
Noop 32000 65
Noop 32000 66
Noop 32000 66
Noop 32000 66
Noop 32000 68
Noop 32000 66
Noop 32000 67
Noop 32000 67
Noop 32000 66
Noop 32000 67
Noop 32000 66
Noop 32000 68
Noop 32000 70
Noop 32000 65
Noop 32000 67
Noop 32000 66
Noop 32000 66
Noop 32000 67
Noop 32000 66
Noop 32000 67
Noop 32000 67
Noop 32000 67
Noop 32000 65
Noop 32000 68
Noop 32000 69
Noop 32000 69
Noop 32000 70
Noop 32000 68
Noop 32000 68
Noop 32000 69
Noop 32000 69
Noop 32000 68
Noop 32000 70
Noop 32000 69
Noop 32000 67
Noop 32000 66
Noop 32000 66
Noop 32000 67
Noop 32000 69
Noop 32000 69
Noop 32000 68
Noop 32000 70
Noop 32000 69
Noop 32000 67
Noop 32000 66
Noop 32000 66
Noop 32000 66
Noop 48000 71
Noop 48000 71
Noop 48000 71
Noop 48000 71
Noop 48000 71
Noop 48000 71
Noop 48000 71
Noop 48000 72
Noop 48000 72
Noop 48000 70
Noop 48000 71
Noop 48000 72
Noop 48000 71
Noop 48000 72
Noop 48000 71
Noop 48000 71
Noop 48000 72
Noop 48000 71
Noop 48000 71
Noop 48000 72
Noop 48000 72
Noop 48000 71
Noop 48000 72
Noop 48000 71
Noop 48000 71
Noop 48000 71
Noop 48000 72
Noop 48000 73
Noop 48000 73
Noop 48000 74
Noop 48000 73
Noop 48000 71
Noop 48000 71
Noop 48000 70
Noop 48000 70
Noop 48000 70
Noop 48000 70
Noop 48000 69
Noop 48000 71
Noop 48000 71
Noop 48000 71
Noop 48000 70
Noop 48000 70
Noop 48000 72
Noop 48000 70
Noop 48000 69
Noop 48000 71
Noop 48000 71
Noop 48000 71
Noop 48000 71
Noop 48000 71
Noop 48000 71
Noop 48000 71
Noop 48000 70
Noop 48000 71
Noop 48000 72
Noop 48000 71
Noop 48000 70
Noop 48000 71
Noop 48000 71
Noop 48000 71
Noop 48000 71
Noop 48000 71
Noop 48000 72
Noop 48000 73
Noop 48000 74
Noop 48000 73
Noop 48000 73
Noop 48000 73
Noop 48000 72
Noop 48000 73
Noop 48000 73
Noop 48000 73
Noop 48000 73
Noop 48000 73
Noop 48000 73
Noop 48000 73
Noop 48000 73
Noop 48000 71
Noop 48000 73
Noop 48000 72
Noop 48000 73
Noop 48000 72
Noop 48000 71
Noop 48000 72
Noop 48000 71
Noop 48000 70
Noop 48000 69
Noop 48000 70
Noop 48000 71
Noop 48000 70
Noop 48000 70
Noop 48000 70
Noop 48000 70
Noop 48000 70
Noop 48000 69
Noop 48000 69
Noop 48000 70
Noop 48000 71
Noop 48000 70
Noop 48000 69
Noop 48000 70
Noop 48000 70
Noop 48000 69
Noop 48000 69
Noop 48000 71
Noop 48000 72
Noop 48000 71
Noop 48000 71
Noop 48000 69
Noop 48000 70
Noop 48000 69
Noop 48000 70
Noop 48000 70
Noop 48000 71
Noop 48000 70
Noop 48000 69
Noop 48000 69
Noop 48000 70
Noop 48000 70
Noop 48000 71
Noop 48000 70
Noop 48000 70
Noop 48000 70
Noop 48000 70
Noop 48000 71
Noop 48000 70
Noop 48000 70
Noop 48000 70
Noop 48000 71
Noop 48000 70
Noop 48000 72
Noop 48000 72
Noop 48000 72
Noop 48000 72
Noop 48000 72
Noop 48000 70
Noop 48000 71
Noop 48000 70
Noop 48000 70
Noop 48000 70
Noop 48000 71
Noop 48000 70
Noop 48000 71
Noop 48000 70
Noop 48000 70
Noop 48000 70
Noop 48000 70
Noop 48000 70
Noop 48000 70
Noop 48000 71
Noop 48000 71
Noop 48000 72
Noop 48000 70
Noop 48000 70
Noop 48000 69
Noop 48000 70
Noop 48000 68
Noop 48000 68
Noop 48000 70
Noop 48000 70
Noop 48000 69
Noop 48000 70
Noop 48000 70
Noop 48000 70
Noop 48000 70
Noop 48000 70
Noop 48000 68
Noop 48000 69
Noop 48000 70
Noop 48000 70
Noop 48000 69
Noop 48000 69
Noop 48000 69
Noop 48000 68
Noop 48000 68
Noop 48000 69
Noop 48000 70
Noop 48000 69
Noop 48000 70
Noop 48000 71
Noop 48000 69
Noop 48000 70
Noop 48000 70
Noop 48000 70
Noop 48000 70
Noop 48000 69
Noop 48000 70
Noop 48000 71
Noop 48000 70
Noop 48000 70
Noop 48000 69
Noop 48000 70
Noop 48000 70
Noop 48000 69
Noop 48000 71
Noop 48000 69
Noop 48000 69
Noop 48000 70
Noop 48000 70
Noop 48000 69
Noop 48000 68
Noop 48000 69
Noop 48000 70
Noop 48000 69
Noop 48000 68
Noop 48000 69
Noop 48000 70
Noop 48000 72
Noop 48000 71
Noop 48000 72
Noop 48000 70
Noop 48000 69
Noop 48000 68
Noop 48000 68
Noop 48000 70
Noop 48000 70
Noop 48000 69
Noop 48000 69
Noop 48000 69
Noop 48000 71
Noop 48000 70
Noop 48000 69
Noop 48000 68
Noop 48000 70
Noop 48000 69
Noop 8000 64
Noop 8000 63
Noop 8000 64
Noop 8000 63
Noop 8000 64
Noop 8000 63
Noop 8000 63
Noop 8000 63
Noop 8000 63
Noop 8000 49
Noop 8000 48
Noop 8000 55
Noop 8000 64
Noop 8000 64
Noop 8000 64
Noop 8000 63
Noop 8000 64
Noop 8000 64
Noop 8000 64
Noop 8000 63
Noop 8000 64
Noop 8000 64
Noop 8000 64
Noop 8000 64
Noop 8000 64
Noop 8000 64
Noop 8000 64
Noop 8000 57
Noop 8000 49
Noop 8000 49
Noop 8000 49
Noop 8000 49
Noop 8000 49
Noop 8000 49
Noop 8000 49
Noop 8000 62
Noop 8000 64
Noop 8000 64
Noop 8000 64
Noop 8000 64
Noop 8000 53
Noop 8000 49
Noop 8000 49
Noop 8000 50
Noop 8000 49
Noop 8000 49
Noop 8000 50
Noop 8000 50
Noop 8000 49
Noop 8000 50
Noop 8000 50
Noop 8000 48
Noop 8000 48
Noop 8000 49
Noop 8000 50
Noop 8000 51
Noop 8000 49
Noop 8000 63
Noop 8000 50
Noop 8000 48
Noop 8000 51
Noop 8000 49
Noop 8000 50
Noop 8000 50
Noop 8000 51
Noop 8000 49
Noop 8000 49
Noop 8000 59
Noop 8000 63
Noop 8000 63
Noop 8000 64
Noop 8000 63
Noop 8000 64
Noop 8000 64
Noop 8000 64
Noop 8000 64
Noop 8000 64
Noop 8000 51
Noop 8000 49
Noop 8000 50
Noop 8000 53
Noop 8000 50
Noop 8000 48
Noop 8000 49
Noop 8000 49
Noop 8000 49
Noop 8000 50
Noop 8000 49
Noop 8000 62
Noop 8000 64
Noop 8000 49
Noop 8000 49
Noop 8000 49
Noop 8000 49
Noop 8000 48
Noop 8000 48
Noop 8000 50
Noop 8000 56
Noop 8000 64
Noop 8000 64
Noop 8000 63
Noop 8000 64
Noop 8000 63
Noop 8000 63
Noop 8000 63
Noop 8000 63
Noop 8000 63
Noop 8000 63
Noop 8000 63
Noop 8000 64
Noop 8000 64
Noop 8000 63
Noop 8000 63
Noop 8000 63
Noop 8000 64
Noop 8000 63
Noop 8000 63
Noop 8000 63
Noop 8000 64
Noop 8000 63
Noop 8000 63
Noop 8000 63
Noop 8000 64
Noop 8000 63
Noop 8000 63
Noop 8000 63
Noop 8000 63
Noop 8000 58
Noop 8000 50
Noop 8000 48
Noop 8000 48
Noop 8000 50
Noop 8000 50
Noop 8000 50
Noop 8000 49
Noop 8000 49
Noop 8000 49
Noop 8000 50
Noop 8000 48
Noop 8000 49
Noop 8000 48
Noop 8000 49
Noop 8000 50
Noop 8000 49
Noop 8000 49
Noop 8000 50
Noop 8000 49
Noop 8000 49
Noop 8000 50
Noop 8000 49
Noop 8000 48
Noop 8000 50
Noop 8000 49
Noop 8000 48
Noop 8000 49
Noop 8000 50
Noop 8000 48
Noop 8000 50
Noop 8000 48
Noop 8000 49
Noop 8000 49
Noop 8000 48
Noop 8000 50
Noop 8000 49
Noop 8000 49
Noop 8000 50
Noop 8000 49
Noop 8000 49
Noop 8000 49
Noop 8000 50
Noop 8000 48
Noop 8000 49
Noop 8000 49
Noop 8000 49
Noop 8000 48
Noop 8000 49
Noop 8000 48
Noop 8000 48
Noop 8000 50
Noop 8000 50
Noop 8000 50
Noop 8000 49
Noop 8000 48
Noop 8000 49
Noop 8000 47
Noop 8000 50
Noop 8000 50
Noop 8000 49
Noop 8000 48
Noop 8000 49
Noop 8000 48
Noop 8000 49
Noop 8000 48
Noop 8000 49
Noop 8000 49
Noop 8000 50
Noop 8000 49
Noop 8000 49
Noop 8000 49
Noop 8000 48
Noop 8000 49
Noop 8000 49
Noop 8000 50
Noop 8000 64
Noop 8000 64
Noop 8000 63
Noop 8000 64
Noop 8000 63
Noop 8000 63
Noop 8000 64
Noop 8000 57
Noop 8000 60
Noop 8000 63
Noop 8000 63
Noop 8000 63
Noop 8000 64
Noop 8000 63
Noop 8000 63
Noop 8000 63
Noop 8000 64
Noop 8000 51
Noop 8000 49
Noop 8000 48
Noop 8000 49
Noop 8000 48
Noop 8000 47
