Aggregates
   Checksummer MsgSize   MeanMPS     MeanSD
1      Adler32     100 1566.9490  75.472750
2      Adler32   16000 1008.6210  16.348570
3      Adler32   32000  636.4199  13.987400
4      Adler32   48000  510.9026   5.504120
5      Adler32    8000 1517.8050  62.805050
6     Baseline     100 1744.1490 551.718500
7     Baseline   16000  985.5977  20.071730
8     Baseline   32000  607.5349  14.296820
9     Baseline   48000  501.8886   5.869611
10    Baseline    8000 1506.4740  54.242950
11  NIOAdler32     100 1554.1790  21.687200
12  NIOAdler32   16000 1015.5910  18.732910
13  NIOAdler32   32000  633.5435  12.427760
14  NIOAdler32   48000  511.5080   5.663038
15  NIOAdler32    8000 1515.9720  76.679630
16        Noop     100 1576.3490  81.030580
17        Noop   16000 1004.5360  17.088890
18        Noop   32000  634.9240  13.434820
19        Noop   48000  508.1990   5.570893
20        Noop    8000 1489.2310  65.371080
--------------------------------------------------------------------
Avg Messages Received per Second by Checksummer and Message Size
                100     8000     16000    32000    48000
Adler32    1566.949 1517.805 1008.6210 636.4199 510.9026
Baseline   1744.149 1506.474  985.5977 607.5349 501.8886
NIOAdler32 1554.179 1515.972 1015.5910 633.5435 511.5080
Noop       1576.349 1489.231 1004.5360 634.9240 508.1990
Std Dev Messages Received per Second by Checksummer and Message Size
                 100     8000    16000    32000    48000
Adler32     75.47275 62.80505 16.34857 13.98740 5.504120
Baseline   551.71850 54.24295 20.07173 14.29682 5.869611
NIOAdler32  21.68720 76.67963 18.73291 12.42776 5.663038
Noop        81.03058 65.37108 17.08889 13.43482 5.570893
--------------------------------------------------------------------
Percentage Gain or Loss for Msgs per Sec for Java7 vs Java6
       100       8000      16000      32000      48000 
11.3086003 -0.7465386 -2.2826513 -4.5386701 -1.7643285 
--------------------------------------------------------------------
VMStats by Checksummer and Message Size
                100     8000    16000    32000    48000
Adler32    69.18142 51.93805 60.16814 67.07080 70.67257
Baseline   65.55310 52.68584 61.09735 68.98673 71.32301
NIOAdler32 69.40265 51.87168 59.51327 67.46018 70.21239
Noop       68.74779 54.79204 60.07522 67.27876 70.49115

Percentage Savings in CPU for Adler32
       100       8000      16000      32000      48000 
-5.5349308  1.4193332  1.5208575  2.7772433  0.9119672 

Percentage Savings in CPU for NIOAdler32
      100      8000     16000     32000     48000 
-5.872427  1.545309  2.592700  2.212815  1.557169 
--------------------------------------------------------------------
